[35m[XCUITest][39m Error starting iproxy: 'The port #8100 is occupied by an other app. You can customize its value by setting the 'wdaLocalPort' capability.'
[35m[XCUITest][39m Error starting iproxy: 'The port #8100 is occupied by an other app. You can customize its value by setting the 'wdaLocalPort' capability.'
[35m[XCUITest][39m Error: Unable to launch WebDriverAgent because of xcodebuild failure: Unable to start iproxy. Make sure libusbmuxd is installed and PATH contains the folder, where the binary is located.. Make sure you follow the tutorial at https://github.com/appium/appium-xcuitest-driver/blob/master/docs/real-device-config.md. Try to remove the WebDriverAgentRunner application from the device if it is installed and reboot the device.
[35m[XCUITest][39m     at quitAndUninstall (/Users/sureshvpatil/Downloads/Lilly_Framework/node_modules/appium/node_modules/appium-xcuitest-driver/lib/driver.js:501:15)
[35m[XCUITest][39m Error starting iproxy: 'The port #8100 is occupied by an other app. You can customize its value by setting the 'wdaLocalPort' capability.'
[35m[XCUITest][39m Error starting iproxy: 'The port #8100 is occupied by an other app. You can customize its value by setting the 'wdaLocalPort' capability.'
[35m[XCUITest][39m Error: Unable to launch WebDriverAgent because of xcodebuild failure: Unable to start iproxy. Make sure libusbmuxd is installed and PATH contains the folder, where the binary is located.. Make sure you follow the tutorial at https://github.com/appium/appium-xcuitest-driver/blob/master/docs/real-device-config.md. Try to remove the WebDriverAgentRunner application from the device if it is installed and reboot the device.
[35m[XCUITest][39m     at quitAndUninstall (/Users/sureshvpatil/Downloads/Lilly_Framework/node_modules/appium/node_modules/appium-xcuitest-driver/lib/driver.js:501:15)
[35m[Xcode][39m 2019-10-17 17:38:20.896 xcodebuild[7716:840205] Error writing xctestrun file: Error Domain=NSCocoaErrorDomain Code=4 "The folder ‚ÄúWebDriverAgentRunner_iphoneos12.4-arm64e.xctestrun‚Äù doesn‚Äôt exist." UserInfo={NSFilePath=/Users/sureshvpatil/Library/Developer/Xcode/DerivedData/WebDriverAgent-ftzxtktydrajofedblbewsaonltf/Build/Products/WebDriverAgentRunner_iphoneos12.4-arm64e.xctestrun, NSUserStringVariant=Folder, NSUnderlyingError=0x7fdb85680c50 {Error Domain=NSPOSIXErrorDomain Code=2 "No such file or directory"}}
[35m[Xcode][39m 
[35m[Xcode][39m 2019-10-17 17:38:20.896 xcodebuild[7716:840205] Error writing xctestrun file: Error Domain=NSCocoaErrorDomain Code=4 "The folder ‚ÄúWebDriverAgentRunner_iphoneos12.4-arm64e.xctestrun‚Äù doesn‚Äôt exist." UserInfo={NSFilePath=/Users/sureshvpatil/Library/Developer/Xcode/DerivedData/WebDriverAgent-ftzxtktydrajofedblbewsaonltf/Build/Products/WebDriverAgentRunner_iphoneos12.4-arm64e.xctestrun, NSUserStringVariant=Folder, NSUnderlyingError=0x7fdb857ef060 {Error Domain=NSPOSIXErrorDomain Code=2 "No such file or directory"}}
[35m[Xcode][39m ** TEST BUILD FAILED **
[35m[Xcode][39m 
[35m[Xcode][39m 
[35m[Xcode][39m 2019-10-17 17:38:20.906 xcodebuild[7716:840210]  IDETestOperationsObserverDebug: Writing diagnostic log for test session to:
[35m[Xcode][39m /Users/sureshvpatil/Library/Developer/Xcode/DerivedData/WebDriverAgent-ftzxtktydrajofedblbewsaonltf/Logs/Test/Test-WebDriverAgentRunner-2019.10.17_17-38-20-+0530.xcresult/2_Test/Diagnostics/WebDriverAgentRunner-D33B802E-AA9D-49C8-B5A2-9D34992E5DB6/WebDriverAgentRunner-DD3B38BC-EB8F-4CD6-952C-A74C1D2AFCCF/Session-WebDriverAgentRunner-2019-10-17_173820-kzTsK5.log
[35m[Xcode][39m 
[35m[Xcode][39m 2019-10-17 17:38:20.906 xcodebuild[7716:840203] [MT] IDETestOperationsObserverDebug: (59F0ED0D-EF99-4FF0-8695-BFB7B5539D7B) Beginning test session WebDriverAgentRunner-59F0ED0D-EF99-4FF0-8695-BFB7B5539D7B at 2019-10-17 17:38:20.906 with Xcode 10G8 on target üì±<DVTiOSDevice (0x7fdb89a03dc0), Xs black, iPhone, 12.3.1 (16F203), 00008020-001E14A622FA002E> {
[35m[Xcode][39m 		deviceSerialNumber:         G6TXQ76KKPH4
[35m[Xcode][39m 		identifier:                 00008020-001E14A622FA002E
[35m[Xcode][39m 		deviceClass:                iPhone
[35m[Xcode][39m 		deviceName:                 Xs black
[35m[Xcode][39m 		deviceIdentifier:           00008020-001E14A622FA002E
[35m[Xcode][39m 		productVersion:             12.3.1
[35m[Xcode][39m 		buildVersion:               16F203
[35m[Xcode][39m 		deviceSoftwareVersion:      12.3.1 (16F203)
[35m[Xcode][39m 		deviceArchitecture:         arm64e
[35m[Xcode][39m 		deviceTotalCapacity:        251353055232
[35m[Xcode][39m 		deviceAvailableCapacity:    245774393344
[35m[Xcode][39m 		deviceIsTransient:          NO
[35m[Xcode][39m 		ignored:                    NO
[35m[Xcode][39m 		deviceIsBusy:               NO
[35m[Xcode][39m 		deviceIsPaired:             YES
[35m[Xcode][39m 		deviceIsActivated:          YES
[35m[Xcode][39m 		deviceActivationState:      Activated
[35m[Xcode][39m 		isPasscodeLocked:           NO
[35m[Xcode][39m 		deviceType:                 <DVTDeviceType:0x7fdb85674590 Xcode.DeviceType.iPhone>
[35m[Xcode][39m 		supportedDeviceFamilies:    (
[35m[Xcode][39m     1
[35m[Xcode][39m )
[35m[Xcode][39m 		applications:              (null)
[35m[Xcode][39m 		provisioningProfiles:      (null)
[35m[Xcode][39m 		hasInternalSupport:        NO
[35m[Xcode][39m 		isSupportedOS:             YES
[35m[Xcode][39m 		developerDiskMountError:   (null)
[35m[Xcode][39m (null)
[35m[Xcode][39m 	bootArgs:                  (null)
[35m[Xcode][39m 		nextBootArgs:              (null)
[35m[Xcode][39m 		connected:                 yes
[35m[Xcode][39m 		isWirelessEnabled:         no
[35m[Xcode][39m 		connectionType:            direct
[35m[Xcode][39m 		hostname:                  Xs-black.local.
[35m[Xcode][39m 		bonjourServiceName:        90:e1:7b:80:91:85@fe80::92e1:7bff:fe80:9185._apple-mobdev2._tcp.local.
[35m[Xcode][39m 		} (12.3.1 (16F203))
[35m[Xcode][39m 
[35m[Xcode][39m 2019-10-17 17:38:20.993 xcodebuild[7716:840203] [MT] IDETestOperationsObserverDebug: (59F0ED0D-EF99-4FF0-8695-BFB7B5539D7B) Finished requesting crash reports. Continuing with testing.
[35m[Xcode][39m 
[35m[Xcode][39m 
[35m[Xcode][39m 
[35m[Xcode][39m *** If you believe this error represents a bug, please attach the result bundle at /Users/sureshvpatil/Library/Developer/Xcode/DerivedData/WebDriverAgent-ftzxtktydrajofedblbewsaonltf/Logs/Test/Test-WebDriverAgentRunner-2019.10.17_17-38-20-+0530.xcresult
[35m[Xcode][39m 
[35m[Xcode][39m 
[35m[Xcode][39m 2019-10-17 17:38:21.021 xcodebuild[7716:840203] [MT] IDETestOperationsObserverDebug: 0.118 elapsed -- Testing started completed.
[35m[Xcode][39m 
[35m[Xcode][39m 2019-10-17 17:38:21.021 xcodebuild[7716:840203] [MT] IDETestOperationsObserverDebug: 0.000 sec, +0.000 sec -- start
[35m[Xcode][39m 2019-10-17 17:38:21.021 xcodebuild[7716:840203] [MT] IDETestOperationsObserverDebug: 0.118 sec, +0.118 sec -- end
[35m[Xcode][39m 2019-10-17 17:38:21.021 xcodebuild[7716:840203] Error Domain=NSCocoaErrorDomain Code=260 "The file ‚ÄúWebDriverAgentRunner-Runner.app‚Äù couldn‚Äôt be opened because there is no such file." UserInfo={NSFilePath=/Users/sureshvpatil/Library/Developer/Xcode/DerivedData/WebDriverAgent-ftzxtktydrajofedblbewsaonltf/Build/Products/Debug-iphoneos/WebDriverAgentRunner-Runner.app, NSUnderlyingError=0x7fdb89b6e520 {Error Domain=NSPOSIXErrorDomain Code=2 "No such file or directory"}}
[35m[Xcode][39m 
[35m[Xcode][39m 
[35m[Xcode][39m Testing failed:
[35m[Xcode][39m 
[35m[Xcode][39m 	An empty identity is not valid when signing a binary for the product type 'UI Testing Bundle'. (in target 'WebDriverAgentRunner')
[35m[Xcode][39m 	WebDriverAgentRunner:
[35m[Xcode][39m 		WebDriverAgentRunner-Runner.app encountered an error (Failed to install or launch the test runner. (Underlying error: The file ‚ÄúWebDriverAgentRunner-Runner.app‚Äù couldn‚Äôt be opened because there is no such file. The file doesn‚Äôt exist. (Underlying error: The operation couldn‚Äôt be completed. No such file or directory)))
[35m[Xcode][39m 
[35m[Xcode][39m Test session results and logs:
[35m[Xcode][39m 	/Users/sureshvpatil/Library/Developer/Xcode/DerivedData/WebDriverAgent-ftzxtktydrajofedblbewsaonltf/Logs/Test/Test-WebDriverAgentRunner-2019.10.17_17-38-20-+0530.xcresult
[35m[Xcode][39m 
[35m[Xcode][39m ** TEST EXECUTE FAILED **
[35m[Xcode][39m 
[35m[Xcode][39m 
[35m[Xcode][39m Testing started on 'Xs black'
[35m[Xcode][39m 
[35m[XCUITest][39m xcodebuild exited with code '65' and signal 'null'
[35m[Xcode][39m 2019-10-17 17:38:22.687 xcodebuild[7724:840287] Error writing xctestrun file: Error Domain=NSCocoaErrorDomain Code=4 "The folder ‚ÄúWebDriverAgentRunner_iphoneos12.4-arm64e.xctestrun‚Äù doesn‚Äôt exist." UserInfo={NSFilePath=/Users/sureshvpatil/Library/Developer/Xcode/DerivedData/WebDriverAgent-ftzxtktydrajofedblbewsaonltf/Build/Products/WebDriverAgentRunner_iphoneos12.4-arm64e.xctestrun, NSUserStringVariant=Folder, NSUnderlyingError=0x7fed71649c50 {Error Domain=NSPOSIXErrorDomain Code=2 "No such file or directory"}}
[35m[Xcode][39m 
[35m[Xcode][39m 2019-10-17 17:38:22.687 xcodebuild[7724:840287] Error writing xctestrun file: Error Domain=NSCocoaErrorDomain Code=4 "The folder ‚ÄúWebDriverAgentRunner_iphoneos12.4-arm64e.xctestrun‚Äù doesn‚Äôt exist." UserInfo={NSFilePath=/Users/sureshvpatil/Library/Developer/Xcode/DerivedData/WebDriverAgent-ftzxtktydrajofedblbewsaonltf/Build/Products/WebDriverAgentRunner_iphoneos12.4-arm64e.xctestrun, NSUserStringVariant=Folder, NSUnderlyingError=0x7fed6d6f6fc0 {Error Domain=NSPOSIXErrorDomain Code=2 "No such file or directory"}}
[35m[Xcode][39m 
[35m[Xcode][39m ** TEST BUILD FAILED **
[35m[Xcode][39m 
[35m[Xcode][39m 
[35m[Xcode][39m 2019-10-17 17:38:22.696 xcodebuild[7724:840315]  IDETestOperationsObserverDebug: Writing diagnostic log for test session to:
[35m[Xcode][39m /Users/sureshvpatil/Library/Developer/Xcode/DerivedData/WebDriverAgent-ftzxtktydrajofedblbewsaonltf/Logs/Test/Test-WebDriverAgentRunner-2019.10.17_17-38-22-+0530.xcresult/2_Test/Diagnostics/WebDriverAgentRunner-0856C1AC-5920-412A-A35E-0837E36AB578/WebDriverAgentRunner-BC1F9019-5A4A-43DA-8D9C-440090EC8138/Session-WebDriverAgentRunner-2019-10-17_173822-TiB9fV.log
[35m[Xcode][39m 
[35m[Xcode][39m 2019-10-17 17:38:22.697 xcodebuild[7724:840282] [MT] IDETestOperationsObserverDebug: (3AEB379B-759E-4D95-9314-B1F1130C169E) Beginning test session WebDriverAgentRunner-3AEB379B-759E-4D95-9314-B1F1130C169E at 2019-10-17 17:38:22.697 with Xcode 10G8 on target üì±<DVTiOSDevice (0x7fed6eb83830), Xs black, iPhone, 12.3.1 (16F203), 00008020-001E14A622FA002E> {
[35m[Xcode][39m 		deviceSerialNumber:         G6TXQ76KKPH4
[35m[Xcode][39m 		identifier:                 00008020-001E14A622FA002E
[35m[Xcode][39m 		deviceClass:                iPhone
[35m[Xcode][39m 		deviceName:                 Xs black
[35m[Xcode][39m 		deviceIdentifier:           00008020-001E14A622FA002E
[35m[Xcode][39m 		productVersion:             12.3.1
[35m[Xcode][39m 		buildVersion:               16F203
[35m[Xcode][39m 		deviceSoftwareVersion:      12.3.1 (16F203)
[35m[Xcode][39m 		deviceArchitecture:         arm64e
[35m[Xcode][39m 		deviceTotalCapacity:        251353055232
[35m[Xcode][39m 		deviceAvailableCapacity:    245774528512
[35m[Xcode][39m 		deviceIsTransient:          NO
[35m[Xcode][39m 		ignored:                    NO
[35m[Xcode][39m 		deviceIsBusy:               NO
[35m[Xcode][39m 		deviceIsPaired:             YES
[35m[Xcode][39m 		deviceIsActivated:          YES
[35m[Xcode][39m 		deviceActivationState:      Activated
[35m[Xcode][39m 		isPasscodeLocked:           NO
[35m[Xcode][39m 		deviceType:                 <DVTDeviceType:0x7fed6d78ffe0 Xcode.DeviceType.iPhone>
[35m[Xcode][39m 		supportedDeviceFamilies:    (
[35m[Xcode][39m     1
[35m[Xcode][39m )
[35m[Xcode][39m 		applications:              (null)
[35m[Xcode][39m 		provisioningProfiles:      (null)
[35m[Xcode][39m 		hasInternalSupport:        NO
[35m[Xcode][39m 		isSupportedOS:             YES
[35m[Xcode][39m 		developerDiskMountError:   (null)
[35m[Xcode][39m (null)
[35m[Xcode][39m 	bootArgs:                  (null)
[35m[Xcode][39m 		nextBootArgs:              (null)
[35m[Xcode][39m 		connected:                 yes
[35m[Xcode][39m 		isWirelessEnabled:         no
[35m[Xcode][39m 		connectionType:            direct
[35m[Xcode][39m 		hostname:                  Xs-black.local.
[35m[Xcode][39m 		bonjourServiceName:        90:e1:7b:80:91:85@fe80::92e1:7bff:fe80:9185._apple-mobdev2._tcp.local.
[35m[Xcode][39m 		} (12.3.1 (16F203))
[35m[Xcode][39m 
[35m[Xcode][39m 2019-10-17 17:38:22.786 xcodebuild[7724:840282] [MT] IDETestOperationsObserverDebug: (3AEB379B-759E-4D95-9314-B1F1130C169E) Finished requesting crash reports. Continuing with testing.
[35m[Xcode][39m 
[35m[Xcode][39m 
[35m[Xcode][39m 
[35m[Xcode][39m *** If you believe this error represents a bug, please attach the result bundle at /Users/sureshvpatil/Library/Developer/Xcode/DerivedData/WebDriverAgent-ftzxtktydrajofedblbewsaonltf/Logs/Test/Test-WebDriverAgentRunner-2019.10.17_17-38-22-+0530.xcresult
[35m[Xcode][39m 
[35m[Xcode][39m 
[35m[Xcode][39m 2019-10-17 17:38:22.795 xcodebuild[7724:840282] [MT] IDETestOperationsObserverDebug: 0.102 elapsed -- Testing started completed.
[35m[Xcode][39m 
[35m[Xcode][39m 2019-10-17 17:38:22.795 xcodebuild[7724:840282] [MT] IDETestOperationsObserverDebug: 0.000 sec, +0.000 sec -- start
[35m[Xcode][39m 2019-10-17 17:38:22.795 xcodebuild[7724:840282] [MT] IDETestOperationsObserverDebug: 0.102 sec, +0.102 sec -- end
[35m[Xcode][39m 
[35m[Xcode][39m 2019-10-17 17:38:22.796 xcodebuild[7724:840282] Error Domain=NSCocoaErrorDomain Code=260 "The file ‚ÄúWebDriverAgentRunner-Runner.app‚Äù couldn‚Äôt be opened because there is no such file." UserInfo={NSFilePath=/Users/sureshvpatil/Library/Developer/Xcode/DerivedData/WebDriverAgent-ftzxtktydrajofedblbewsaonltf/Build/Products/Debug-iphoneos/WebDriverAgentRunner-Runner.app, NSUnderlyingError=0x7fed6d481190 {Error Domain=NSPOSIXErrorDomain Code=2 "No such file or directory"}}
[35m[Xcode][39m 
[35m[Xcode][39m 
[35m[Xcode][39m Testing failed:
[35m[Xcode][39m 
[35m[Xcode][39m 	An empty identity is not valid when signing a binary for the product type 'UI Testing Bundle'. (in target 'WebDriverAgentRunner')
[35m[Xcode][39m 	WebDriverAgentRunner:
[35m[Xcode][39m 		WebDriverAgentRunner-Runner.app encountered an error (Failed to install or launch the test runner. (Underlying error: The file ‚ÄúWebDriverAgentRunner-Runner.app‚Äù couldn‚Äôt be opened because there is no such file. The file doesn‚Äôt exist. (Underlying error: The operation couldn‚Äôt be completed. No such file or directory)))
[35m[Xcode][39m 
[35m[Xcode][39m Test session results and logs:
[35m[Xcode][39m 	/Users/sureshvpatil/Library/Developer/Xcode/DerivedData/WebDriverAgent-ftzxtktydrajofedblbewsaonltf/Logs/Test/Test-WebDriverAgentRunner-2019.10.17_17-38-22-+0530.xcresult
[35m[Xcode][39m 
[35m[Xcode][39m ** TEST EXECUTE FAILED **
[35m[Xcode][39m 
[35m[Xcode][39m 
[35m[Xcode][39m Testing started on 'Xs black'
[35m[Xcode][39m 
[35m[XCUITest][39m xcodebuild exited with code '65' and signal 'null'
[35m[XCUITest][39m Error: Unable to launch WebDriverAgent because of xcodebuild failure: xcodebuild failed with code 65
[35m[XCUITest][39m xcodebuild error message:
[35m[XCUITest][39m 
[35m[XCUITest][39m 2019-10-17 17:38:22.687 xcodebuild[7724:840287] Error writing xctestrun file: Error Domain=NSCocoaErrorDomain Code=4 "The folder ‚ÄúWebDriverAgentRunner_iphoneos12.4-arm64e.xctestrun‚Äù doesn‚Äôt exist." UserInfo={NSFilePath=/Users/sureshvpatil/Library/Developer/Xcode/DerivedData/WebDriverAgent-ftzxtktydrajofedblbewsaonltf/Build/Products/WebDriverAgentRunner_iphoneos12.4-arm64e.xctestrun, NSUserStringVariant=Folder, NSUnderlyingError=0x7fed71649c50 {Error Domain=NSPOSIXErrorDomain Code=2 "No such file or directory"}}
[35m[XCUITest][39m 2019-10-17 17:38:22.687 xcodebuild[7724:840287] Error writing xctestrun file: Error Domain=NSCocoaErrorDomain Code=4 "The folder ‚ÄúWebDriverAgentRunner_iphoneos12.4-arm64e.xctestrun‚Äù doesn‚Äôt exist." UserInfo={NSFilePath=/Users/sureshvpatil/Library/Developer/Xcode/DerivedData/WebDriverAgent-ftzxtktydrajofedblbewsaonltf/Build/Products/WebDriverAgentRunner_iphoneos12.4-arm64e.xctestrun, NSUserStringVariant=Folder, NSUnderlyingError=0x7fed6d6f6fc0 {Error Domain=NSPOSIXErrorDomain Code=2 "No such file or directory"}}
[35m[XCUITest][39m ** TEST BUILD FAILED **
[35m[XCUITest][39m 2019-10-17 17:38:22.696 xcodebuild[7724:840315]  IDETestOperationsObserverDebug: Writing diagnostic log for test session to:
[35m[XCUITest][39m /Users/sureshvpatil/Library/Developer/Xcode/DerivedData/WebDriverAgent-ftzxtktydrajofedblbewsaonltf/Logs/Test/Test-WebDriverAgentRunner-2019.10.17_17-38-22-+0530.xcresult/2_Test/Diagnostics/WebDriverAgentRunner-0856C1AC-5920-412A-A35E-0837E36AB578/WebDriverAgentRunner-BC1F9019-5A4A-43DA-8D9C-440090EC8138/Session-WebDriverAgentRunner-2019-10-17_173822-TiB9fV.log
[35m[XCUITest][39m 2019-10-17 17:38:22.697 xcodebuild[7724:840282] [MT] IDETestOperationsObserverDebug: (3AEB379B-759E-4D95-9314-B1F1130C169E) Beginning test session WebDriverAgentRunner-3AEB379B-759E-4D95-9314-B1F1130C169E at 2019-10-17 17:38:22.697 with Xcode 10G8 on target üì±<DVTiOSDevice (0x7fed6eb83830), Xs black, iPhone, 12.3.1 (16F203), 00008020-001E14A622FA002E> {
[35m[XCUITest][39m 		deviceSerialNumber:         G6TXQ76KKPH4
[35m[XCUITest][39m 		identifier:                 00008020-001E14A622FA002E
[35m[XCUITest][39m 		deviceClass:                iPhone
[35m[XCUITest][39m 		deviceName:                 Xs black
[35m[XCUITest][39m 		deviceIdentifier:           00008020-001E14A622FA002E
[35m[XCUITest][39m 		productVersion:             12.3.1
[35m[XCUITest][39m 		buildVersion:               16F203
[35m[XCUITest][39m 		deviceSoftwareVersion:      12.3.1 (16F203)
[35m[XCUITest][39m 		deviceArchitecture:         arm64e
[35m[XCUITest][39m 		deviceTotalCapacity:        251353055232
[35m[XCUITest][39m 		deviceAvailableCapacity:    245774528512
[35m[XCUITest][39m 		deviceIsTransient:          NO
[35m[XCUITest][39m 		ignored:                    NO
[35m[XCUITest][39m 		deviceIsBusy:               NO
[35m[XCUITest][39m 		deviceIsPaired:             YES
[35m[XCUITest][39m 		deviceIsActivated:          YES
[35m[XCUITest][39m 		deviceActivationState:      Activated
[35m[XCUITest][39m 		isPasscodeLocked:           NO
[35m[XCUITest][39m 		deviceType:                 <DVTDeviceType:0x7fed6d78ffe0 Xcode.DeviceType.iPhone>
[35m[XCUITest][39m 		supportedDeviceFamilies:    (
[35m[XCUITest][39m     1
[35m[XCUITest][39m )
[35m[XCUITest][39m 		applications:              (null)
[35m[XCUITest][39m 		provisioningProfiles:      (null)
[35m[XCUITest][39m 		hasInternalSupport:        NO
[35m[XCUITest][39m 		isSupportedOS:             YES
[35m[XCUITest][39m 		developerDiskMountError:   (null)
[35m[XCUITest][39m (null)
[35m[XCUITest][39m 	bootArgs:                  (null)
[35m[XCUITest][39m 		nextBootArgs:              (null)
[35m[XCUITest][39m 		connected:                 yes
[35m[XCUITest][39m 		isWirelessEnabled:         no
[35m[XCUITest][39m 		connectionType:            direct
[35m[XCUITest][39m 		hostname:                  Xs-black.local.
[35m[XCUITest][39m 		bonjourServiceName:        90:e1:7b:80:91:85@fe80::92e1:7bff:fe80:9185._apple-mobdev2._tcp.local.
[35m[XCUITest][39m 		} (12.3.1 (16F203))
[35m[XCUITest][39m 2019-10-17 17:38:22.786 xcodebuild[7724:840282] [MT] IDETestOperationsObserverDebug: (3AEB379B-759E-4D95-9314-B1F1130C169E) Finished requesting crash reports. Continuing with testing.
[35m[XCUITest][39m *** If you believe this error represents a bug, please attach the result bundle at /Users/sureshvpatil/Library/Developer/Xcode/DerivedData/WebDriverAgent-ftzxtktydrajofedblbewsaonltf/Logs/Test/Test-WebDriverAgentRunner-2019.10.17_17-38-22-+0530.xcresult
[35m[XCUITest][39m 2019-10-17 17:38:22.795 xcodebuild[7724:840282] [MT] IDETestOperationsObserverDebug: 0.102 elapsed -- Testing started completed.
[35m[XCUITest][39m 2019-10-17 17:38:22.795 xcodebuild[7724:840282] [MT] IDETestOperationsObserverDebug: 0.000 sec, +0.000 sec -- start
[35m[XCUITest][39m 2019-10-17 17:38:22.795 xcodebuild[7724:840282] [MT] IDETestOperationsObserverDebug: 0.102 sec, +0.102 sec -- end
[35m[XCUITest][39m 2019-10-17 17:38:22.796 xcodebuild[7724:840282] Error Domain=NSCocoaErrorDomain Code=260 "The file ‚ÄúWebDriverAgentRunner-Runner.app‚Äù couldn‚Äôt be opened because there is no such file." UserInfo={NSFilePath=/Users/sureshvpatil/Library/Developer/Xcode/DerivedData/WebDriverAgent-ftzxtktydrajofedblbewsaonltf/Build/Products/Debug-iphoneos/WebDriverAgentRunner-Runner.app, NSUnderlyingError=0x7fed6d481190 {Error Domain=NSPOSIXErrorDomain Code=2 "No such file or directory"}}
[35m[XCUITest][39m Testing failed:
[35m[XCUITest][39m 	An empty identity is not valid when signing a binary for the product type 'UI Testing Bundle'. (in target 'WebDriverAgentRunner')
[35m[XCUITest][39m 	WebDriverAgentRunner:
[35m[XCUITest][39m 		WebDriverAgentRunner-Runner.app encountered an error (Failed to install or launch the test runner. (Underlying error: The file ‚ÄúWebDriverAgentRunner-Runner.app‚Äù couldn‚Äôt be opened because there is no such file. The file doesn‚Äôt exist. (Underlying error: The operation couldn‚Äôt be completed. No such file or directory)))
[35m[XCUITest][39m Test session results and logs:
[35m[XCUITest][39m 	/Users/sureshvpatil/Library/Developer/Xcode/DerivedData/WebDriverAgent-ftzxtktydrajofedblbewsaonltf/Logs/Test/Test-WebDriverAgentRunner-2019.10.17_17-38-22-+0530.xcresult
[35m[XCUITest][39m ** TEST EXECUTE FAILED **
[35m[XCUITest][39m Testing started on 'Xs black'. Make sure you follow the tutorial at https://github.com/appium/appium-xcuitest-driver/blob/master/docs/real-device-config.md. Try to remove the WebDriverAgentRunner application from the device if it is installed and reboot the device.
[35m[XCUITest][39m     at quitAndUninstall (/Users/sureshvpatil/Downloads/Lilly_Framework/node_modules/appium/node_modules/appium-xcuitest-driver/lib/driver.js:501:15)
[35m[Xcode][39m 2019-10-17 18:42:21.516 xcodebuild[7965:862197] Error writing xctestrun file: Error Domain=NSCocoaErrorDomain Code=4 "The folder ‚ÄúWebDriverAgentRunner_iphoneos12.4-arm64e.xctestrun‚Äù doesn‚Äôt exist." UserInfo={NSFilePath=/Users/sureshvpatil/Library/Developer/Xcode/DerivedData/WebDriverAgent-ftzxtktydrajofedblbewsaonltf/Build/Products/WebDriverAgentRunner_iphoneos12.4-arm64e.xctestrun, NSUserStringVariant=Folder, NSUnderlyingError=0x7fdec0b30d10 {Error Domain=NSPOSIXErrorDomain Code=2 "No such file or directory"}}
[35m[Xcode][39m 
[35m[Xcode][39m 2019-10-17 18:42:21.516 xcodebuild[7965:862197] Error writing xctestrun file: Error Domain=NSCocoaErrorDomain Code=4 "The folder ‚ÄúWebDriverAgentRunner_iphoneos12.4-arm64e.xctestrun‚Äù doesn‚Äôt exist." UserInfo={NSFilePath=/Users/sureshvpatil/Library/Developer/Xcode/DerivedData/WebDriverAgent-ftzxtktydrajofedblbewsaonltf/Build/Products/WebDriverAgentRunner_iphoneos12.4-arm64e.xctestrun, NSUserStringVariant=Folder, NSUnderlyingError=0x7fdec0fcf6d0 {Error Domain=NSPOSIXErrorDomain Code=2 "No such file or directory"}}
[35m[Xcode][39m ** TEST BUILD FAILED **
[35m[Xcode][39m 
[35m[Xcode][39m 
[35m[Xcode][39m 2019-10-17 18:42:21.556 xcodebuild[7965:862199]  IDETestOperationsObserverDebug: Writing diagnostic log for test session to:
[35m[Xcode][39m /Users/sureshvpatil/Library/Developer/Xcode/DerivedData/WebDriverAgent-ftzxtktydrajofedblbewsaonltf/Logs/Test/Test-WebDriverAgentRunner-2019.10.17_18-42-21-+0530.xcresult/2_Test/Diagnostics/WebDriverAgentRunner-A2E6437C-7338-4C21-83E2-1D53093963BD/WebDriverAgentRunner-6BBA4110-6632-4922-8BB8-032F51BB24A5/Session-WebDriverAgentRunner-2019-10-17_184221-kkHu3W.log
[35m[Xcode][39m 
[35m[Xcode][39m 2019-10-17 18:42:21.563 xcodebuild[7965:862195] [MT] IDETestOperationsObserverDebug: (920C2B25-EFF2-4AD4-A158-CEC950413C9F) Beginning test session WebDriverAgentRunner-920C2B25-EFF2-4AD4-A158-CEC950413C9F at 2019-10-17 18:42:21.557 with Xcode 10G8 on target üì±<DVTiOSDevice (0x7fdec10099c0), Xs black, iPhone, 12.3.1 (16F203), 00008020-001E14A622FA002E> {
[35m[Xcode][39m 		deviceSerialNumber:         G6TXQ76KKPH4
[35m[Xcode][39m 		identifier:                 00008020-001E14A622FA002E
[35m[Xcode][39m 		deviceClass:                iPhone
[35m[Xcode][39m 		deviceName:                 Xs black
[35m[Xcode][39m 		deviceIdentifier:           00008020-001E14A622FA002E
[35m[Xcode][39m 		productVersion:             12.3.1
[35m[Xcode][39m 		buildVersion:               16F203
[35m[Xcode][39m 		deviceSoftwareVersion:      12.3.1 (16F203)
[35m[Xcode][39m 		deviceArchitecture:         arm64e
[35m[Xcode][39m 		deviceTotalCapacity:        251353055232
[35m[Xcode][39m 		deviceAvailableCapacity:    245771784192
[35m[Xcode][39m 		deviceIsTransient:          NO
[35m[Xcode][39m 		ignored:                    NO
[35m[Xcode][39m 		deviceIsBusy:               NO
[35m[Xcode][39m 		deviceIsPaired:             YES
[35m[Xcode][39m 		deviceIsActivated:          YES
[35m[Xcode][39m 		deviceActivationState:      Activated
[35m[Xcode][39m 		isPasscodeLocked:           NO
[35m[Xcode][39m 		deviceType:                 <DVTDeviceType:0x7fdec09b3620 Xcode.DeviceType.iPhone>
[35m[Xcode][39m 		supportedDeviceFamilies:    (
[35m[Xcode][39m     1
[35m[Xcode][39m )
[35m[Xcode][39m 		applications:              (null)
[35m[Xcode][39m 		provisioningProfiles:      (null)
[35m[Xcode][39m 		hasInternalSupport:        NO
[35m[Xcode][39m 		isSupportedOS:             YES
[35m[Xcode][39m 		developerDiskMountError:   (null)
[35m[Xcode][39m (null)
[35m[Xcode][39m 	bootArgs:                  (null)
[35m[Xcode][39m 		nextBootArgs:              (null)
[35m[Xcode][39m 		connected:                 yes
[35m[Xcode][39m 		isWirelessEnabled:         no
[35m[Xcode][39m 		connectionType:            direct
[35m[Xcode][39m 		hostname:                  Xs-black.local.
[35m[Xcode][39m 		bonjourServiceName:        90:e1:7b:80:91:85@fe80::92e1:7bff:fe80:9185._apple-mobdev2._tcp.local.
[35m[Xcode][39m 		} (12.3.1 (16F203))
[35m[Xcode][39m 
[35m[Xcode][39m 2019-10-17 18:42:21.643 xcodebuild[7965:862195] [MT] IDETestOperationsObserverDebug: (920C2B25-EFF2-4AD4-A158-CEC950413C9F) Finished requesting crash reports. Continuing with testing.
[35m[Xcode][39m 
[35m[Xcode][39m 
[35m[Xcode][39m 
[35m[Xcode][39m *** If you believe this error represents a bug, please attach the result bundle at /Users/sureshvpatil/Library/Developer/Xcode/DerivedData/WebDriverAgent-ftzxtktydrajofedblbewsaonltf/Logs/Test/Test-WebDriverAgentRunner-2019.10.17_18-42-21-+0530.xcresult
[35m[Xcode][39m 
[35m[Xcode][39m 
[35m[Xcode][39m 2019-10-17 18:42:21.653 xcodebuild[7965:862195] [MT] IDETestOperationsObserverDebug: 0.107 elapsed -- Testing started completed.
[35m[Xcode][39m 2019-10-17 18:42:21.653 xcodebuild[7965:862195] [MT] IDETestOperationsObserverDebug: 0.000 sec, +0.000 sec -- start
[35m[Xcode][39m 
[35m[Xcode][39m 2019-10-17 18:42:21.654 xcodebuild[7965:862195] [MT] IDETestOperationsObserverDebug: 0.107 sec, +0.106 sec -- end
[35m[Xcode][39m 2019-10-17 18:42:21.654 xcodebuild[7965:862195] Error Domain=NSCocoaErrorDomain Code=260 "The file ‚ÄúWebDriverAgentRunner-Runner.app‚Äù couldn‚Äôt be opened because there is no such file." UserInfo={NSFilePath=/Users/sureshvpatil/Library/Developer/Xcode/DerivedData/WebDriverAgent-ftzxtktydrajofedblbewsaonltf/Build/Products/Debug-iphoneos/WebDriverAgentRunner-Runner.app, NSUnderlyingError=0x7fdec1515f10 {Error Domain=NSPOSIXErrorDomain Code=2 "No such file or directory"}}
[35m[Xcode][39m 
[35m[Xcode][39m 
[35m[Xcode][39m Testing failed:
[35m[Xcode][39m 
[35m[Xcode][39m 	An empty identity is not valid when signing a binary for the product type 'UI Testing Bundle'. (in target 'WebDriverAgentRunner')
[35m[Xcode][39m 	WebDriverAgentRunner:
[35m[Xcode][39m 		WebDriverAgentRunner-Runner.app encountered an error (Failed to install or launch the test runner. (Underlying error: The file ‚ÄúWebDriverAgentRunner-Runner.app‚Äù couldn‚Äôt be opened because there is no such file. The file doesn‚Äôt exist. (Underlying error: The operation couldn‚Äôt be completed. No such file or directory)))
[35m[Xcode][39m 
[35m[Xcode][39m Test session results and logs:
[35m[Xcode][39m 	/Users/sureshvpatil/Library/Developer/Xcode/DerivedData/WebDriverAgent-ftzxtktydrajofedblbewsaonltf/Logs/Test/Test-WebDriverAgentRunner-2019.10.17_18-42-21-+0530.xcresult
[35m[Xcode][39m 
[35m[Xcode][39m ** TEST EXECUTE FAILED **
[35m[Xcode][39m 
[35m[Xcode][39m 
[35m[Xcode][39m Testing started on 'Xs black'
[35m[Xcode][39m 
[35m[XCUITest][39m xcodebuild exited with code '65' and signal 'null'
[35m[Xcode][39m 2019-10-17 18:42:23.323 xcodebuild[7973:862280] Error writing xctestrun file: Error Domain=NSCocoaErrorDomain Code=4 "The folder ‚ÄúWebDriverAgentRunner_iphoneos12.4-arm64e.xctestrun‚Äù doesn‚Äôt exist." UserInfo={NSFilePath=/Users/sureshvpatil/Library/Developer/Xcode/DerivedData/WebDriverAgent-ftzxtktydrajofedblbewsaonltf/Build/Products/WebDriverAgentRunner_iphoneos12.4-arm64e.xctestrun, NSUserStringVariant=Folder, NSUnderlyingError=0x7fc2fc240a40 {Error Domain=NSPOSIXErrorDomain Code=2 "No such file or directory"}}
[35m[Xcode][39m 
[35m[Xcode][39m 2019-10-17 18:42:23.323 xcodebuild[7973:862280] Error writing xctestrun file: Error Domain=NSCocoaErrorDomain Code=4 "The folder ‚ÄúWebDriverAgentRunner_iphoneos12.4-arm64e.xctestrun‚Äù doesn‚Äôt exist." UserInfo={NSFilePath=/Users/sureshvpatil/Library/Developer/Xcode/DerivedData/WebDriverAgent-ftzxtktydrajofedblbewsaonltf/Build/Products/WebDriverAgentRunner_iphoneos12.4-arm64e.xctestrun, NSUserStringVariant=Folder, NSUnderlyingError=0x7fc2fc483010 {Error Domain=NSPOSIXErrorDomain Code=2 "No such file or directory"}}
[35m[Xcode][39m 
[35m[Xcode][39m ** TEST BUILD FAILED **
[35m[Xcode][39m 
[35m[Xcode][39m 
[35m[Xcode][39m 2019-10-17 18:42:23.332 xcodebuild[7973:862285]  IDETestOperationsObserverDebug: Writing diagnostic log for test session to:
[35m[Xcode][39m /Users/sureshvpatil/Library/Developer/Xcode/DerivedData/WebDriverAgent-ftzxtktydrajofedblbewsaonltf/Logs/Test/Test-WebDriverAgentRunner-2019.10.17_18-42-23-+0530.xcresult/2_Test/Diagnostics/WebDriverAgentRunner-848BC3AE-6F33-49B8-BB6C-7A3D324FCD19/WebDriverAgentRunner-018F4C24-90E7-4983-993F-964536351B8F/Session-WebDriverAgentRunner-2019-10-17_184223-3E9uvR.log
[35m[Xcode][39m 
[35m[Xcode][39m 2019-10-17 18:42:23.333 xcodebuild[7973:862279] [MT] IDETestOperationsObserverDebug: (28589FF4-246D-4CC9-8920-C74B09BDC48C) Beginning test session WebDriverAgentRunner-28589FF4-246D-4CC9-8920-C74B09BDC48C at 2019-10-17 18:42:23.333 with Xcode 10G8 on target üì±<DVTiOSDevice (0x7fc2fca9d140), Xs black, iPhone, 12.3.1 (16F203), 00008020-001E14A622FA002E> {
[35m[Xcode][39m 		deviceSerialNumber:         G6TXQ76KKPH4
[35m[Xcode][39m 		identifier:                 00008020-001E14A622FA002E
[35m[Xcode][39m 		deviceClass:                iPhone
[35m[Xcode][39m 		deviceName:                 Xs black
[35m[Xcode][39m 		deviceIdentifier:           00008020-001E14A622FA002E
[35m[Xcode][39m 		productVersion:             12.3.1
[35m[Xcode][39m 		buildVersion:               16F203
[35m[Xcode][39m 		deviceSoftwareVersion:      12.3.1 (16F203)
[35m[Xcode][39m 		deviceArchitecture:         arm64e
[35m[Xcode][39m 		deviceTotalCapacity:        251353055232
[35m[Xcode][39m 		deviceAvailableCapacity:    245771784192
[35m[Xcode][39m 		deviceIsTransient:          NO
[35m[Xcode][39m 		ignored:                    NO
[35m[Xcode][39m 		deviceIsBusy:               NO
[35m[Xcode][39m 		deviceIsPaired:             YES
[35m[Xcode][39m 		deviceIsActivated:          YES
[35m[Xcode][39m 		deviceActivationState:      Activated
[35m[Xcode][39m 		isPasscodeLocked:           NO
[35m[Xcode][39m 		deviceType:                 <DVTDeviceType:0x7fc2fc22c7c0 Xcode.DeviceType.iPhone>
[35m[Xcode][39m 		supportedDeviceFamilies:    (
[35m[Xcode][39m     1
[35m[Xcode][39m )
[35m[Xcode][39m 		applications:              (null)
[35m[Xcode][39m 		provisioningProfiles:      (null)
[35m[Xcode][39m 		hasInternalSupport:        NO
[35m[Xcode][39m 		isSupportedOS:             YES
[35m[Xcode][39m 		developerDiskMountError:   (null)
[35m[Xcode][39m (null)
[35m[Xcode][39m 	bootArgs:                  (null)
[35m[Xcode][39m 		nextBootArgs:              (null)
[35m[Xcode][39m 		connected:                 yes
[35m[Xcode][39m 		isWirelessEnabled:         no
[35m[Xcode][39m 		connectionType:            direct
[35m[Xcode][39m 		hostname:                  Xs-black.local.
[35m[Xcode][39m 		bonjourServiceName:        90:e1:7b:80:91:85@fe80::92e1:7bff:fe80:9185._apple-mobdev2._tcp.local.
[35m[Xcode][39m 		} (12.3.1 (16F203))
[35m[Xcode][39m 
[35m[Xcode][39m 2019-10-17 18:42:23.415 xcodebuild[7973:862279] [MT] IDETestOperationsObserverDebug: (28589FF4-246D-4CC9-8920-C74B09BDC48C) Finished requesting crash reports. Continuing with testing.
[35m[Xcode][39m 
[35m[Xcode][39m 
[35m[Xcode][39m 
[35m[Xcode][39m *** If you believe this error represents a bug, please attach the result bundle at /Users/sureshvpatil/Library/Developer/Xcode/DerivedData/WebDriverAgent-ftzxtktydrajofedblbewsaonltf/Logs/Test/Test-WebDriverAgentRunner-2019.10.17_18-42-23-+0530.xcresult
[35m[Xcode][39m 
[35m[Xcode][39m 
[35m[Xcode][39m 2019-10-17 18:42:23.424 xcodebuild[7973:862279] [MT] IDETestOperationsObserverDebug: 0.095 elapsed -- Testing started completed.
[35m[Xcode][39m 
[35m[Xcode][39m 2019-10-17 18:42:23.424 xcodebuild[7973:862279] [MT] IDETestOperationsObserverDebug: 0.000 sec, +0.000 sec -- start
[35m[Xcode][39m 2019-10-17 18:42:23.424 xcodebuild[7973:862279] [MT] IDETestOperationsObserverDebug: 0.095 sec, +0.095 sec -- end
[35m[Xcode][39m 
[35m[Xcode][39m 2019-10-17 18:42:23.425 xcodebuild[7973:862279] Error Domain=NSCocoaErrorDomain Code=260 "The file ‚ÄúWebDriverAgentRunner-Runner.app‚Äù couldn‚Äôt be opened because there is no such file." UserInfo={NSFilePath=/Users/sureshvpatil/Library/Developer/Xcode/DerivedData/WebDriverAgent-ftzxtktydrajofedblbewsaonltf/Build/Products/Debug-iphoneos/WebDriverAgentRunner-Runner.app, NSUnderlyingError=0x7fc2fc818160 {Error Domain=NSPOSIXErrorDomain Code=2 "No such file or directory"}}
[35m[Xcode][39m 
[35m[Xcode][39m 
[35m[Xcode][39m Testing failed:
[35m[Xcode][39m 
[35m[Xcode][39m 	An empty identity is not valid when signing a binary for the product type 'UI Testing Bundle'. (in target 'WebDriverAgentRunner')
[35m[Xcode][39m 	WebDriverAgentRunner:
[35m[Xcode][39m 		WebDriverAgentRunner-Runner.app encountered an error (Failed to install or launch the test runner. (Underlying error: The file ‚ÄúWebDriverAgentRunner-Runner.app‚Äù couldn‚Äôt be opened because there is no such file. The file doesn‚Äôt exist. (Underlying error: The operation couldn‚Äôt be completed. No such file or directory)))
[35m[Xcode][39m 
[35m[Xcode][39m Test session results and logs:
[35m[Xcode][39m 	/Users/sureshvpatil/Library/Developer/Xcode/DerivedData/WebDriverAgent-ftzxtktydrajofedblbewsaonltf/Logs/Test/Test-WebDriverAgentRunner-2019.10.17_18-42-23-+0530.xcresult
[35m[Xcode][39m 
[35m[Xcode][39m ** TEST EXECUTE FAILED **
[35m[Xcode][39m 
[35m[Xcode][39m 
[35m[Xcode][39m Testing started on 'Xs black'
[35m[Xcode][39m 
[35m[XCUITest][39m xcodebuild exited with code '65' and signal 'null'
[35m[XCUITest][39m Error: Unable to launch WebDriverAgent because of xcodebuild failure: xcodebuild failed with code 65
[35m[XCUITest][39m xcodebuild error message:
[35m[XCUITest][39m 
[35m[XCUITest][39m 2019-10-17 18:42:23.323 xcodebuild[7973:862280] Error writing xctestrun file: Error Domain=NSCocoaErrorDomain Code=4 "The folder ‚ÄúWebDriverAgentRunner_iphoneos12.4-arm64e.xctestrun‚Äù doesn‚Äôt exist." UserInfo={NSFilePath=/Users/sureshvpatil/Library/Developer/Xcode/DerivedData/WebDriverAgent-ftzxtktydrajofedblbewsaonltf/Build/Products/WebDriverAgentRunner_iphoneos12.4-arm64e.xctestrun, NSUserStringVariant=Folder, NSUnderlyingError=0x7fc2fc240a40 {Error Domain=NSPOSIXErrorDomain Code=2 "No such file or directory"}}
[35m[XCUITest][39m 2019-10-17 18:42:23.323 xcodebuild[7973:862280] Error writing xctestrun file: Error Domain=NSCocoaErrorDomain Code=4 "The folder ‚ÄúWebDriverAgentRunner_iphoneos12.4-arm64e.xctestrun‚Äù doesn‚Äôt exist." UserInfo={NSFilePath=/Users/sureshvpatil/Library/Developer/Xcode/DerivedData/WebDriverAgent-ftzxtktydrajofedblbewsaonltf/Build/Products/WebDriverAgentRunner_iphoneos12.4-arm64e.xctestrun, NSUserStringVariant=Folder, NSUnderlyingError=0x7fc2fc483010 {Error Domain=NSPOSIXErrorDomain Code=2 "No such file or directory"}}
[35m[XCUITest][39m ** TEST BUILD FAILED **
[35m[XCUITest][39m 2019-10-17 18:42:23.332 xcodebuild[7973:862285]  IDETestOperationsObserverDebug: Writing diagnostic log for test session to:
[35m[XCUITest][39m /Users/sureshvpatil/Library/Developer/Xcode/DerivedData/WebDriverAgent-ftzxtktydrajofedblbewsaonltf/Logs/Test/Test-WebDriverAgentRunner-2019.10.17_18-42-23-+0530.xcresult/2_Test/Diagnostics/WebDriverAgentRunner-848BC3AE-6F33-49B8-BB6C-7A3D324FCD19/WebDriverAgentRunner-018F4C24-90E7-4983-993F-964536351B8F/Session-WebDriverAgentRunner-2019-10-17_184223-3E9uvR.log
[35m[XCUITest][39m 2019-10-17 18:42:23.333 xcodebuild[7973:862279] [MT] IDETestOperationsObserverDebug: (28589FF4-246D-4CC9-8920-C74B09BDC48C) Beginning test session WebDriverAgentRunner-28589FF4-246D-4CC9-8920-C74B09BDC48C at 2019-10-17 18:42:23.333 with Xcode 10G8 on target üì±<DVTiOSDevice (0x7fc2fca9d140), Xs black, iPhone, 12.3.1 (16F203), 00008020-001E14A622FA002E> {
[35m[XCUITest][39m 		deviceSerialNumber:         G6TXQ76KKPH4
[35m[XCUITest][39m 		identifier:                 00008020-001E14A622FA002E
[35m[XCUITest][39m 		deviceClass:                iPhone
[35m[XCUITest][39m 		deviceName:                 Xs black
[35m[XCUITest][39m 		deviceIdentifier:           00008020-001E14A622FA002E
[35m[XCUITest][39m 		productVersion:             12.3.1
[35m[XCUITest][39m 		buildVersion:               16F203
[35m[XCUITest][39m 		deviceSoftwareVersion:      12.3.1 (16F203)
[35m[XCUITest][39m 		deviceArchitecture:         arm64e
[35m[XCUITest][39m 		deviceTotalCapacity:        251353055232
[35m[XCUITest][39m 		deviceAvailableCapacity:    245771784192
[35m[XCUITest][39m 		deviceIsTransient:          NO
[35m[XCUITest][39m 		ignored:                    NO
[35m[XCUITest][39m 		deviceIsBusy:               NO
[35m[XCUITest][39m 		deviceIsPaired:             YES
[35m[XCUITest][39m 		deviceIsActivated:          YES
[35m[XCUITest][39m 		deviceActivationState:      Activated
[35m[XCUITest][39m 		isPasscodeLocked:           NO
[35m[XCUITest][39m 		deviceType:                 <DVTDeviceType:0x7fc2fc22c7c0 Xcode.DeviceType.iPhone>
[35m[XCUITest][39m 		supportedDeviceFamilies:    (
[35m[XCUITest][39m     1
[35m[XCUITest][39m )
[35m[XCUITest][39m 		applications:              (null)
[35m[XCUITest][39m 		provisioningProfiles:      (null)
[35m[XCUITest][39m 		hasInternalSupport:        NO
[35m[XCUITest][39m 		isSupportedOS:             YES
[35m[XCUITest][39m 		developerDiskMountError:   (null)
[35m[XCUITest][39m (null)
[35m[XCUITest][39m 	bootArgs:                  (null)
[35m[XCUITest][39m 		nextBootArgs:              (null)
[35m[XCUITest][39m 		connected:                 yes
[35m[XCUITest][39m 		isWirelessEnabled:         no
[35m[XCUITest][39m 		connectionType:            direct
[35m[XCUITest][39m 		hostname:                  Xs-black.local.
[35m[XCUITest][39m 		bonjourServiceName:        90:e1:7b:80:91:85@fe80::92e1:7bff:fe80:9185._apple-mobdev2._tcp.local.
[35m[XCUITest][39m 		} (12.3.1 (16F203))
[35m[XCUITest][39m 2019-10-17 18:42:23.415 xcodebuild[7973:862279] [MT] IDETestOperationsObserverDebug: (28589FF4-246D-4CC9-8920-C74B09BDC48C) Finished requesting crash reports. Continuing with testing.
[35m[XCUITest][39m *** If you believe this error represents a bug, please attach the result bundle at /Users/sureshvpatil/Library/Developer/Xcode/DerivedData/WebDriverAgent-ftzxtktydrajofedblbewsaonltf/Logs/Test/Test-WebDriverAgentRunner-2019.10.17_18-42-23-+0530.xcresult
[35m[XCUITest][39m 2019-10-17 18:42:23.424 xcodebuild[7973:862279] [MT] IDETestOperationsObserverDebug: 0.095 elapsed -- Testing started completed.
[35m[XCUITest][39m 2019-10-17 18:42:23.424 xcodebuild[7973:862279] [MT] IDETestOperationsObserverDebug: 0.000 sec, +0.000 sec -- start
[35m[XCUITest][39m 2019-10-17 18:42:23.424 xcodebuild[7973:862279] [MT] IDETestOperationsObserverDebug: 0.095 sec, +0.095 sec -- end
[35m[XCUITest][39m 2019-10-17 18:42:23.425 xcodebuild[7973:862279] Error Domain=NSCocoaErrorDomain Code=260 "The file ‚ÄúWebDriverAgentRunner-Runner.app‚Äù couldn‚Äôt be opened because there is no such file." UserInfo={NSFilePath=/Users/sureshvpatil/Library/Developer/Xcode/DerivedData/WebDriverAgent-ftzxtktydrajofedblbewsaonltf/Build/Products/Debug-iphoneos/WebDriverAgentRunner-Runner.app, NSUnderlyingError=0x7fc2fc818160 {Error Domain=NSPOSIXErrorDomain Code=2 "No such file or directory"}}
[35m[XCUITest][39m Testing failed:
[35m[XCUITest][39m 	An empty identity is not valid when signing a binary for the product type 'UI Testing Bundle'. (in target 'WebDriverAgentRunner')
[35m[XCUITest][39m 	WebDriverAgentRunner:
[35m[XCUITest][39m 		WebDriverAgentRunner-Runner.app encountered an error (Failed to install or launch the test runner. (Underlying error: The file ‚ÄúWebDriverAgentRunner-Runner.app‚Äù couldn‚Äôt be opened because there is no such file. The file doesn‚Äôt exist. (Underlying error: The operation couldn‚Äôt be completed. No such file or directory)))
[35m[XCUITest][39m Test session results and logs:
[35m[XCUITest][39m 	/Users/sureshvpatil/Library/Developer/Xcode/DerivedData/WebDriverAgent-ftzxtktydrajofedblbewsaonltf/Logs/Test/Test-WebDriverAgentRunner-2019.10.17_18-42-23-+0530.xcresult
[35m[XCUITest][39m ** TEST EXECUTE FAILED **
[35m[XCUITest][39m Testing started on 'Xs black'. Make sure you follow the tutorial at https://github.com/appium/appium-xcuitest-driver/blob/master/docs/real-device-config.md. Try to remove the WebDriverAgentRunner application from the device if it is installed and reboot the device.
[35m[XCUITest][39m     at quitAndUninstall (/Users/sureshvpatil/Downloads/Lilly_Framework/node_modules/appium/node_modules/appium-xcuitest-driver/lib/driver.js:501:15)
[35m[Xcode][39m 2019-10-18 10:51:40.064 xcodebuild[8878:947374] Error writing xctestrun file: Error Domain=NSCocoaErrorDomain Code=4 "The folder ‚ÄúWebDriverAgentRunner_iphoneos12.4-arm64e.xctestrun‚Äù doesn‚Äôt exist." UserInfo={NSFilePath=/Users/sureshvpatil/Library/Developer/Xcode/DerivedData/WebDriverAgent-ftzxtktydrajofedblbewsaonltf/Build/Products/WebDriverAgentRunner_iphoneos12.4-arm64e.xctestrun, NSUserStringVariant=Folder, NSUnderlyingError=0x7f9d12cf5ca0 {Error Domain=NSPOSIXErrorDomain Code=2 "No such file or directory"}}
[35m[Xcode][39m 
[35m[Xcode][39m 2019-10-18 10:51:40.064 xcodebuild[8878:947374] Error writing xctestrun file: Error Domain=NSCocoaErrorDomain Code=4 "The folder ‚ÄúWebDriverAgentRunner_iphoneos12.4-arm64e.xctestrun‚Äù doesn‚Äôt exist." UserInfo={NSFilePath=/Users/sureshvpatil/Library/Developer/Xcode/DerivedData/WebDriverAgent-ftzxtktydrajofedblbewsaonltf/Build/Products/WebDriverAgentRunner_iphoneos12.4-arm64e.xctestrun, NSUserStringVariant=Folder, NSUnderlyingError=0x7f9d158a3d10 {Error Domain=NSPOSIXErrorDomain Code=2 "No such file or directory"}}
[35m[Xcode][39m ** TEST BUILD FAILED **
[35m[Xcode][39m 
[35m[Xcode][39m 
[35m[Xcode][39m 2019-10-18 10:51:40.073 xcodebuild[8878:947373]  IDETestOperationsObserverDebug: Writing diagnostic log for test session to:
[35m[Xcode][39m /Users/sureshvpatil/Library/Developer/Xcode/DerivedData/WebDriverAgent-ftzxtktydrajofedblbewsaonltf/Logs/Test/Test-WebDriverAgentRunner-2019.10.18_10-51-39-+0530.xcresult/2_Test/Diagnostics/WebDriverAgentRunner-2998B581-431B-44BA-B2B1-E6220888D8FF/WebDriverAgentRunner-1DA0FBE2-B55E-4F67-B70C-66FB6A2FB0EC/Session-WebDriverAgentRunner-2019-10-18_105140-rJQvYd.log
[35m[Xcode][39m 
[35m[Xcode][39m 2019-10-18 10:51:40.074 xcodebuild[8878:947367] [MT] IDETestOperationsObserverDebug: (2F64A6E1-CEFB-48E1-85FB-E68E49E7896D) Beginning test session WebDriverAgentRunner-2F64A6E1-CEFB-48E1-85FB-E68E49E7896D at 2019-10-18 10:51:40.074 with Xcode 10G8 on target üì±<DVTiOSDevice (0x7f9d15c40dd0), Xs black, iPhone, 12.3.1 (16F203), 00008020-001E14A622FA002E> {
[35m[Xcode][39m 		deviceSerialNumber:         G6TXQ76KKPH4
[35m[Xcode][39m 		identifier:                 00008020-001E14A622FA002E
[35m[Xcode][39m 		deviceClass:                iPhone
[35m[Xcode][39m 		deviceName:                 Xs black
[35m[Xcode][39m 		deviceIdentifier:           00008020-001E14A622FA002E
[35m[Xcode][39m 		productVersion:             12.3.1
[35m[Xcode][39m 		buildVersion:               16F203
[35m[Xcode][39m 		deviceSoftwareVersion:      12.3.1 (16F203)
[35m[Xcode][39m 		deviceArchitecture:         arm64e
[35m[Xcode][39m 		deviceTotalCapacity:        251353055232
[35m[Xcode][39m 		deviceAvailableCapacity:    245732315136
[35m[Xcode][39m 		deviceIsTransient:          NO
[35m[Xcode][39m 		ignored:                    NO
[35m[Xcode][39m 		deviceIsBusy:               NO
[35m[Xcode][39m 		deviceIsPaired:             YES
[35m[Xcode][39m 		deviceIsActivated:          YES
[35m[Xcode][39m 		deviceActivationState:      Activated
[35m[Xcode][39m 		isPasscodeLocked:           NO
[35m[Xcode][39m 		deviceType:                 <DVTDeviceType:0x7f9d12ef6410 Xcode.DeviceType.iPhone>
[35m[Xcode][39m 		supportedDeviceFamilies:    (
[35m[Xcode][39m     1
[35m[Xcode][39m )
[35m[Xcode][39m 		applications:              (null)
[35m[Xcode][39m 		provisioningProfiles:      (null)
[35m[Xcode][39m 		hasInternalSupport:        NO
[35m[Xcode][39m 		isSupportedOS:             YES
[35m[Xcode][39m 		developerDiskMountError:   (null)
[35m[Xcode][39m (null)
[35m[Xcode][39m 	bootArgs:                  (null)
[35m[Xcode][39m 		nextBootArgs:              (null)
[35m[Xcode][39m 		connected:                 yes
[35m[Xcode][39m 		isWirelessEnabled:         no
[35m[Xcode][39m 		connectionType:            direct
[35m[Xcode][39m 		hostname:                  Xs-black.local.
[35m[Xcode][39m 		bonjourServiceName:        90:e1:7b:80:91:85@fe80::92e1:7bff:fe80:9185._apple-mobdev2._tcp.local.
[35m[Xcode][39m 		} (12.3.1 (16F203))
[35m[Xcode][39m 
[35m[Xcode][39m 2019-10-18 10:51:40.440 xcodebuild[8878:947367] [MT] IDETestOperationsObserverDebug: (2F64A6E1-CEFB-48E1-85FB-E68E49E7896D) Finished requesting crash reports. Continuing with testing.
[35m[Xcode][39m 
[35m[Xcode][39m 
[35m[Xcode][39m 
[35m[Xcode][39m *** If you believe this error represents a bug, please attach the result bundle at /Users/sureshvpatil/Library/Developer/Xcode/DerivedData/WebDriverAgent-ftzxtktydrajofedblbewsaonltf/Logs/Test/Test-WebDriverAgentRunner-2019.10.18_10-51-39-+0530.xcresult
[35m[Xcode][39m 
[35m[Xcode][39m 
[35m[Xcode][39m 2019-10-18 10:51:40.452 xcodebuild[8878:947367] [MT] IDETestOperationsObserverDebug: 0.381 elapsed -- Testing started completed.
[35m[Xcode][39m 2019-10-18 10:51:40.452 xcodebuild[8878:947367] [MT] IDETestOperationsObserverDebug: 0.000 sec, +0.000 sec -- start
[35m[Xcode][39m 2019-10-18 10:51:40.452 xcodebuild[8878:947367] [MT] IDETestOperationsObserverDebug: 0.381 sec, +0.381 sec -- end
[35m[Xcode][39m 
[35m[Xcode][39m 2019-10-18 10:51:40.452 xcodebuild[8878:947367] Error Domain=NSCocoaErrorDomain Code=260 "The file ‚ÄúWebDriverAgentRunner-Runner.app‚Äù couldn‚Äôt be opened because there is no such file." UserInfo={NSFilePath=/Users/sureshvpatil/Library/Developer/Xcode/DerivedData/WebDriverAgent-ftzxtktydrajofedblbewsaonltf/Build/Products/Debug-iphoneos/WebDriverAgentRunner-Runner.app, NSUnderlyingError=0x7f9d1630a860 {Error Domain=NSPOSIXErrorDomain Code=2 "No such file or directory"}}
[35m[Xcode][39m 
[35m[Xcode][39m 
[35m[Xcode][39m Testing failed:
[35m[Xcode][39m 
[35m[Xcode][39m 	An empty identity is not valid when signing a binary for the product type 'UI Testing Bundle'. (in target 'WebDriverAgentRunner')
[35m[Xcode][39m 	WebDriverAgentRunner:
[35m[Xcode][39m 		WebDriverAgentRunner-Runner.app encountered an error (Failed to install or launch the test runner. (Underlying error: The file ‚ÄúWebDriverAgentRunner-Runner.app‚Äù couldn‚Äôt be opened because there is no such file. The file doesn‚Äôt exist. (Underlying error: The operation couldn‚Äôt be completed. No such file or directory)))
[35m[Xcode][39m 
[35m[Xcode][39m Test session results and logs:
[35m[Xcode][39m 	/Users/sureshvpatil/Library/Developer/Xcode/DerivedData/WebDriverAgent-ftzxtktydrajofedblbewsaonltf/Logs/Test/Test-WebDriverAgentRunner-2019.10.18_10-51-39-+0530.xcresult
[35m[Xcode][39m 
[35m[Xcode][39m ** TEST EXECUTE FAILED **
[35m[Xcode][39m 
[35m[Xcode][39m 
[35m[Xcode][39m Testing started on 'Xs black'
[35m[Xcode][39m 
[35m[XCUITest][39m xcodebuild exited with code '65' and signal 'null'
[35m[Xcode][39m 2019-10-18 10:51:42.304 xcodebuild[8886:947548] Error writing xctestrun file: Error Domain=NSCocoaErrorDomain Code=4 "The folder ‚ÄúWebDriverAgentRunner_iphoneos12.4-arm64e.xctestrun‚Äù doesn‚Äôt exist." UserInfo={NSFilePath=/Users/sureshvpatil/Library/Developer/Xcode/DerivedData/WebDriverAgent-ftzxtktydrajofedblbewsaonltf/Build/Products/WebDriverAgentRunner_iphoneos12.4-arm64e.xctestrun, NSUserStringVariant=Folder, NSUnderlyingError=0x7fc465cab140 {Error Domain=NSPOSIXErrorDomain Code=2 "No such file or directory"}}
[35m[Xcode][39m 
[35m[Xcode][39m 2019-10-18 10:51:42.304 xcodebuild[8886:947548] Error writing xctestrun file: Error Domain=NSCocoaErrorDomain Code=4 "The folder ‚ÄúWebDriverAgentRunner_iphoneos12.4-arm64e.xctestrun‚Äù doesn‚Äôt exist." UserInfo={NSFilePath=/Users/sureshvpatil/Library/Developer/Xcode/DerivedData/WebDriverAgent-ftzxtktydrajofedblbewsaonltf/Build/Products/WebDriverAgentRunner_iphoneos12.4-arm64e.xctestrun, NSUserStringVariant=Folder, NSUnderlyingError=0x7fc46789b800 {Error Domain=NSPOSIXErrorDomain Code=2 "No such file or directory"}}
[35m[Xcode][39m 
[35m[Xcode][39m ** TEST BUILD FAILED **
[35m[Xcode][39m 
[35m[Xcode][39m 
[35m[Xcode][39m 2019-10-18 10:51:42.313 xcodebuild[8886:947563]  IDETestOperationsObserverDebug: Writing diagnostic log for test session to:
[35m[Xcode][39m /Users/sureshvpatil/Library/Developer/Xcode/DerivedData/WebDriverAgent-ftzxtktydrajofedblbewsaonltf/Logs/Test/Test-WebDriverAgentRunner-2019.10.18_10-51-42-+0530.xcresult/2_Test/Diagnostics/WebDriverAgentRunner-4741BDC0-4362-4BFB-B9D2-2294A84BAEAA/WebDriverAgentRunner-EF6C5EE2-D8D8-49D5-8327-2233D06710A2/Session-WebDriverAgentRunner-2019-10-18_105142-yaULKO.log
[35m[Xcode][39m 
[35m[Xcode][39m 2019-10-18 10:51:42.313 xcodebuild[8886:947541] [MT] IDETestOperationsObserverDebug: (B4D13670-1B57-41CD-804F-F379CA1D5D92) Beginning test session WebDriverAgentRunner-B4D13670-1B57-41CD-804F-F379CA1D5D92 at 2019-10-18 10:51:42.313 with Xcode 10G8 on target üì±<DVTiOSDevice (0x7fc46844f5c0), Xs black, iPhone, 12.3.1 (16F203), 00008020-001E14A622FA002E> {
[35m[Xcode][39m 		deviceSerialNumber:         G6TXQ76KKPH4
[35m[Xcode][39m 		identifier:                 00008020-001E14A622FA002E
[35m[Xcode][39m 		deviceClass:                iPhone
[35m[Xcode][39m 		deviceName:                 Xs black
[35m[Xcode][39m 		deviceIdentifier:           00008020-001E14A622FA002E
[35m[Xcode][39m 		productVersion:             12.3.1
[35m[Xcode][39m 		buildVersion:               16F203
[35m[Xcode][39m 		deviceSoftwareVersion:      12.3.1 (16F203)
[35m[Xcode][39m 		deviceArchitecture:         arm64e
[35m[Xcode][39m 		deviceTotalCapacity:        251353055232
[35m[Xcode][39m 		deviceAvailableCapacity:    245732315136
[35m[Xcode][39m 		deviceIsTransient:          NO
[35m[Xcode][39m 		ignored:                    NO
[35m[Xcode][39m 		deviceIsBusy:               NO
[35m[Xcode][39m 		deviceIsPaired:             YES
[35m[Xcode][39m 		deviceIsActivated:          YES
[35m[Xcode][39m 		deviceActivationState:      Activated
[35m[Xcode][39m 		isPasscodeLocked:           NO
[35m[Xcode][39m 		deviceType:                 <DVTDeviceType:0x7fc465dad340 Xcode.DeviceType.iPhone>
[35m[Xcode][39m 		supportedDeviceFamilies:    (
[35m[Xcode][39m     1
[35m[Xcode][39m )
[35m[Xcode][39m 		applications:              (null)
[35m[Xcode][39m 		provisioningProfiles:      (null)
[35m[Xcode][39m 		hasInternalSupport:        NO
[35m[Xcode][39m 		isSupportedOS:             YES
[35m[Xcode][39m 		developerDiskMountError:   (null)
[35m[Xcode][39m (null)
[35m[Xcode][39m 	bootArgs:                  (null)
[35m[Xcode][39m 		nextBootArgs:              (null)
[35m[Xcode][39m 		connected:                 yes
[35m[Xcode][39m 		isWirelessEnabled:         no
[35m[Xcode][39m 		connectionType:            direct
[35m[Xcode][39m 		hostname:                  Xs-black.local.
[35m[Xcode][39m 		bonjourServiceName:        90:e1:7b:80:91:85@fe80::92e1:7bff:fe80:9185._apple-mobdev2._tcp.local.
[35m[Xcode][39m 		} (12.3.1 (16F203))
[35m[Xcode][39m 
[35m[Xcode][39m 2019-10-18 10:51:42.603 xcodebuild[8886:947541] [MT] IDETestOperationsObserverDebug: (B4D13670-1B57-41CD-804F-F379CA1D5D92) Finished requesting crash reports. Continuing with testing.
[35m[Xcode][39m 
[35m[Xcode][39m 
[35m[Xcode][39m 
[35m[Xcode][39m *** If you believe this error represents a bug, please attach the result bundle at /Users/sureshvpatil/Library/Developer/Xcode/DerivedData/WebDriverAgent-ftzxtktydrajofedblbewsaonltf/Logs/Test/Test-WebDriverAgentRunner-2019.10.18_10-51-42-+0530.xcresult
[35m[Xcode][39m 
[35m[Xcode][39m 
[35m[Xcode][39m 2019-10-18 10:51:42.613 xcodebuild[8886:947541] [MT] IDETestOperationsObserverDebug: 0.303 elapsed -- Testing started completed.
[35m[Xcode][39m 
[35m[Xcode][39m 2019-10-18 10:51:42.613 xcodebuild[8886:947541] [MT] IDETestOperationsObserverDebug: 0.000 sec, +0.000 sec -- start
[35m[Xcode][39m 2019-10-18 10:51:42.613 xcodebuild[8886:947541] [MT] IDETestOperationsObserverDebug: 0.303 sec, +0.303 sec -- end
[35m[Xcode][39m 
[35m[Xcode][39m 2019-10-18 10:51:42.613 xcodebuild[8886:947541] Error Domain=NSCocoaErrorDomain Code=260 "The file ‚ÄúWebDriverAgentRunner-Runner.app‚Äù couldn‚Äôt be opened because there is no such file." UserInfo={NSFilePath=/Users/sureshvpatil/Library/Developer/Xcode/DerivedData/WebDriverAgent-ftzxtktydrajofedblbewsaonltf/Build/Products/Debug-iphoneos/WebDriverAgentRunner-Runner.app, NSUnderlyingError=0x7fc468135260 {Error Domain=NSPOSIXErrorDomain Code=2 "No such file or directory"}}
[35m[Xcode][39m 
[35m[Xcode][39m 
[35m[Xcode][39m Testing failed:
[35m[Xcode][39m 
[35m[Xcode][39m 	An empty identity is not valid when signing a binary for the product type 'UI Testing Bundle'. (in target 'WebDriverAgentRunner')
[35m[Xcode][39m 	WebDriverAgentRunner:
[35m[Xcode][39m 		WebDriverAgentRunner-Runner.app encountered an error (Failed to install or launch the test runner. (Underlying error: The file ‚ÄúWebDriverAgentRunner-Runner.app‚Äù couldn‚Äôt be opened because there is no such file. The file doesn‚Äôt exist. (Underlying error: The operation couldn‚Äôt be completed. No such file or directory)))
[35m[Xcode][39m 
[35m[Xcode][39m Test session results and logs:
[35m[Xcode][39m 	/Users/sureshvpatil/Library/Developer/Xcode/DerivedData/WebDriverAgent-ftzxtktydrajofedblbewsaonltf/Logs/Test/Test-WebDriverAgentRunner-2019.10.18_10-51-42-+0530.xcresult
[35m[Xcode][39m 
[35m[Xcode][39m ** TEST EXECUTE FAILED **
[35m[Xcode][39m 
[35m[Xcode][39m 
[35m[Xcode][39m Testing started on 'Xs black'
[35m[Xcode][39m 
[35m[XCUITest][39m xcodebuild exited with code '65' and signal 'null'
[35m[XCUITest][39m Error: Unable to launch WebDriverAgent because of xcodebuild failure: xcodebuild failed with code 65
[35m[XCUITest][39m xcodebuild error message:
[35m[XCUITest][39m 
[35m[XCUITest][39m 2019-10-18 10:51:42.304 xcodebuild[8886:947548] Error writing xctestrun file: Error Domain=NSCocoaErrorDomain Code=4 "The folder ‚ÄúWebDriverAgentRunner_iphoneos12.4-arm64e.xctestrun‚Äù doesn‚Äôt exist." UserInfo={NSFilePath=/Users/sureshvpatil/Library/Developer/Xcode/DerivedData/WebDriverAgent-ftzxtktydrajofedblbewsaonltf/Build/Products/WebDriverAgentRunner_iphoneos12.4-arm64e.xctestrun, NSUserStringVariant=Folder, NSUnderlyingError=0x7fc465cab140 {Error Domain=NSPOSIXErrorDomain Code=2 "No such file or directory"}}
[35m[XCUITest][39m 2019-10-18 10:51:42.304 xcodebuild[8886:947548] Error writing xctestrun file: Error Domain=NSCocoaErrorDomain Code=4 "The folder ‚ÄúWebDriverAgentRunner_iphoneos12.4-arm64e.xctestrun‚Äù doesn‚Äôt exist." UserInfo={NSFilePath=/Users/sureshvpatil/Library/Developer/Xcode/DerivedData/WebDriverAgent-ftzxtktydrajofedblbewsaonltf/Build/Products/WebDriverAgentRunner_iphoneos12.4-arm64e.xctestrun, NSUserStringVariant=Folder, NSUnderlyingError=0x7fc46789b800 {Error Domain=NSPOSIXErrorDomain Code=2 "No such file or directory"}}
[35m[XCUITest][39m ** TEST BUILD FAILED **
[35m[XCUITest][39m 2019-10-18 10:51:42.313 xcodebuild[8886:947563]  IDETestOperationsObserverDebug: Writing diagnostic log for test session to:
[35m[XCUITest][39m /Users/sureshvpatil/Library/Developer/Xcode/DerivedData/WebDriverAgent-ftzxtktydrajofedblbewsaonltf/Logs/Test/Test-WebDriverAgentRunner-2019.10.18_10-51-42-+0530.xcresult/2_Test/Diagnostics/WebDriverAgentRunner-4741BDC0-4362-4BFB-B9D2-2294A84BAEAA/WebDriverAgentRunner-EF6C5EE2-D8D8-49D5-8327-2233D06710A2/Session-WebDriverAgentRunner-2019-10-18_105142-yaULKO.log
[35m[XCUITest][39m 2019-10-18 10:51:42.313 xcodebuild[8886:947541] [MT] IDETestOperationsObserverDebug: (B4D13670-1B57-41CD-804F-F379CA1D5D92) Beginning test session WebDriverAgentRunner-B4D13670-1B57-41CD-804F-F379CA1D5D92 at 2019-10-18 10:51:42.313 with Xcode 10G8 on target üì±<DVTiOSDevice (0x7fc46844f5c0), Xs black, iPhone, 12.3.1 (16F203), 00008020-001E14A622FA002E> {
[35m[XCUITest][39m 		deviceSerialNumber:         G6TXQ76KKPH4
[35m[XCUITest][39m 		identifier:                 00008020-001E14A622FA002E
[35m[XCUITest][39m 		deviceClass:                iPhone
[35m[XCUITest][39m 		deviceName:                 Xs black
[35m[XCUITest][39m 		deviceIdentifier:           00008020-001E14A622FA002E
[35m[XCUITest][39m 		productVersion:             12.3.1
[35m[XCUITest][39m 		buildVersion:               16F203
[35m[XCUITest][39m 		deviceSoftwareVersion:      12.3.1 (16F203)
[35m[XCUITest][39m 		deviceArchitecture:         arm64e
[35m[XCUITest][39m 		deviceTotalCapacity:        251353055232
[35m[XCUITest][39m 		deviceAvailableCapacity:    245732315136
[35m[XCUITest][39m 		deviceIsTransient:          NO
[35m[XCUITest][39m 		ignored:                    NO
[35m[XCUITest][39m 		deviceIsBusy:               NO
[35m[XCUITest][39m 		deviceIsPaired:             YES
[35m[XCUITest][39m 		deviceIsActivated:          YES
[35m[XCUITest][39m 		deviceActivationState:      Activated
[35m[XCUITest][39m 		isPasscodeLocked:           NO
[35m[XCUITest][39m 		deviceType:                 <DVTDeviceType:0x7fc465dad340 Xcode.DeviceType.iPhone>
[35m[XCUITest][39m 		supportedDeviceFamilies:    (
[35m[XCUITest][39m     1
[35m[XCUITest][39m )
[35m[XCUITest][39m 		applications:              (null)
[35m[XCUITest][39m 		provisioningProfiles:      (null)
[35m[XCUITest][39m 		hasInternalSupport:        NO
[35m[XCUITest][39m 		isSupportedOS:             YES
[35m[XCUITest][39m 		developerDiskMountError:   (null)
[35m[XCUITest][39m (null)
[35m[XCUITest][39m 	bootArgs:                  (null)
[35m[XCUITest][39m 		nextBootArgs:              (null)
[35m[XCUITest][39m 		connected:                 yes
[35m[XCUITest][39m 		isWirelessEnabled:         no
[35m[XCUITest][39m 		connectionType:            direct
[35m[XCUITest][39m 		hostname:                  Xs-black.local.
[35m[XCUITest][39m 		bonjourServiceName:        90:e1:7b:80:91:85@fe80::92e1:7bff:fe80:9185._apple-mobdev2._tcp.local.
[35m[XCUITest][39m 		} (12.3.1 (16F203))
[35m[XCUITest][39m 2019-10-18 10:51:42.603 xcodebuild[8886:947541] [MT] IDETestOperationsObserverDebug: (B4D13670-1B57-41CD-804F-F379CA1D5D92) Finished requesting crash reports. Continuing with testing.
[35m[XCUITest][39m *** If you believe this error represents a bug, please attach the result bundle at /Users/sureshvpatil/Library/Developer/Xcode/DerivedData/WebDriverAgent-ftzxtktydrajofedblbewsaonltf/Logs/Test/Test-WebDriverAgentRunner-2019.10.18_10-51-42-+0530.xcresult
[35m[XCUITest][39m 2019-10-18 10:51:42.613 xcodebuild[8886:947541] [MT] IDETestOperationsObserverDebug: 0.303 elapsed -- Testing started completed.
[35m[XCUITest][39m 2019-10-18 10:51:42.613 xcodebuild[8886:947541] [MT] IDETestOperationsObserverDebug: 0.000 sec, +0.000 sec -- start
[35m[XCUITest][39m 2019-10-18 10:51:42.613 xcodebuild[8886:947541] [MT] IDETestOperationsObserverDebug: 0.303 sec, +0.303 sec -- end
[35m[XCUITest][39m 2019-10-18 10:51:42.613 xcodebuild[8886:947541] Error Domain=NSCocoaErrorDomain Code=260 "The file ‚ÄúWebDriverAgentRunner-Runner.app‚Äù couldn‚Äôt be opened because there is no such file." UserInfo={NSFilePath=/Users/sureshvpatil/Library/Developer/Xcode/DerivedData/WebDriverAgent-ftzxtktydrajofedblbewsaonltf/Build/Products/Debug-iphoneos/WebDriverAgentRunner-Runner.app, NSUnderlyingError=0x7fc468135260 {Error Domain=NSPOSIXErrorDomain Code=2 "No such file or directory"}}
[35m[XCUITest][39m Testing failed:
[35m[XCUITest][39m 	An empty identity is not valid when signing a binary for the product type 'UI Testing Bundle'. (in target 'WebDriverAgentRunner')
[35m[XCUITest][39m 	WebDriverAgentRunner:
[35m[XCUITest][39m 		WebDriverAgentRunner-Runner.app encountered an error (Failed to install or launch the test runner. (Underlying error: The file ‚ÄúWebDriverAgentRunner-Runner.app‚Äù couldn‚Äôt be opened because there is no such file. The file doesn‚Äôt exist. (Underlying error: The operation couldn‚Äôt be completed. No such file or directory)))
[35m[XCUITest][39m Test session results and logs:
[35m[XCUITest][39m 	/Users/sureshvpatil/Library/Developer/Xcode/DerivedData/WebDriverAgent-ftzxtktydrajofedblbewsaonltf/Logs/Test/Test-WebDriverAgentRunner-2019.10.18_10-51-42-+0530.xcresult
[35m[XCUITest][39m ** TEST EXECUTE FAILED **
[35m[XCUITest][39m Testing started on 'Xs black'. Make sure you follow the tutorial at https://github.com/appium/appium-xcuitest-driver/blob/master/docs/real-device-config.md. Try to remove the WebDriverAgentRunner application from the device if it is installed and reboot the device.
[35m[XCUITest][39m     at quitAndUninstall (/Users/sureshvpatil/Downloads/Lilly_Framework/node_modules/appium/node_modules/appium-xcuitest-driver/lib/driver.js:501:15)
[35m[Xcode][39m 2019-10-18 10:53:35.462 xcodebuild[8951:952861] Error writing xctestrun file: Error Domain=NSCocoaErrorDomain Code=4 "The folder ‚ÄúWebDriverAgentRunner_iphoneos12.4-arm64e.xctestrun‚Äù doesn‚Äôt exist." UserInfo={NSFilePath=/Users/sureshvpatil/Library/Developer/Xcode/DerivedData/WebDriverAgent-ftzxtktydrajofedblbewsaonltf/Build/Products/WebDriverAgentRunner_iphoneos12.4-arm64e.xctestrun, NSUserStringVariant=Folder, NSUnderlyingError=0x7fc14d4acc60 {Error Domain=NSPOSIXErrorDomain Code=2 "No such file or directory"}}
[35m[Xcode][39m 
[35m[Xcode][39m 2019-10-18 10:53:35.462 xcodebuild[8951:952861] Error writing xctestrun file: Error Domain=NSCocoaErrorDomain Code=4 "The folder ‚ÄúWebDriverAgentRunner_iphoneos12.4-arm64e.xctestrun‚Äù doesn‚Äôt exist." UserInfo={NSFilePath=/Users/sureshvpatil/Library/Developer/Xcode/DerivedData/WebDriverAgent-ftzxtktydrajofedblbewsaonltf/Build/Products/WebDriverAgentRunner_iphoneos12.4-arm64e.xctestrun, NSUserStringVariant=Folder, NSUnderlyingError=0x7fc14d5a5860 {Error Domain=NSPOSIXErrorDomain Code=2 "No such file or directory"}}
[35m[Xcode][39m ** TEST BUILD FAILED **
[35m[Xcode][39m 
[35m[Xcode][39m 
[35m[Xcode][39m 2019-10-18 10:53:35.471 xcodebuild[8951:952891]  IDETestOperationsObserverDebug: Writing diagnostic log for test session to:
[35m[Xcode][39m /Users/sureshvpatil/Library/Developer/Xcode/DerivedData/WebDriverAgent-ftzxtktydrajofedblbewsaonltf/Logs/Test/Test-WebDriverAgentRunner-2019.10.18_10-53-35-+0530.xcresult/2_Test/Diagnostics/WebDriverAgentRunner-823C5B61-04D5-42F8-9316-B58D9DCA7A1C/WebDriverAgentRunner-4CCDE63F-ACB8-4D34-BE76-6B9E39D3E1D2/Session-WebDriverAgentRunner-2019-10-18_105335-atp5Br.log
[35m[Xcode][39m 
[35m[Xcode][39m 2019-10-18 10:53:35.471 xcodebuild[8951:952854] [MT] IDETestOperationsObserverDebug: (10F5D55E-F27A-4B16-90F3-1AD16862F161) Beginning test session WebDriverAgentRunner-10F5D55E-F27A-4B16-90F3-1AD16862F161 at 2019-10-18 10:53:35.471 with Xcode 10G8 on target üì±<DVTiOSDevice (0x7fc1513dd2f0), Xs black, iPhone, 12.3.1 (16F203), 00008020-001E14A622FA002E> {
[35m[Xcode][39m 		deviceSerialNumber:         G6TXQ76KKPH4
[35m[Xcode][39m 		identifier:                 00008020-001E14A622FA002E
[35m[Xcode][39m 		deviceClass:                iPhone
[35m[Xcode][39m 		deviceName:                 Xs black
[35m[Xcode][39m 		deviceIdentifier:           00008020-001E14A622FA002E
[35m[Xcode][39m 		productVersion:             12.3.1
[35m[Xcode][39m 		buildVersion:               16F203
[35m[Xcode][39m 		deviceSoftwareVersion:      12.3.1 (16F203)
[35m[Xcode][39m 		deviceArchitecture:         arm64e
[35m[Xcode][39m 		deviceTotalCapacity:        251353055232
[35m[Xcode][39m 		deviceAvailableCapacity:    245735739392
[35m[Xcode][39m 		deviceIsTransient:          NO
[35m[Xcode][39m 		ignored:                    NO
[35m[Xcode][39m 		deviceIsBusy:               NO
[35m[Xcode][39m 		deviceIsPaired:             YES
[35m[Xcode][39m 		deviceIsActivated:          YES
[35m[Xcode][39m 		deviceActivationState:      Activated
[35m[Xcode][39m 		isPasscodeLocked:           NO
[35m[Xcode][39m 		deviceType:                 <DVTDeviceType:0x7fc14e8fb7a0 Xcode.DeviceType.iPhone>
[35m[Xcode][39m 		supportedDeviceFamilies:    (
[35m[Xcode][39m     1
[35m[Xcode][39m )
[35m[Xcode][39m 		applications:              (null)
[35m[Xcode][39m 		provisioningProfiles:      (null)
[35m[Xcode][39m 		hasInternalSupport:        NO
[35m[Xcode][39m 		isSupportedOS:             YES
[35m[Xcode][39m 		developerDiskMountError:   (null)
[35m[Xcode][39m (null)
[35m[Xcode][39m 	bootArgs:                  (null)
[35m[Xcode][39m 		nextBootArgs:              (null)
[35m[Xcode][39m 		connected:                 yes
[35m[Xcode][39m 		isWirelessEnabled:         no
[35m[Xcode][39m 		connectionType:            direct
[35m[Xcode][39m 		hostname:                  Xs-black.local.
[35m[Xcode][39m 		bonjourServiceName:        90:e1:7b:80:91:85@fe80::92e1:7bff:fe80:9185._apple-mobdev2._tcp.local.
[35m[Xcode][39m 		} (12.3.1 (16F203))
[35m[Xcode][39m 
[35m[Xcode][39m 2019-10-18 10:53:35.816 xcodebuild[8951:952854] [MT] IDETestOperationsObserverDebug: (10F5D55E-F27A-4B16-90F3-1AD16862F161) Finished requesting crash reports. Continuing with testing.
[35m[Xcode][39m 
[35m[Xcode][39m 
[35m[Xcode][39m 
[35m[Xcode][39m *** If you believe this error represents a bug, please attach the result bundle at /Users/sureshvpatil/Library/Developer/Xcode/DerivedData/WebDriverAgent-ftzxtktydrajofedblbewsaonltf/Logs/Test/Test-WebDriverAgentRunner-2019.10.18_10-53-35-+0530.xcresult
[35m[Xcode][39m 
[35m[Xcode][39m 
[35m[Xcode][39m 2019-10-18 10:53:35.827 xcodebuild[8951:952854] [MT] IDETestOperationsObserverDebug: 0.359 elapsed -- Testing started completed.
[35m[Xcode][39m 2019-10-18 10:53:35.827 xcodebuild[8951:952854] [MT] IDETestOperationsObserverDebug: 0.000 sec, +0.000 sec -- start
[35m[Xcode][39m 
[35m[Xcode][39m 2019-10-18 10:53:35.827 xcodebuild[8951:952854] [MT] IDETestOperationsObserverDebug: 0.359 sec, +0.359 sec -- end
[35m[Xcode][39m 2019-10-18 10:53:35.827 xcodebuild[8951:952854] Error Domain=NSCocoaErrorDomain Code=260 "The file ‚ÄúWebDriverAgentRunner-Runner.app‚Äù couldn‚Äôt be opened because there is no such file." UserInfo={NSFilePath=/Users/sureshvpatil/Library/Developer/Xcode/DerivedData/WebDriverAgent-ftzxtktydrajofedblbewsaonltf/Build/Products/Debug-iphoneos/WebDriverAgentRunner-Runner.app, NSUnderlyingError=0x7fc1514cb930 {Error Domain=NSPOSIXErrorDomain Code=2 "No such file or directory"}}
[35m[Xcode][39m 
[35m[Xcode][39m 
[35m[Xcode][39m Testing failed:
[35m[Xcode][39m 
[35m[Xcode][39m 	An empty identity is not valid when signing a binary for the product type 'UI Testing Bundle'. (in target 'WebDriverAgentRunner')
[35m[Xcode][39m 	WebDriverAgentRunner:
[35m[Xcode][39m 		WebDriverAgentRunner-Runner.app encountered an error (Failed to install or launch the test runner. (Underlying error: The file ‚ÄúWebDriverAgentRunner-Runner.app‚Äù couldn‚Äôt be opened because there is no such file. The file doesn‚Äôt exist. (Underlying error: The operation couldn‚Äôt be completed. No such file or directory)))
[35m[Xcode][39m 
[35m[Xcode][39m Test session results and logs:
[35m[Xcode][39m 	/Users/sureshvpatil/Library/Developer/Xcode/DerivedData/WebDriverAgent-ftzxtktydrajofedblbewsaonltf/Logs/Test/Test-WebDriverAgentRunner-2019.10.18_10-53-35-+0530.xcresult
[35m[Xcode][39m 
[35m[Xcode][39m ** TEST EXECUTE FAILED **
[35m[Xcode][39m 
[35m[Xcode][39m 
[35m[Xcode][39m Testing started on 'Xs black'
[35m[Xcode][39m 
[35m[XCUITest][39m xcodebuild exited with code '65' and signal 'null'
[35m[Xcode][39m 2019-10-18 10:53:37.459 xcodebuild[8959:952938] Error writing xctestrun file: Error Domain=NSCocoaErrorDomain Code=4 "The folder ‚ÄúWebDriverAgentRunner_iphoneos12.4-arm64e.xctestrun‚Äù doesn‚Äôt exist." UserInfo={NSFilePath=/Users/sureshvpatil/Library/Developer/Xcode/DerivedData/WebDriverAgent-ftzxtktydrajofedblbewsaonltf/Build/Products/WebDriverAgentRunner_iphoneos12.4-arm64e.xctestrun, NSUserStringVariant=Folder, NSUnderlyingError=0x7fe1f6ab1b30 {Error Domain=NSPOSIXErrorDomain Code=2 "No such file or directory"}}
[35m[Xcode][39m 
[35m[Xcode][39m 2019-10-18 10:53:37.460 xcodebuild[8959:952938] Error writing xctestrun file: Error Domain=NSCocoaErrorDomain Code=4 "The folder ‚ÄúWebDriverAgentRunner_iphoneos12.4-arm64e.xctestrun‚Äù doesn‚Äôt exist." UserInfo={NSFilePath=/Users/sureshvpatil/Library/Developer/Xcode/DerivedData/WebDriverAgent-ftzxtktydrajofedblbewsaonltf/Build/Products/WebDriverAgentRunner_iphoneos12.4-arm64e.xctestrun, NSUserStringVariant=Folder, NSUnderlyingError=0x7fe1f6fada80 {Error Domain=NSPOSIXErrorDomain Code=2 "No such file or directory"}}
[35m[Xcode][39m 
[35m[Xcode][39m ** TEST BUILD FAILED **
[35m[Xcode][39m 
[35m[Xcode][39m 
[35m[Xcode][39m 2019-10-18 10:53:37.469 xcodebuild[8959:952972]  IDETestOperationsObserverDebug: Writing diagnostic log for test session to:
[35m[Xcode][39m /Users/sureshvpatil/Library/Developer/Xcode/DerivedData/WebDriverAgent-ftzxtktydrajofedblbewsaonltf/Logs/Test/Test-WebDriverAgentRunner-2019.10.18_10-53-37-+0530.xcresult/2_Test/Diagnostics/WebDriverAgentRunner-B4070407-C61F-4E1E-AA33-3FAE0AD07FEC/WebDriverAgentRunner-AA9FD5BF-47E4-418F-B3A1-4BF33DE50E8A/Session-WebDriverAgentRunner-2019-10-18_105337-fdcMOQ.log
[35m[Xcode][39m 
[35m[Xcode][39m 2019-10-18 10:53:37.469 xcodebuild[8959:952936] [MT] IDETestOperationsObserverDebug: (2636F351-AEDB-4862-8FF0-75F8F43AB15B) Beginning test session WebDriverAgentRunner-2636F351-AEDB-4862-8FF0-75F8F43AB15B at 2019-10-18 10:53:37.469 with Xcode 10G8 on target üì±<DVTiOSDevice (0x7fe1f9129490), Xs black, iPhone, 12.3.1 (16F203), 00008020-001E14A622FA002E> {
[35m[Xcode][39m 		deviceSerialNumber:         G6TXQ76KKPH4
[35m[Xcode][39m 		identifier:                 00008020-001E14A622FA002E
[35m[Xcode][39m 		deviceClass:                iPhone
[35m[Xcode][39m 		deviceName:                 Xs black
[35m[Xcode][39m 		deviceIdentifier:           00008020-001E14A622FA002E
[35m[Xcode][39m 		productVersion:             12.3.1
[35m[Xcode][39m 		buildVersion:               16F203
[35m[Xcode][39m 		deviceSoftwareVersion:      12.3.1 (16F203)
[35m[Xcode][39m 		deviceArchitecture:         arm64e
[35m[Xcode][39m 		deviceTotalCapacity:        251353055232
[35m[Xcode][39m 		deviceAvailableCapacity:    245735702528
[35m[Xcode][39m 		deviceIsTransient:          NO
[35m[Xcode][39m 		ignored:                    NO
[35m[Xcode][39m 		deviceIsBusy:               NO
[35m[Xcode][39m 		deviceIsPaired:             YES
[35m[Xcode][39m 		deviceIsActivated:          YES
[35m[Xcode][39m 		deviceActivationState:      Activated
[35m[Xcode][39m 		isPasscodeLocked:           NO
[35m[Xcode][39m 		deviceType:                 <DVTDeviceType:0x7fe1f8a49e10 Xcode.DeviceType.iPhone>
[35m[Xcode][39m 		supportedDeviceFamilies:    (
[35m[Xcode][39m     1
[35m[Xcode][39m )
[35m[Xcode][39m 		applications:              (null)
[35m[Xcode][39m 		provisioningProfiles:      (null)
[35m[Xcode][39m 		hasInternalSupport:        NO
[35m[Xcode][39m 		isSupportedOS:             YES
[35m[Xcode][39m 		developerDiskMountError:   (null)
[35m[Xcode][39m (null)
[35m[Xcode][39m 	bootArgs:                  (null)
[35m[Xcode][39m 		nextBootArgs:              (null)
[35m[Xcode][39m 		connected:                 yes
[35m[Xcode][39m 		isWirelessEnabled:         no
[35m[Xcode][39m 		connectionType:            direct
[35m[Xcode][39m 		hostname:                  Xs-black.local.
[35m[Xcode][39m 		bonjourServiceName:        90:e1:7b:80:91:85@fe80::92e1:7bff:fe80:9185._apple-mobdev2._tcp.local.
[35m[Xcode][39m 		} (12.3.1 (16F203))
[35m[Xcode][39m 
[35m[Xcode][39m 2019-10-18 10:53:37.817 xcodebuild[8959:952936] [MT] IDETestOperationsObserverDebug: (2636F351-AEDB-4862-8FF0-75F8F43AB15B) Finished requesting crash reports. Continuing with testing.
[35m[Xcode][39m 
[35m[Xcode][39m 
[35m[Xcode][39m 
[35m[Xcode][39m *** If you believe this error represents a bug, please attach the result bundle at /Users/sureshvpatil/Library/Developer/Xcode/DerivedData/WebDriverAgent-ftzxtktydrajofedblbewsaonltf/Logs/Test/Test-WebDriverAgentRunner-2019.10.18_10-53-37-+0530.xcresult
[35m[Xcode][39m 
[35m[Xcode][39m 
[35m[Xcode][39m 2019-10-18 10:53:37.828 xcodebuild[8959:952936] [MT] IDETestOperationsObserverDebug: 0.362 elapsed -- Testing started completed.
[35m[Xcode][39m 
[35m[Xcode][39m 2019-10-18 10:53:37.829 xcodebuild[8959:952936] [MT] IDETestOperationsObserverDebug: 0.000 sec, +0.000 sec -- start
[35m[Xcode][39m 2019-10-18 10:53:37.829 xcodebuild[8959:952936] [MT] IDETestOperationsObserverDebug: 0.362 sec, +0.362 sec -- end
[35m[Xcode][39m 
[35m[Xcode][39m 2019-10-18 10:53:37.829 xcodebuild[8959:952936] Error Domain=NSCocoaErrorDomain Code=260 "The file ‚ÄúWebDriverAgentRunner-Runner.app‚Äù couldn‚Äôt be opened because there is no such file." UserInfo={NSFilePath=/Users/sureshvpatil/Library/Developer/Xcode/DerivedData/WebDriverAgent-ftzxtktydrajofedblbewsaonltf/Build/Products/Debug-iphoneos/WebDriverAgentRunner-Runner.app, NSUnderlyingError=0x7fe1f9141f50 {Error Domain=NSPOSIXErrorDomain Code=2 "No such file or directory"}}
[35m[Xcode][39m 
[35m[Xcode][39m 
[35m[Xcode][39m Testing failed:
[35m[Xcode][39m 
[35m[Xcode][39m 	An empty identity is not valid when signing a binary for the product type 'UI Testing Bundle'. (in target 'WebDriverAgentRunner')
[35m[Xcode][39m 	WebDriverAgentRunner:
[35m[Xcode][39m 		WebDriverAgentRunner-Runner.app encountered an error (Failed to install or launch the test runner. (Underlying error: The file ‚ÄúWebDriverAgentRunner-Runner.app‚Äù couldn‚Äôt be opened because there is no such file. The file doesn‚Äôt exist. (Underlying error: The operation couldn‚Äôt be completed. No such file or directory)))
[35m[Xcode][39m 
[35m[Xcode][39m Test session results and logs:
[35m[Xcode][39m 	/Users/sureshvpatil/Library/Developer/Xcode/DerivedData/WebDriverAgent-ftzxtktydrajofedblbewsaonltf/Logs/Test/Test-WebDriverAgentRunner-2019.10.18_10-53-37-+0530.xcresult
[35m[Xcode][39m 
[35m[Xcode][39m ** TEST EXECUTE FAILED **
[35m[Xcode][39m 
[35m[Xcode][39m 
[35m[Xcode][39m Testing started on 'Xs black'
[35m[Xcode][39m 
[35m[XCUITest][39m xcodebuild exited with code '65' and signal 'null'
[35m[XCUITest][39m Error: Unable to launch WebDriverAgent because of xcodebuild failure: xcodebuild failed with code 65
[35m[XCUITest][39m xcodebuild error message:
[35m[XCUITest][39m 
[35m[XCUITest][39m 2019-10-18 10:53:37.459 xcodebuild[8959:952938] Error writing xctestrun file: Error Domain=NSCocoaErrorDomain Code=4 "The folder ‚ÄúWebDriverAgentRunner_iphoneos12.4-arm64e.xctestrun‚Äù doesn‚Äôt exist." UserInfo={NSFilePath=/Users/sureshvpatil/Library/Developer/Xcode/DerivedData/WebDriverAgent-ftzxtktydrajofedblbewsaonltf/Build/Products/WebDriverAgentRunner_iphoneos12.4-arm64e.xctestrun, NSUserStringVariant=Folder, NSUnderlyingError=0x7fe1f6ab1b30 {Error Domain=NSPOSIXErrorDomain Code=2 "No such file or directory"}}
[35m[XCUITest][39m 2019-10-18 10:53:37.460 xcodebuild[8959:952938] Error writing xctestrun file: Error Domain=NSCocoaErrorDomain Code=4 "The folder ‚ÄúWebDriverAgentRunner_iphoneos12.4-arm64e.xctestrun‚Äù doesn‚Äôt exist." UserInfo={NSFilePath=/Users/sureshvpatil/Library/Developer/Xcode/DerivedData/WebDriverAgent-ftzxtktydrajofedblbewsaonltf/Build/Products/WebDriverAgentRunner_iphoneos12.4-arm64e.xctestrun, NSUserStringVariant=Folder, NSUnderlyingError=0x7fe1f6fada80 {Error Domain=NSPOSIXErrorDomain Code=2 "No such file or directory"}}
[35m[XCUITest][39m ** TEST BUILD FAILED **
[35m[XCUITest][39m 2019-10-18 10:53:37.469 xcodebuild[8959:952972]  IDETestOperationsObserverDebug: Writing diagnostic log for test session to:
[35m[XCUITest][39m /Users/sureshvpatil/Library/Developer/Xcode/DerivedData/WebDriverAgent-ftzxtktydrajofedblbewsaonltf/Logs/Test/Test-WebDriverAgentRunner-2019.10.18_10-53-37-+0530.xcresult/2_Test/Diagnostics/WebDriverAgentRunner-B4070407-C61F-4E1E-AA33-3FAE0AD07FEC/WebDriverAgentRunner-AA9FD5BF-47E4-418F-B3A1-4BF33DE50E8A/Session-WebDriverAgentRunner-2019-10-18_105337-fdcMOQ.log
[35m[XCUITest][39m 2019-10-18 10:53:37.469 xcodebuild[8959:952936] [MT] IDETestOperationsObserverDebug: (2636F351-AEDB-4862-8FF0-75F8F43AB15B) Beginning test session WebDriverAgentRunner-2636F351-AEDB-4862-8FF0-75F8F43AB15B at 2019-10-18 10:53:37.469 with Xcode 10G8 on target üì±<DVTiOSDevice (0x7fe1f9129490), Xs black, iPhone, 12.3.1 (16F203), 00008020-001E14A622FA002E> {
[35m[XCUITest][39m 		deviceSerialNumber:         G6TXQ76KKPH4
[35m[XCUITest][39m 		identifier:                 00008020-001E14A622FA002E
[35m[XCUITest][39m 		deviceClass:                iPhone
[35m[XCUITest][39m 		deviceName:                 Xs black
[35m[XCUITest][39m 		deviceIdentifier:           00008020-001E14A622FA002E
[35m[XCUITest][39m 		productVersion:             12.3.1
[35m[XCUITest][39m 		buildVersion:               16F203
[35m[XCUITest][39m 		deviceSoftwareVersion:      12.3.1 (16F203)
[35m[XCUITest][39m 		deviceArchitecture:         arm64e
[35m[XCUITest][39m 		deviceTotalCapacity:        251353055232
[35m[XCUITest][39m 		deviceAvailableCapacity:    245735702528
[35m[XCUITest][39m 		deviceIsTransient:          NO
[35m[XCUITest][39m 		ignored:                    NO
[35m[XCUITest][39m 		deviceIsBusy:               NO
[35m[XCUITest][39m 		deviceIsPaired:             YES
[35m[XCUITest][39m 		deviceIsActivated:          YES
[35m[XCUITest][39m 		deviceActivationState:      Activated
[35m[XCUITest][39m 		isPasscodeLocked:           NO
[35m[XCUITest][39m 		deviceType:                 <DVTDeviceType:0x7fe1f8a49e10 Xcode.DeviceType.iPhone>
[35m[XCUITest][39m 		supportedDeviceFamilies:    (
[35m[XCUITest][39m     1
[35m[XCUITest][39m )
[35m[XCUITest][39m 		applications:              (null)
[35m[XCUITest][39m 		provisioningProfiles:      (null)
[35m[XCUITest][39m 		hasInternalSupport:        NO
[35m[XCUITest][39m 		isSupportedOS:             YES
[35m[XCUITest][39m 		developerDiskMountError:   (null)
[35m[XCUITest][39m (null)
[35m[XCUITest][39m 	bootArgs:                  (null)
[35m[XCUITest][39m 		nextBootArgs:              (null)
[35m[XCUITest][39m 		connected:                 yes
[35m[XCUITest][39m 		isWirelessEnabled:         no
[35m[XCUITest][39m 		connectionType:            direct
[35m[XCUITest][39m 		hostname:                  Xs-black.local.
[35m[XCUITest][39m 		bonjourServiceName:        90:e1:7b:80:91:85@fe80::92e1:7bff:fe80:9185._apple-mobdev2._tcp.local.
[35m[XCUITest][39m 		} (12.3.1 (16F203))
[35m[XCUITest][39m 2019-10-18 10:53:37.817 xcodebuild[8959:952936] [MT] IDETestOperationsObserverDebug: (2636F351-AEDB-4862-8FF0-75F8F43AB15B) Finished requesting crash reports. Continuing with testing.
[35m[XCUITest][39m *** If you believe this error represents a bug, please attach the result bundle at /Users/sureshvpatil/Library/Developer/Xcode/DerivedData/WebDriverAgent-ftzxtktydrajofedblbewsaonltf/Logs/Test/Test-WebDriverAgentRunner-2019.10.18_10-53-37-+0530.xcresult
[35m[XCUITest][39m 2019-10-18 10:53:37.828 xcodebuild[8959:952936] [MT] IDETestOperationsObserverDebug: 0.362 elapsed -- Testing started completed.
[35m[XCUITest][39m 2019-10-18 10:53:37.829 xcodebuild[8959:952936] [MT] IDETestOperationsObserverDebug: 0.000 sec, +0.000 sec -- start
[35m[XCUITest][39m 2019-10-18 10:53:37.829 xcodebuild[8959:952936] [MT] IDETestOperationsObserverDebug: 0.362 sec, +0.362 sec -- end
[35m[XCUITest][39m 2019-10-18 10:53:37.829 xcodebuild[8959:952936] Error Domain=NSCocoaErrorDomain Code=260 "The file ‚ÄúWebDriverAgentRunner-Runner.app‚Äù couldn‚Äôt be opened because there is no such file." UserInfo={NSFilePath=/Users/sureshvpatil/Library/Developer/Xcode/DerivedData/WebDriverAgent-ftzxtktydrajofedblbewsaonltf/Build/Products/Debug-iphoneos/WebDriverAgentRunner-Runner.app, NSUnderlyingError=0x7fe1f9141f50 {Error Domain=NSPOSIXErrorDomain Code=2 "No such file or directory"}}
[35m[XCUITest][39m Testing failed:
[35m[XCUITest][39m 	An empty identity is not valid when signing a binary for the product type 'UI Testing Bundle'. (in target 'WebDriverAgentRunner')
[35m[XCUITest][39m 	WebDriverAgentRunner:
[35m[XCUITest][39m 		WebDriverAgentRunner-Runner.app encountered an error (Failed to install or launch the test runner. (Underlying error: The file ‚ÄúWebDriverAgentRunner-Runner.app‚Äù couldn‚Äôt be opened because there is no such file. The file doesn‚Äôt exist. (Underlying error: The operation couldn‚Äôt be completed. No such file or directory)))
[35m[XCUITest][39m Test session results and logs:
[35m[XCUITest][39m 	/Users/sureshvpatil/Library/Developer/Xcode/DerivedData/WebDriverAgent-ftzxtktydrajofedblbewsaonltf/Logs/Test/Test-WebDriverAgentRunner-2019.10.18_10-53-37-+0530.xcresult
[35m[XCUITest][39m ** TEST EXECUTE FAILED **
[35m[XCUITest][39m Testing started on 'Xs black'. Make sure you follow the tutorial at https://github.com/appium/appium-xcuitest-driver/blob/master/docs/real-device-config.md. Try to remove the WebDriverAgentRunner application from the device if it is installed and reboot the device.
[35m[XCUITest][39m     at quitAndUninstall (/Users/sureshvpatil/Downloads/Lilly_Framework/node_modules/appium/node_modules/appium-xcuitest-driver/lib/driver.js:501:15)
[35m[Xcode][39m 2019-10-18 10:56:47.901 xcodebuild[9033:962729] Error writing xctestrun file: Error Domain=NSCocoaErrorDomain Code=4 "The folder ‚ÄúWebDriverAgentRunner_iphoneos12.4-arm64e.xctestrun‚Äù doesn‚Äôt exist." UserInfo={NSFilePath=/Users/sureshvpatil/Library/Developer/Xcode/DerivedData/WebDriverAgent-ftzxtktydrajofedblbewsaonltf/Build/Products/WebDriverAgentRunner_iphoneos12.4-arm64e.xctestrun, NSUserStringVariant=Folder, NSUnderlyingError=0x7fa15ce5b2c0 {Error Domain=NSPOSIXErrorDomain Code=2 "No such file or directory"}}
[35m[Xcode][39m 
[35m[Xcode][39m 2019-10-18 10:56:47.901 xcodebuild[9033:962729] Error writing xctestrun file: Error Domain=NSCocoaErrorDomain Code=4 "The folder ‚ÄúWebDriverAgentRunner_iphoneos12.4-arm64e.xctestrun‚Äù doesn‚Äôt exist." UserInfo={NSFilePath=/Users/sureshvpatil/Library/Developer/Xcode/DerivedData/WebDriverAgent-ftzxtktydrajofedblbewsaonltf/Build/Products/WebDriverAgentRunner_iphoneos12.4-arm64e.xctestrun, NSUserStringVariant=Folder, NSUnderlyingError=0x7fa16097fbd0 {Error Domain=NSPOSIXErrorDomain Code=2 "No such file or directory"}}
[35m[Xcode][39m 
[35m[Xcode][39m ** TEST BUILD FAILED **
[35m[Xcode][39m 
[35m[Xcode][39m 
[35m[Xcode][39m 2019-10-18 10:56:47.910 xcodebuild[9033:962730]  IDETestOperationsObserverDebug: Writing diagnostic log for test session to:
[35m[Xcode][39m /Users/sureshvpatil/Library/Developer/Xcode/DerivedData/WebDriverAgent-ftzxtktydrajofedblbewsaonltf/Logs/Test/Test-WebDriverAgentRunner-2019.10.18_10-56-47-+0530.xcresult/2_Test/Diagnostics/WebDriverAgentRunner-C641C81C-78AF-4F7B-BEAA-CBAA07ADE330/WebDriverAgentRunner-E1865345-41CC-40CD-BFCD-04C8EBCE378C/Session-WebDriverAgentRunner-2019-10-18_105647-Xf4ZBJ.log
[35m[Xcode][39m 
[35m[Xcode][39m 2019-10-18 10:56:47.910 xcodebuild[9033:962724] [MT] IDETestOperationsObserverDebug: (6BF1ED07-6DF4-4F4E-8417-7000D3D939E6) Beginning test session WebDriverAgentRunner-6BF1ED07-6DF4-4F4E-8417-7000D3D939E6 at 2019-10-18 10:56:47.910 with Xcode 10G8 on target üì±<DVTiOSDevice (0x7fa160f71100), Xs black, iPhone, 12.3.1 (16F203), 00008020-001E14A622FA002E> {
[35m[Xcode][39m 		deviceSerialNumber:         G6TXQ76KKPH4
[35m[Xcode][39m 		identifier:                 00008020-001E14A622FA002E
[35m[Xcode][39m 		deviceClass:                iPhone
[35m[Xcode][39m 		deviceName:                 Xs black
[35m[Xcode][39m 		deviceIdentifier:           00008020-001E14A622FA002E
[35m[Xcode][39m 		productVersion:             12.3.1
[35m[Xcode][39m 		buildVersion:               16F203
[35m[Xcode][39m 		deviceSoftwareVersion:      12.3.1 (16F203)
[35m[Xcode][39m 		deviceArchitecture:         arm64e
[35m[Xcode][39m 		deviceTotalCapacity:        251353055232
[35m[Xcode][39m 		deviceAvailableCapacity:    245747216384
[35m[Xcode][39m 		deviceIsTransient:          NO
[35m[Xcode][39m 		ignored:                    NO
[35m[Xcode][39m 		deviceIsBusy:               NO
[35m[Xcode][39m 		deviceIsPaired:             YES
[35m[Xcode][39m 		deviceIsActivated:          YES
[35m[Xcode][39m 		deviceActivationState:      Activated
[35m[Xcode][39m 		isPasscodeLocked:           NO
[35m[Xcode][39m 		deviceType:                 <DVTDeviceType:0x7fa15cda7a30 Xcode.DeviceType.iPhone>
[35m[Xcode][39m 		supportedDeviceFamilies:    (
[35m[Xcode][39m     1
[35m[Xcode][39m )
[35m[Xcode][39m 		applications:              (null)
[35m[Xcode][39m 		provisioningProfiles:      (null)
[35m[Xcode][39m 		hasInternalSupport:        NO
[35m[Xcode][39m 		isSupportedOS:             YES
[35m[Xcode][39m 		developerDiskMountError:   (null)
[35m[Xcode][39m (null)
[35m[Xcode][39m 	bootArgs:                  (null)
[35m[Xcode][39m 		nextBootArgs:              (null)
[35m[Xcode][39m 		connected:                 yes
[35m[Xcode][39m 		isWirelessEnabled:         no
[35m[Xcode][39m 		connectionType:            direct
[35m[Xcode][39m 		hostname:                  Xs-black.local.
[35m[Xcode][39m 		bonjourServiceName:        90:e1:7b:80:91:85@fe80::92e1:7bff:fe80:9185._apple-mobdev2._tcp.local.
[35m[Xcode][39m 		} (12.3.1 (16F203))
[35m[Xcode][39m 
[35m[Xcode][39m 2019-10-18 10:56:48.243 xcodebuild[9033:962724] [MT] IDETestOperationsObserverDebug: (6BF1ED07-6DF4-4F4E-8417-7000D3D939E6) Finished requesting crash reports. Continuing with testing.
[35m[Xcode][39m 
[35m[Xcode][39m 
[35m[Xcode][39m 
[35m[Xcode][39m *** If you believe this error represents a bug, please attach the result bundle at /Users/sureshvpatil/Library/Developer/Xcode/DerivedData/WebDriverAgent-ftzxtktydrajofedblbewsaonltf/Logs/Test/Test-WebDriverAgentRunner-2019.10.18_10-56-47-+0530.xcresult
[35m[Xcode][39m 
[35m[Xcode][39m 
[35m[Xcode][39m 2019-10-18 10:56:48.254 xcodebuild[9033:962724] [MT] IDETestOperationsObserverDebug: 0.347 elapsed -- Testing started completed.
[35m[Xcode][39m 
[35m[Xcode][39m 2019-10-18 10:56:48.254 xcodebuild[9033:962724] [MT] IDETestOperationsObserverDebug: 0.000 sec, +0.000 sec -- start
[35m[Xcode][39m 2019-10-18 10:56:48.254 xcodebuild[9033:962724] [MT] IDETestOperationsObserverDebug: 0.347 sec, +0.347 sec -- end
[35m[Xcode][39m 
[35m[Xcode][39m 2019-10-18 10:56:48.254 xcodebuild[9033:962724] Error Domain=NSCocoaErrorDomain Code=260 "The file ‚ÄúWebDriverAgentRunner-Runner.app‚Äù couldn‚Äôt be opened because there is no such file." UserInfo={NSFilePath=/Users/sureshvpatil/Library/Developer/Xcode/DerivedData/WebDriverAgent-ftzxtktydrajofedblbewsaonltf/Build/Products/Debug-iphoneos/WebDriverAgentRunner-Runner.app, NSUnderlyingError=0x7fa160c73b20 {Error Domain=NSPOSIXErrorDomain Code=2 "No such file or directory"}}
[35m[Xcode][39m 
[35m[Xcode][39m 
[35m[Xcode][39m Testing failed:
[35m[Xcode][39m 
[35m[Xcode][39m 	An empty identity is not valid when signing a binary for the product type 'UI Testing Bundle'. (in target 'WebDriverAgentRunner')
[35m[Xcode][39m 	WebDriverAgentRunner:
[35m[Xcode][39m 		WebDriverAgentRunner-Runner.app encountered an error (Failed to install or launch the test runner. (Underlying error: The file ‚ÄúWebDriverAgentRunner-Runner.app‚Äù couldn‚Äôt be opened because there is no such file. The file doesn‚Äôt exist. (Underlying error: The operation couldn‚Äôt be completed. No such file or directory)))
[35m[Xcode][39m 
[35m[Xcode][39m Test session results and logs:
[35m[Xcode][39m 	/Users/sureshvpatil/Library/Developer/Xcode/DerivedData/WebDriverAgent-ftzxtktydrajofedblbewsaonltf/Logs/Test/Test-WebDriverAgentRunner-2019.10.18_10-56-47-+0530.xcresult
[35m[Xcode][39m 
[35m[Xcode][39m ** TEST EXECUTE FAILED **
[35m[Xcode][39m 
[35m[Xcode][39m 
[35m[Xcode][39m Testing started on 'Xs black'
[35m[Xcode][39m 
[35m[XCUITest][39m xcodebuild exited with code '65' and signal 'null'
[35m[Xcode][39m 2019-10-18 10:56:49.859 xcodebuild[9041:962901] Error writing xctestrun file: Error Domain=NSCocoaErrorDomain Code=4 "The folder ‚ÄúWebDriverAgentRunner_iphoneos12.4-arm64e.xctestrun‚Äù doesn‚Äôt exist." UserInfo={NSFilePath=/Users/sureshvpatil/Library/Developer/Xcode/DerivedData/WebDriverAgent-ftzxtktydrajofedblbewsaonltf/Build/Products/WebDriverAgentRunner_iphoneos12.4-arm64e.xctestrun, NSUserStringVariant=Folder, NSUnderlyingError=0x7fe7fcec4d60 {Error Domain=NSPOSIXErrorDomain Code=2 "No such file or directory"}}
[35m[Xcode][39m 
[35m[Xcode][39m 2019-10-18 10:56:49.859 xcodebuild[9041:962901] Error writing xctestrun file: Error Domain=NSCocoaErrorDomain Code=4 "The folder ‚ÄúWebDriverAgentRunner_iphoneos12.4-arm64e.xctestrun‚Äù doesn‚Äôt exist." UserInfo={NSFilePath=/Users/sureshvpatil/Library/Developer/Xcode/DerivedData/WebDriverAgent-ftzxtktydrajofedblbewsaonltf/Build/Products/WebDriverAgentRunner_iphoneos12.4-arm64e.xctestrun, NSUserStringVariant=Folder, NSUnderlyingError=0x7fe7faaee540 {Error Domain=NSPOSIXErrorDomain Code=2 "No such file or directory"}}
[35m[Xcode][39m 
[35m[Xcode][39m ** TEST BUILD FAILED **
[35m[Xcode][39m 
[35m[Xcode][39m 
[35m[Xcode][39m 2019-10-18 10:56:49.868 xcodebuild[9041:962900]  IDETestOperationsObserverDebug: Writing diagnostic log for test session to:
[35m[Xcode][39m /Users/sureshvpatil/Library/Developer/Xcode/DerivedData/WebDriverAgent-ftzxtktydrajofedblbewsaonltf/Logs/Test/Test-WebDriverAgentRunner-2019.10.18_10-56-49-+0530.xcresult/2_Test/Diagnostics/WebDriverAgentRunner-F9138265-5FFA-4DBB-9FEF-2B05E2688C0D/WebDriverAgentRunner-F37AF52E-1F91-468D-862E-2019B815D4D9/Session-WebDriverAgentRunner-2019-10-18_105649-pGAkZF.log
[35m[Xcode][39m 
[35m[Xcode][39m 2019-10-18 10:56:49.868 xcodebuild[9041:962882] [MT] IDETestOperationsObserverDebug: (1886F4F4-727B-4A0A-9B30-FF11C2932617) Beginning test session WebDriverAgentRunner-1886F4F4-727B-4A0A-9B30-FF11C2932617 at 2019-10-18 10:56:49.868 with Xcode 10G8 on target üì±<DVTiOSDevice (0x7fe7fccd48d0), Xs black, iPhone, 12.3.1 (16F203), 00008020-001E14A622FA002E> {
[35m[Xcode][39m 		deviceSerialNumber:         G6TXQ76KKPH4
[35m[Xcode][39m 		identifier:                 00008020-001E14A622FA002E
[35m[Xcode][39m 		deviceClass:                iPhone
[35m[Xcode][39m 		deviceName:                 Xs black
[35m[Xcode][39m 		deviceIdentifier:           00008020-001E14A622FA002E
[35m[Xcode][39m 		productVersion:             12.3.1
[35m[Xcode][39m 		buildVersion:               16F203
[35m[Xcode][39m 		deviceSoftwareVersion:      12.3.1 (16F203)
[35m[Xcode][39m 		deviceArchitecture:         arm64e
[35m[Xcode][39m 		deviceTotalCapacity:        251353055232
[35m[Xcode][39m 		deviceAvailableCapacity:    245747216384
[35m[Xcode][39m 		deviceIsTransient:          NO
[35m[Xcode][39m 		ignored:                    NO
[35m[Xcode][39m 		deviceIsBusy:               NO
[35m[Xcode][39m 		deviceIsPaired:             YES
[35m[Xcode][39m 		deviceIsActivated:          YES
[35m[Xcode][39m 		deviceActivationState:      Activated
[35m[Xcode][39m 		isPasscodeLocked:           NO
[35m[Xcode][39m 		deviceType:                 <DVTDeviceType:0x7fe7fc9aaac0 Xcode.DeviceType.iPhone>
[35m[Xcode][39m 		supportedDeviceFamilies:    (
[35m[Xcode][39m     1
[35m[Xcode][39m )
[35m[Xcode][39m 		applications:              (null)
[35m[Xcode][39m 		provisioningProfiles:      (null)
[35m[Xcode][39m 		hasInternalSupport:        NO
[35m[Xcode][39m 		isSupportedOS:             YES
[35m[Xcode][39m 		developerDiskMountError:   (null)
[35m[Xcode][39m (null)
[35m[Xcode][39m 	bootArgs:                  (null)
[35m[Xcode][39m 		nextBootArgs:              (null)
[35m[Xcode][39m 		connected:                 yes
[35m[Xcode][39m 		isWirelessEnabled:         no
[35m[Xcode][39m 		connectionType:            direct
[35m[Xcode][39m 		hostname:                  Xs-black.local.
[35m[Xcode][39m 		bonjourServiceName:        90:e1:7b:80:91:85@fe80::92e1:7bff:fe80:9185._apple-mobdev2._tcp.local.
[35m[Xcode][39m 		} (12.3.1 (16F203))
[35m[Xcode][39m 
[35m[Xcode][39m 2019-10-18 10:56:50.275 xcodebuild[9041:962882] [MT] IDETestOperationsObserverDebug: (1886F4F4-727B-4A0A-9B30-FF11C2932617) Finished requesting crash reports. Continuing with testing.
[35m[Xcode][39m 
[35m[Xcode][39m 
[35m[Xcode][39m 
[35m[Xcode][39m *** If you believe this error represents a bug, please attach the result bundle at /Users/sureshvpatil/Library/Developer/Xcode/DerivedData/WebDriverAgent-ftzxtktydrajofedblbewsaonltf/Logs/Test/Test-WebDriverAgentRunner-2019.10.18_10-56-49-+0530.xcresult
[35m[Xcode][39m 
[35m[Xcode][39m 
[35m[Xcode][39m 2019-10-18 10:56:50.286 xcodebuild[9041:962882] [MT] IDETestOperationsObserverDebug: 0.421 elapsed -- Testing started completed.
[35m[Xcode][39m 
[35m[Xcode][39m 2019-10-18 10:56:50.286 xcodebuild[9041:962882] [MT] IDETestOperationsObserverDebug: 0.000 sec, +0.000 sec -- start
[35m[Xcode][39m 2019-10-18 10:56:50.286 xcodebuild[9041:962882] [MT] IDETestOperationsObserverDebug: 0.421 sec, +0.421 sec -- end
[35m[Xcode][39m 
[35m[Xcode][39m 2019-10-18 10:56:50.286 xcodebuild[9041:962882] Error Domain=NSCocoaErrorDomain Code=260 "The file ‚ÄúWebDriverAgentRunner-Runner.app‚Äù couldn‚Äôt be opened because there is no such file." UserInfo={NSFilePath=/Users/sureshvpatil/Library/Developer/Xcode/DerivedData/WebDriverAgent-ftzxtktydrajofedblbewsaonltf/Build/Products/Debug-iphoneos/WebDriverAgentRunner-Runner.app, NSUnderlyingError=0x7fe7f8c639a0 {Error Domain=NSPOSIXErrorDomain Code=2 "No such file or directory"}}
[35m[Xcode][39m 
[35m[Xcode][39m 
[35m[Xcode][39m Testing failed:
[35m[Xcode][39m 
[35m[Xcode][39m 	An empty identity is not valid when signing a binary for the product type 'UI Testing Bundle'. (in target 'WebDriverAgentRunner')
[35m[Xcode][39m 	WebDriverAgentRunner:
[35m[Xcode][39m 		WebDriverAgentRunner-Runner.app encountered an error (Failed to install or launch the test runner. (Underlying error: The file ‚ÄúWebDriverAgentRunner-Runner.app‚Äù couldn‚Äôt be opened because there is no such file. The file doesn‚Äôt exist. (Underlying error: The operation couldn‚Äôt be completed. No such file or directory)))
[35m[Xcode][39m 
[35m[Xcode][39m Test session results and logs:
[35m[Xcode][39m 	/Users/sureshvpatil/Library/Developer/Xcode/DerivedData/WebDriverAgent-ftzxtktydrajofedblbewsaonltf/Logs/Test/Test-WebDriverAgentRunner-2019.10.18_10-56-49-+0530.xcresult
[35m[Xcode][39m 
[35m[Xcode][39m ** TEST EXECUTE FAILED **
[35m[Xcode][39m 
[35m[Xcode][39m 
[35m[Xcode][39m Testing started on 'Xs black'
[35m[Xcode][39m 
[35m[XCUITest][39m xcodebuild exited with code '65' and signal 'null'
[35m[XCUITest][39m Error: Unable to launch WebDriverAgent because of xcodebuild failure: xcodebuild failed with code 65
[35m[XCUITest][39m xcodebuild error message:
[35m[XCUITest][39m 
[35m[XCUITest][39m 2019-10-18 10:56:49.859 xcodebuild[9041:962901] Error writing xctestrun file: Error Domain=NSCocoaErrorDomain Code=4 "The folder ‚ÄúWebDriverAgentRunner_iphoneos12.4-arm64e.xctestrun‚Äù doesn‚Äôt exist." UserInfo={NSFilePath=/Users/sureshvpatil/Library/Developer/Xcode/DerivedData/WebDriverAgent-ftzxtktydrajofedblbewsaonltf/Build/Products/WebDriverAgentRunner_iphoneos12.4-arm64e.xctestrun, NSUserStringVariant=Folder, NSUnderlyingError=0x7fe7fcec4d60 {Error Domain=NSPOSIXErrorDomain Code=2 "No such file or directory"}}
[35m[XCUITest][39m 2019-10-18 10:56:49.859 xcodebuild[9041:962901] Error writing xctestrun file: Error Domain=NSCocoaErrorDomain Code=4 "The folder ‚ÄúWebDriverAgentRunner_iphoneos12.4-arm64e.xctestrun‚Äù doesn‚Äôt exist." UserInfo={NSFilePath=/Users/sureshvpatil/Library/Developer/Xcode/DerivedData/WebDriverAgent-ftzxtktydrajofedblbewsaonltf/Build/Products/WebDriverAgentRunner_iphoneos12.4-arm64e.xctestrun, NSUserStringVariant=Folder, NSUnderlyingError=0x7fe7faaee540 {Error Domain=NSPOSIXErrorDomain Code=2 "No such file or directory"}}
[35m[XCUITest][39m ** TEST BUILD FAILED **
[35m[XCUITest][39m 2019-10-18 10:56:49.868 xcodebuild[9041:962900]  IDETestOperationsObserverDebug: Writing diagnostic log for test session to:
[35m[XCUITest][39m /Users/sureshvpatil/Library/Developer/Xcode/DerivedData/WebDriverAgent-ftzxtktydrajofedblbewsaonltf/Logs/Test/Test-WebDriverAgentRunner-2019.10.18_10-56-49-+0530.xcresult/2_Test/Diagnostics/WebDriverAgentRunner-F9138265-5FFA-4DBB-9FEF-2B05E2688C0D/WebDriverAgentRunner-F37AF52E-1F91-468D-862E-2019B815D4D9/Session-WebDriverAgentRunner-2019-10-18_105649-pGAkZF.log
[35m[XCUITest][39m 2019-10-18 10:56:49.868 xcodebuild[9041:962882] [MT] IDETestOperationsObserverDebug: (1886F4F4-727B-4A0A-9B30-FF11C2932617) Beginning test session WebDriverAgentRunner-1886F4F4-727B-4A0A-9B30-FF11C2932617 at 2019-10-18 10:56:49.868 with Xcode 10G8 on target üì±<DVTiOSDevice (0x7fe7fccd48d0), Xs black, iPhone, 12.3.1 (16F203), 00008020-001E14A622FA002E> {
[35m[XCUITest][39m 		deviceSerialNumber:         G6TXQ76KKPH4
[35m[XCUITest][39m 		identifier:                 00008020-001E14A622FA002E
[35m[XCUITest][39m 		deviceClass:                iPhone
[35m[XCUITest][39m 		deviceName:                 Xs black
[35m[XCUITest][39m 		deviceIdentifier:           00008020-001E14A622FA002E
[35m[XCUITest][39m 		productVersion:             12.3.1
[35m[XCUITest][39m 		buildVersion:               16F203
[35m[XCUITest][39m 		deviceSoftwareVersion:      12.3.1 (16F203)
[35m[XCUITest][39m 		deviceArchitecture:         arm64e
[35m[XCUITest][39m 		deviceTotalCapacity:        251353055232
[35m[XCUITest][39m 		deviceAvailableCapacity:    245747216384
[35m[XCUITest][39m 		deviceIsTransient:          NO
[35m[XCUITest][39m 		ignored:                    NO
[35m[XCUITest][39m 		deviceIsBusy:               NO
[35m[XCUITest][39m 		deviceIsPaired:             YES
[35m[XCUITest][39m 		deviceIsActivated:          YES
[35m[XCUITest][39m 		deviceActivationState:      Activated
[35m[XCUITest][39m 		isPasscodeLocked:           NO
[35m[XCUITest][39m 		deviceType:                 <DVTDeviceType:0x7fe7fc9aaac0 Xcode.DeviceType.iPhone>
[35m[XCUITest][39m 		supportedDeviceFamilies:    (
[35m[XCUITest][39m     1
[35m[XCUITest][39m )
[35m[XCUITest][39m 		applications:              (null)
[35m[XCUITest][39m 		provisioningProfiles:      (null)
[35m[XCUITest][39m 		hasInternalSupport:        NO
[35m[XCUITest][39m 		isSupportedOS:             YES
[35m[XCUITest][39m 		developerDiskMountError:   (null)
[35m[XCUITest][39m (null)
[35m[XCUITest][39m 	bootArgs:                  (null)
[35m[XCUITest][39m 		nextBootArgs:              (null)
[35m[XCUITest][39m 		connected:                 yes
[35m[XCUITest][39m 		isWirelessEnabled:         no
[35m[XCUITest][39m 		connectionType:            direct
[35m[XCUITest][39m 		hostname:                  Xs-black.local.
[35m[XCUITest][39m 		bonjourServiceName:        90:e1:7b:80:91:85@fe80::92e1:7bff:fe80:9185._apple-mobdev2._tcp.local.
[35m[XCUITest][39m 		} (12.3.1 (16F203))
[35m[XCUITest][39m 2019-10-18 10:56:50.275 xcodebuild[9041:962882] [MT] IDETestOperationsObserverDebug: (1886F4F4-727B-4A0A-9B30-FF11C2932617) Finished requesting crash reports. Continuing with testing.
[35m[XCUITest][39m *** If you believe this error represents a bug, please attach the result bundle at /Users/sureshvpatil/Library/Developer/Xcode/DerivedData/WebDriverAgent-ftzxtktydrajofedblbewsaonltf/Logs/Test/Test-WebDriverAgentRunner-2019.10.18_10-56-49-+0530.xcresult
[35m[XCUITest][39m 2019-10-18 10:56:50.286 xcodebuild[9041:962882] [MT] IDETestOperationsObserverDebug: 0.421 elapsed -- Testing started completed.
[35m[XCUITest][39m 2019-10-18 10:56:50.286 xcodebuild[9041:962882] [MT] IDETestOperationsObserverDebug: 0.000 sec, +0.000 sec -- start
[35m[XCUITest][39m 2019-10-18 10:56:50.286 xcodebuild[9041:962882] [MT] IDETestOperationsObserverDebug: 0.421 sec, +0.421 sec -- end
[35m[XCUITest][39m 2019-10-18 10:56:50.286 xcodebuild[9041:962882] Error Domain=NSCocoaErrorDomain Code=260 "The file ‚ÄúWebDriverAgentRunner-Runner.app‚Äù couldn‚Äôt be opened because there is no such file." UserInfo={NSFilePath=/Users/sureshvpatil/Library/Developer/Xcode/DerivedData/WebDriverAgent-ftzxtktydrajofedblbewsaonltf/Build/Products/Debug-iphoneos/WebDriverAgentRunner-Runner.app, NSUnderlyingError=0x7fe7f8c639a0 {Error Domain=NSPOSIXErrorDomain Code=2 "No such file or directory"}}
[35m[XCUITest][39m Testing failed:
[35m[XCUITest][39m 	An empty identity is not valid when signing a binary for the product type 'UI Testing Bundle'. (in target 'WebDriverAgentRunner')
[35m[XCUITest][39m 	WebDriverAgentRunner:
[35m[XCUITest][39m 		WebDriverAgentRunner-Runner.app encountered an error (Failed to install or launch the test runner. (Underlying error: The file ‚ÄúWebDriverAgentRunner-Runner.app‚Äù couldn‚Äôt be opened because there is no such file. The file doesn‚Äôt exist. (Underlying error: The operation couldn‚Äôt be completed. No such file or directory)))
[35m[XCUITest][39m Test session results and logs:
[35m[XCUITest][39m 	/Users/sureshvpatil/Library/Developer/Xcode/DerivedData/WebDriverAgent-ftzxtktydrajofedblbewsaonltf/Logs/Test/Test-WebDriverAgentRunner-2019.10.18_10-56-49-+0530.xcresult
[35m[XCUITest][39m ** TEST EXECUTE FAILED **
[35m[XCUITest][39m Testing started on 'Xs black'. Make sure you follow the tutorial at https://github.com/appium/appium-xcuitest-driver/blob/master/docs/real-device-config.md. Try to remove the WebDriverAgentRunner application from the device if it is installed and reboot the device.
[35m[XCUITest][39m     at quitAndUninstall (/Users/sureshvpatil/Downloads/Lilly_Framework/node_modules/appium/node_modules/appium-xcuitest-driver/lib/driver.js:501:15)
[35m[Xcode][39m 2019-10-18 10:58:39.326 xcodebuild[9098:965340] Error writing xctestrun file: Error Domain=NSCocoaErrorDomain Code=4 "The folder ‚ÄúWebDriverAgentRunner_iphoneos12.4-arm64e.xctestrun‚Äù doesn‚Äôt exist." UserInfo={NSFilePath=/Users/sureshvpatil/Library/Developer/Xcode/DerivedData/WebDriverAgent-ftzxtktydrajofedblbewsaonltf/Build/Products/WebDriverAgentRunner_iphoneos12.4-arm64e.xctestrun, NSUserStringVariant=Folder, NSUnderlyingError=0x7febf5caa650 {Error Domain=NSPOSIXErrorDomain Code=2 "No such file or directory"}}
[35m[Xcode][39m 
[35m[Xcode][39m 2019-10-18 10:58:39.326 xcodebuild[9098:965340] Error writing xctestrun file: Error Domain=NSCocoaErrorDomain Code=4 "The folder ‚ÄúWebDriverAgentRunner_iphoneos12.4-arm64e.xctestrun‚Äù doesn‚Äôt exist." UserInfo={NSFilePath=/Users/sureshvpatil/Library/Developer/Xcode/DerivedData/WebDriverAgent-ftzxtktydrajofedblbewsaonltf/Build/Products/WebDriverAgentRunner_iphoneos12.4-arm64e.xctestrun, NSUserStringVariant=Folder, NSUnderlyingError=0x7febf479acc0 {Error Domain=NSPOSIXErrorDomain Code=2 "No such file or directory"}}
[35m[Xcode][39m 
[35m[Xcode][39m ** TEST BUILD FAILED **
[35m[Xcode][39m 
[35m[Xcode][39m 
[35m[Xcode][39m 2019-10-18 10:58:39.335 xcodebuild[9098:965369]  IDETestOperationsObserverDebug: Writing diagnostic log for test session to:
[35m[Xcode][39m /Users/sureshvpatil/Library/Developer/Xcode/DerivedData/WebDriverAgent-ftzxtktydrajofedblbewsaonltf/Logs/Test/Test-WebDriverAgentRunner-2019.10.18_10-58-39-+0530.xcresult/2_Test/Diagnostics/WebDriverAgentRunner-4BF9C039-67A9-40A8-AC18-A56BA7E78B3F/WebDriverAgentRunner-D6C098E6-69F2-4F7D-9A6B-1055595157E7/Session-WebDriverAgentRunner-2019-10-18_105839-hMMZCa.log
[35m[Xcode][39m 
[35m[Xcode][39m 2019-10-18 10:58:39.335 xcodebuild[9098:965336] [MT] IDETestOperationsObserverDebug: (F09FF060-EC48-42DD-A928-DD575CBE2C92) Beginning test session WebDriverAgentRunner-F09FF060-EC48-42DD-A928-DD575CBE2C92 at 2019-10-18 10:58:39.336 with Xcode 10G8 on target üì±<DVTiOSDevice (0x7febf827d070), Xs black, iPhone, 12.3.1 (16F203), 00008020-001E14A622FA002E> {
[35m[Xcode][39m 		deviceSerialNumber:         G6TXQ76KKPH4
[35m[Xcode][39m 		identifier:                 00008020-001E14A622FA002E
[35m[Xcode][39m 		deviceClass:                iPhone
[35m[Xcode][39m 		deviceName:                 Xs black
[35m[Xcode][39m 		deviceIdentifier:           00008020-001E14A622FA002E
[35m[Xcode][39m 		productVersion:             12.3.1
[35m[Xcode][39m 		buildVersion:               16F203
[35m[Xcode][39m 		deviceSoftwareVersion:      12.3.1 (16F203)
[35m[Xcode][39m 		deviceArchitecture:         arm64e
[35m[Xcode][39m 		deviceTotalCapacity:        251353055232
[35m[Xcode][39m 		deviceAvailableCapacity:    245767544832
[35m[Xcode][39m 		deviceIsTransient:          NO
[35m[Xcode][39m 		ignored:                    NO
[35m[Xcode][39m 		deviceIsBusy:               NO
[35m[Xcode][39m 		deviceIsPaired:             YES
[35m[Xcode][39m 		deviceIsActivated:          YES
[35m[Xcode][39m 		deviceActivationState:      Activated
[35m[Xcode][39m 		isPasscodeLocked:           NO
[35m[Xcode][39m 		deviceType:                 <DVTDeviceType:0x7febf5b139e0 Xcode.DeviceType.iPhone>
[35m[Xcode][39m 		supportedDeviceFamilies:    (
[35m[Xcode][39m     1
[35m[Xcode][39m )
[35m[Xcode][39m 		applications:              (null)
[35m[Xcode][39m 		provisioningProfiles:      (null)
[35m[Xcode][39m 		hasInternalSupport:        NO
[35m[Xcode][39m 		isSupportedOS:             YES
[35m[Xcode][39m 		developerDiskMountError:   (null)
[35m[Xcode][39m (null)
[35m[Xcode][39m 	bootArgs:                  (null)
[35m[Xcode][39m 		nextBootArgs:              (null)
[35m[Xcode][39m 		connected:                 yes
[35m[Xcode][39m 		isWirelessEnabled:         no
[35m[Xcode][39m 		connectionType:            direct
[35m[Xcode][39m 		hostname:                  Xs-black.local.
[35m[Xcode][39m 		bonjourServiceName:        90:e1:7b:80:91:85@fe80::92e1:7bff:fe80:9185._apple-mobdev2._tcp.local.
[35m[Xcode][39m 		} (12.3.1 (16F203))
[35m[Xcode][39m 
[35m[Xcode][39m 2019-10-18 10:58:39.781 xcodebuild[9098:965336] [MT] IDETestOperationsObserverDebug: (F09FF060-EC48-42DD-A928-DD575CBE2C92) Finished requesting crash reports. Continuing with testing.
[35m[Xcode][39m 
[35m[Xcode][39m 
[35m[Xcode][39m 
[35m[Xcode][39m *** If you believe this error represents a bug, please attach the result bundle at /Users/sureshvpatil/Library/Developer/Xcode/DerivedData/WebDriverAgent-ftzxtktydrajofedblbewsaonltf/Logs/Test/Test-WebDriverAgentRunner-2019.10.18_10-58-39-+0530.xcresult
[35m[Xcode][39m 
[35m[Xcode][39m 
[35m[Xcode][39m 2019-10-18 10:58:39.792 xcodebuild[9098:965336] [MT] IDETestOperationsObserverDebug: 0.459 elapsed -- Testing started completed.
[35m[Xcode][39m 
[35m[Xcode][39m 2019-10-18 10:58:39.792 xcodebuild[9098:965336] [MT] IDETestOperationsObserverDebug: 0.000 sec, +0.000 sec -- start
[35m[Xcode][39m 2019-10-18 10:58:39.792 xcodebuild[9098:965336] [MT] IDETestOperationsObserverDebug: 0.459 sec, +0.459 sec -- end
[35m[Xcode][39m 2019-10-18 10:58:39.792 xcodebuild[9098:965336] Error Domain=NSCocoaErrorDomain Code=260 "The file ‚ÄúWebDriverAgentRunner-Runner.app‚Äù couldn‚Äôt be opened because there is no such file." UserInfo={NSFilePath=/Users/sureshvpatil/Library/Developer/Xcode/DerivedData/WebDriverAgent-ftzxtktydrajofedblbewsaonltf/Build/Products/Debug-iphoneos/WebDriverAgentRunner-Runner.app, NSUnderlyingError=0x7febf8354150 {Error Domain=NSPOSIXErrorDomain Code=2 "No such file or directory"}}
[35m[Xcode][39m 
[35m[Xcode][39m 
[35m[Xcode][39m Testing failed:
[35m[Xcode][39m 
[35m[Xcode][39m 	An empty identity is not valid when signing a binary for the product type 'UI Testing Bundle'. (in target 'WebDriverAgentRunner')
[35m[Xcode][39m 	WebDriverAgentRunner:
[35m[Xcode][39m 		WebDriverAgentRunner-Runner.app encountered an error (Failed to install or launch the test runner. (Underlying error: The file ‚ÄúWebDriverAgentRunner-Runner.app‚Äù couldn‚Äôt be opened because there is no such file. The file doesn‚Äôt exist. (Underlying error: The operation couldn‚Äôt be completed. No such file or directory)))
[35m[Xcode][39m 
[35m[Xcode][39m Test session results and logs:
[35m[Xcode][39m 	/Users/sureshvpatil/Library/Developer/Xcode/DerivedData/WebDriverAgent-ftzxtktydrajofedblbewsaonltf/Logs/Test/Test-WebDriverAgentRunner-2019.10.18_10-58-39-+0530.xcresult
[35m[Xcode][39m 
[35m[Xcode][39m ** TEST EXECUTE FAILED **
[35m[Xcode][39m 
[35m[Xcode][39m 
[35m[Xcode][39m Testing started on 'Xs black'
[35m[Xcode][39m 
[35m[XCUITest][39m xcodebuild exited with code '65' and signal 'null'
[35m[Xcode][39m 2019-10-18 10:58:41.532 xcodebuild[9106:965423] Error writing xctestrun file: Error Domain=NSCocoaErrorDomain Code=4 "The folder ‚ÄúWebDriverAgentRunner_iphoneos12.4-arm64e.xctestrun‚Äù doesn‚Äôt exist." UserInfo={NSFilePath=/Users/sureshvpatil/Library/Developer/Xcode/DerivedData/WebDriverAgent-ftzxtktydrajofedblbewsaonltf/Build/Products/WebDriverAgentRunner_iphoneos12.4-arm64e.xctestrun, NSUserStringVariant=Folder, NSUnderlyingError=0x7fd32d218f10 {Error Domain=NSPOSIXErrorDomain Code=2 "No such file or directory"}}
[35m[Xcode][39m 
[35m[Xcode][39m 2019-10-18 10:58:41.533 xcodebuild[9106:965423] Error writing xctestrun file: Error Domain=NSCocoaErrorDomain Code=4 "The folder ‚ÄúWebDriverAgentRunner_iphoneos12.4-arm64e.xctestrun‚Äù doesn‚Äôt exist." UserInfo={NSFilePath=/Users/sureshvpatil/Library/Developer/Xcode/DerivedData/WebDriverAgent-ftzxtktydrajofedblbewsaonltf/Build/Products/WebDriverAgentRunner_iphoneos12.4-arm64e.xctestrun, NSUserStringVariant=Folder, NSUnderlyingError=0x7fd32caadf50 {Error Domain=NSPOSIXErrorDomain Code=2 "No such file or directory"}}
[35m[Xcode][39m 
[35m[Xcode][39m ** TEST BUILD FAILED **
[35m[Xcode][39m 
[35m[Xcode][39m 
[35m[Xcode][39m 2019-10-18 10:58:41.542 xcodebuild[9106:965457]  IDETestOperationsObserverDebug: Writing diagnostic log for test session to:
[35m[Xcode][39m /Users/sureshvpatil/Library/Developer/Xcode/DerivedData/WebDriverAgent-ftzxtktydrajofedblbewsaonltf/Logs/Test/Test-WebDriverAgentRunner-2019.10.18_10-58-41-+0530.xcresult/2_Test/Diagnostics/WebDriverAgentRunner-3904140A-DF9C-421F-BF46-5D9F693662E2/WebDriverAgentRunner-9C406183-422E-45D5-9745-89379BFF15CE/Session-WebDriverAgentRunner-2019-10-18_105841-0vhmOt.log
[35m[Xcode][39m 
[35m[Xcode][39m 2019-10-18 10:58:41.542 xcodebuild[9106:965419] [MT] IDETestOperationsObserverDebug: (5C31F355-F378-4A43-8AEC-456617FB84AC) Beginning test session WebDriverAgentRunner-5C31F355-F378-4A43-8AEC-456617FB84AC at 2019-10-18 10:58:41.542 with Xcode 10G8 on target üì±<DVTiOSDevice (0x7fd32d019310), Xs black, iPhone, 12.3.1 (16F203), 00008020-001E14A622FA002E> {
[35m[Xcode][39m 		deviceSerialNumber:         G6TXQ76KKPH4
[35m[Xcode][39m 		identifier:                 00008020-001E14A622FA002E
[35m[Xcode][39m 		deviceClass:                iPhone
[35m[Xcode][39m 		deviceName:                 Xs black
[35m[Xcode][39m 		deviceIdentifier:           00008020-001E14A622FA002E
[35m[Xcode][39m 		productVersion:             12.3.1
[35m[Xcode][39m 		buildVersion:               16F203
[35m[Xcode][39m 		deviceSoftwareVersion:      12.3.1 (16F203)
[35m[Xcode][39m 		deviceArchitecture:         arm64e
[35m[Xcode][39m 		deviceTotalCapacity:        251353055232
[35m[Xcode][39m 		deviceAvailableCapacity:    245767544832
[35m[Xcode][39m 		deviceIsTransient:          NO
[35m[Xcode][39m 		ignored:                    NO
[35m[Xcode][39m 		deviceIsBusy:               NO
[35m[Xcode][39m 		deviceIsPaired:             YES
[35m[Xcode][39m 		deviceIsActivated:          YES
[35m[Xcode][39m 		deviceActivationState:      Activated
[35m[Xcode][39m 		isPasscodeLocked:           NO
[35m[Xcode][39m 		deviceType:                 <DVTDeviceType:0x7fd32a56ef80 Xcode.DeviceType.iPhone>
[35m[Xcode][39m 		supportedDeviceFamilies:    (
[35m[Xcode][39m     1
[35m[Xcode][39m )
[35m[Xcode][39m 		applications:              (null)
[35m[Xcode][39m 		provisioningProfiles:      (null)
[35m[Xcode][39m 		hasInternalSupport:        NO
[35m[Xcode][39m 		isSupportedOS:             YES
[35m[Xcode][39m 		developerDiskMountError:   (null)
[35m[Xcode][39m (null)
[35m[Xcode][39m 	bootArgs:                  (null)
[35m[Xcode][39m 		nextBootArgs:              (null)
[35m[Xcode][39m 		connected:                 yes
[35m[Xcode][39m 		isWirelessEnabled:         no
[35m[Xcode][39m 		connectionType:            direct
[35m[Xcode][39m 		hostname:                  Xs-black.local.
[35m[Xcode][39m 		bonjourServiceName:        90:e1:7b:80:91:85@fe80::92e1:7bff:fe80:9185._apple-mobdev2._tcp.local.
[35m[Xcode][39m 		} (12.3.1 (16F203))
[35m[Xcode][39m 
[35m[Xcode][39m 2019-10-18 10:58:41.918 xcodebuild[9106:965419] [MT] IDETestOperationsObserverDebug: (5C31F355-F378-4A43-8AEC-456617FB84AC) Finished requesting crash reports. Continuing with testing.
[35m[Xcode][39m 
[35m[Xcode][39m 
[35m[Xcode][39m 
[35m[Xcode][39m *** If you believe this error represents a bug, please attach the result bundle at /Users/sureshvpatil/Library/Developer/Xcode/DerivedData/WebDriverAgent-ftzxtktydrajofedblbewsaonltf/Logs/Test/Test-WebDriverAgentRunner-2019.10.18_10-58-41-+0530.xcresult
[35m[Xcode][39m 
[35m[Xcode][39m 
[35m[Xcode][39m 2019-10-18 10:58:41.929 xcodebuild[9106:965419] [MT] IDETestOperationsObserverDebug: 0.390 elapsed -- Testing started completed.
[35m[Xcode][39m 
[35m[Xcode][39m 2019-10-18 10:58:41.929 xcodebuild[9106:965419] [MT] IDETestOperationsObserverDebug: 0.000 sec, +0.000 sec -- start
[35m[Xcode][39m 2019-10-18 10:58:41.929 xcodebuild[9106:965419] [MT] IDETestOperationsObserverDebug: 0.390 sec, +0.390 sec -- end
[35m[Xcode][39m 
[35m[Xcode][39m 2019-10-18 10:58:41.929 xcodebuild[9106:965419] Error Domain=NSCocoaErrorDomain Code=260 "The file ‚ÄúWebDriverAgentRunner-Runner.app‚Äù couldn‚Äôt be opened because there is no such file." UserInfo={NSFilePath=/Users/sureshvpatil/Library/Developer/Xcode/DerivedData/WebDriverAgent-ftzxtktydrajofedblbewsaonltf/Build/Products/Debug-iphoneos/WebDriverAgentRunner-Runner.app, NSUnderlyingError=0x7fd32cb44180 {Error Domain=NSPOSIXErrorDomain Code=2 "No such file or directory"}}
[35m[Xcode][39m 
[35m[Xcode][39m 
[35m[Xcode][39m Testing failed:
[35m[Xcode][39m 
[35m[Xcode][39m 	An empty identity is not valid when signing a binary for the product type 'UI Testing Bundle'. (in target 'WebDriverAgentRunner')
[35m[Xcode][39m 	WebDriverAgentRunner:
[35m[Xcode][39m 		WebDriverAgentRunner-Runner.app encountered an error (Failed to install or launch the test runner. (Underlying error: The file ‚ÄúWebDriverAgentRunner-Runner.app‚Äù couldn‚Äôt be opened because there is no such file. The file doesn‚Äôt exist. (Underlying error: The operation couldn‚Äôt be completed. No such file or directory)))
[35m[Xcode][39m 
[35m[Xcode][39m Test session results and logs:
[35m[Xcode][39m 	/Users/sureshvpatil/Library/Developer/Xcode/DerivedData/WebDriverAgent-ftzxtktydrajofedblbewsaonltf/Logs/Test/Test-WebDriverAgentRunner-2019.10.18_10-58-41-+0530.xcresult
[35m[Xcode][39m 
[35m[Xcode][39m ** TEST EXECUTE FAILED **
[35m[Xcode][39m 
[35m[Xcode][39m 
[35m[Xcode][39m Testing started on 'Xs black'
[35m[Xcode][39m 
[35m[XCUITest][39m xcodebuild exited with code '65' and signal 'null'
[35m[XCUITest][39m Error: Unable to launch WebDriverAgent because of xcodebuild failure: xcodebuild failed with code 65
[35m[XCUITest][39m xcodebuild error message:
[35m[XCUITest][39m 
[35m[XCUITest][39m 2019-10-18 10:58:41.532 xcodebuild[9106:965423] Error writing xctestrun file: Error Domain=NSCocoaErrorDomain Code=4 "The folder ‚ÄúWebDriverAgentRunner_iphoneos12.4-arm64e.xctestrun‚Äù doesn‚Äôt exist." UserInfo={NSFilePath=/Users/sureshvpatil/Library/Developer/Xcode/DerivedData/WebDriverAgent-ftzxtktydrajofedblbewsaonltf/Build/Products/WebDriverAgentRunner_iphoneos12.4-arm64e.xctestrun, NSUserStringVariant=Folder, NSUnderlyingError=0x7fd32d218f10 {Error Domain=NSPOSIXErrorDomain Code=2 "No such file or directory"}}
[35m[XCUITest][39m 2019-10-18 10:58:41.533 xcodebuild[9106:965423] Error writing xctestrun file: Error Domain=NSCocoaErrorDomain Code=4 "The folder ‚ÄúWebDriverAgentRunner_iphoneos12.4-arm64e.xctestrun‚Äù doesn‚Äôt exist." UserInfo={NSFilePath=/Users/sureshvpatil/Library/Developer/Xcode/DerivedData/WebDriverAgent-ftzxtktydrajofedblbewsaonltf/Build/Products/WebDriverAgentRunner_iphoneos12.4-arm64e.xctestrun, NSUserStringVariant=Folder, NSUnderlyingError=0x7fd32caadf50 {Error Domain=NSPOSIXErrorDomain Code=2 "No such file or directory"}}
[35m[XCUITest][39m ** TEST BUILD FAILED **
[35m[XCUITest][39m 2019-10-18 10:58:41.542 xcodebuild[9106:965457]  IDETestOperationsObserverDebug: Writing diagnostic log for test session to:
[35m[XCUITest][39m /Users/sureshvpatil/Library/Developer/Xcode/DerivedData/WebDriverAgent-ftzxtktydrajofedblbewsaonltf/Logs/Test/Test-WebDriverAgentRunner-2019.10.18_10-58-41-+0530.xcresult/2_Test/Diagnostics/WebDriverAgentRunner-3904140A-DF9C-421F-BF46-5D9F693662E2/WebDriverAgentRunner-9C406183-422E-45D5-9745-89379BFF15CE/Session-WebDriverAgentRunner-2019-10-18_105841-0vhmOt.log
[35m[XCUITest][39m 2019-10-18 10:58:41.542 xcodebuild[9106:965419] [MT] IDETestOperationsObserverDebug: (5C31F355-F378-4A43-8AEC-456617FB84AC) Beginning test session WebDriverAgentRunner-5C31F355-F378-4A43-8AEC-456617FB84AC at 2019-10-18 10:58:41.542 with Xcode 10G8 on target üì±<DVTiOSDevice (0x7fd32d019310), Xs black, iPhone, 12.3.1 (16F203), 00008020-001E14A622FA002E> {
[35m[XCUITest][39m 		deviceSerialNumber:         G6TXQ76KKPH4
[35m[XCUITest][39m 		identifier:                 00008020-001E14A622FA002E
[35m[XCUITest][39m 		deviceClass:                iPhone
[35m[XCUITest][39m 		deviceName:                 Xs black
[35m[XCUITest][39m 		deviceIdentifier:           00008020-001E14A622FA002E
[35m[XCUITest][39m 		productVersion:             12.3.1
[35m[XCUITest][39m 		buildVersion:               16F203
[35m[XCUITest][39m 		deviceSoftwareVersion:      12.3.1 (16F203)
[35m[XCUITest][39m 		deviceArchitecture:         arm64e
[35m[XCUITest][39m 		deviceTotalCapacity:        251353055232
[35m[XCUITest][39m 		deviceAvailableCapacity:    245767544832
[35m[XCUITest][39m 		deviceIsTransient:          NO
[35m[XCUITest][39m 		ignored:                    NO
[35m[XCUITest][39m 		deviceIsBusy:               NO
[35m[XCUITest][39m 		deviceIsPaired:             YES
[35m[XCUITest][39m 		deviceIsActivated:          YES
[35m[XCUITest][39m 		deviceActivationState:      Activated
[35m[XCUITest][39m 		isPasscodeLocked:           NO
[35m[XCUITest][39m 		deviceType:                 <DVTDeviceType:0x7fd32a56ef80 Xcode.DeviceType.iPhone>
[35m[XCUITest][39m 		supportedDeviceFamilies:    (
[35m[XCUITest][39m     1
[35m[XCUITest][39m )
[35m[XCUITest][39m 		applications:              (null)
[35m[XCUITest][39m 		provisioningProfiles:      (null)
[35m[XCUITest][39m 		hasInternalSupport:        NO
[35m[XCUITest][39m 		isSupportedOS:             YES
[35m[XCUITest][39m 		developerDiskMountError:   (null)
[35m[XCUITest][39m (null)
[35m[XCUITest][39m 	bootArgs:                  (null)
[35m[XCUITest][39m 		nextBootArgs:              (null)
[35m[XCUITest][39m 		connected:                 yes
[35m[XCUITest][39m 		isWirelessEnabled:         no
[35m[XCUITest][39m 		connectionType:            direct
[35m[XCUITest][39m 		hostname:                  Xs-black.local.
[35m[XCUITest][39m 		bonjourServiceName:        90:e1:7b:80:91:85@fe80::92e1:7bff:fe80:9185._apple-mobdev2._tcp.local.
[35m[XCUITest][39m 		} (12.3.1 (16F203))
[35m[XCUITest][39m 2019-10-18 10:58:41.918 xcodebuild[9106:965419] [MT] IDETestOperationsObserverDebug: (5C31F355-F378-4A43-8AEC-456617FB84AC) Finished requesting crash reports. Continuing with testing.
[35m[XCUITest][39m *** If you believe this error represents a bug, please attach the result bundle at /Users/sureshvpatil/Library/Developer/Xcode/DerivedData/WebDriverAgent-ftzxtktydrajofedblbewsaonltf/Logs/Test/Test-WebDriverAgentRunner-2019.10.18_10-58-41-+0530.xcresult
[35m[XCUITest][39m 2019-10-18 10:58:41.929 xcodebuild[9106:965419] [MT] IDETestOperationsObserverDebug: 0.390 elapsed -- Testing started completed.
[35m[XCUITest][39m 2019-10-18 10:58:41.929 xcodebuild[9106:965419] [MT] IDETestOperationsObserverDebug: 0.000 sec, +0.000 sec -- start
[35m[XCUITest][39m 2019-10-18 10:58:41.929 xcodebuild[9106:965419] [MT] IDETestOperationsObserverDebug: 0.390 sec, +0.390 sec -- end
[35m[XCUITest][39m 2019-10-18 10:58:41.929 xcodebuild[9106:965419] Error Domain=NSCocoaErrorDomain Code=260 "The file ‚ÄúWebDriverAgentRunner-Runner.app‚Äù couldn‚Äôt be opened because there is no such file." UserInfo={NSFilePath=/Users/sureshvpatil/Library/Developer/Xcode/DerivedData/WebDriverAgent-ftzxtktydrajofedblbewsaonltf/Build/Products/Debug-iphoneos/WebDriverAgentRunner-Runner.app, NSUnderlyingError=0x7fd32cb44180 {Error Domain=NSPOSIXErrorDomain Code=2 "No such file or directory"}}
[35m[XCUITest][39m Testing failed:
[35m[XCUITest][39m 	An empty identity is not valid when signing a binary for the product type 'UI Testing Bundle'. (in target 'WebDriverAgentRunner')
[35m[XCUITest][39m 	WebDriverAgentRunner:
[35m[XCUITest][39m 		WebDriverAgentRunner-Runner.app encountered an error (Failed to install or launch the test runner. (Underlying error: The file ‚ÄúWebDriverAgentRunner-Runner.app‚Äù couldn‚Äôt be opened because there is no such file. The file doesn‚Äôt exist. (Underlying error: The operation couldn‚Äôt be completed. No such file or directory)))
[35m[XCUITest][39m Test session results and logs:
[35m[XCUITest][39m 	/Users/sureshvpatil/Library/Developer/Xcode/DerivedData/WebDriverAgent-ftzxtktydrajofedblbewsaonltf/Logs/Test/Test-WebDriverAgentRunner-2019.10.18_10-58-41-+0530.xcresult
[35m[XCUITest][39m ** TEST EXECUTE FAILED **
[35m[XCUITest][39m Testing started on 'Xs black'. Make sure you follow the tutorial at https://github.com/appium/appium-xcuitest-driver/blob/master/docs/real-device-config.md. Try to remove the WebDriverAgentRunner application from the device if it is installed and reboot the device.
[35m[XCUITest][39m     at quitAndUninstall (/Users/sureshvpatil/Downloads/Lilly_Framework/node_modules/appium/node_modules/appium-xcuitest-driver/lib/driver.js:501:15)
[35m[Xcode][39m 2019-10-18 10:59:29.184 xcodebuild[9162:968451] Error writing xctestrun file: Error Domain=NSCocoaErrorDomain Code=4 "The folder ‚ÄúWebDriverAgentRunner_iphoneos12.4-arm64e.xctestrun‚Äù doesn‚Äôt exist." UserInfo={NSFilePath=/Users/sureshvpatil/Library/Developer/Xcode/DerivedData/WebDriverAgent-ftzxtktydrajofedblbewsaonltf/Build/Products/WebDriverAgentRunner_iphoneos12.4-arm64e.xctestrun, NSUserStringVariant=Folder, NSUnderlyingError=0x7fac49361ae0 {Error Domain=NSPOSIXErrorDomain Code=2 "No such file or directory"}}
[35m[Xcode][39m 
[35m[Xcode][39m 2019-10-18 10:59:29.184 xcodebuild[9162:968451] Error writing xctestrun file: Error Domain=NSCocoaErrorDomain Code=4 "The folder ‚ÄúWebDriverAgentRunner_iphoneos12.4-arm64e.xctestrun‚Äù doesn‚Äôt exist." UserInfo={NSFilePath=/Users/sureshvpatil/Library/Developer/Xcode/DerivedData/WebDriverAgent-ftzxtktydrajofedblbewsaonltf/Build/Products/WebDriverAgentRunner_iphoneos12.4-arm64e.xctestrun, NSUserStringVariant=Folder, NSUnderlyingError=0x7fac49374ef0 {Error Domain=NSPOSIXErrorDomain Code=2 "No such file or directory"}}
[35m[Xcode][39m ** TEST BUILD FAILED **
[35m[Xcode][39m 
[35m[Xcode][39m 
[35m[Xcode][39m 2019-10-18 10:59:29.193 xcodebuild[9162:968543]  IDETestOperationsObserverDebug: Writing diagnostic log for test session to:
[35m[Xcode][39m /Users/sureshvpatil/Library/Developer/Xcode/DerivedData/WebDriverAgent-ftzxtktydrajofedblbewsaonltf/Logs/Test/Test-WebDriverAgentRunner-2019.10.18_10-59-29-+0530.xcresult/2_Test/Diagnostics/WebDriverAgentRunner-62AD9596-1D6F-4B00-BAC6-31C6D5FD5E5A/WebDriverAgentRunner-7B27E36D-F870-49ED-9200-D8873D613D46/Session-WebDriverAgentRunner-2019-10-18_105929-4W0DWT.log
[35m[Xcode][39m 
[35m[Xcode][39m 2019-10-18 10:59:29.194 xcodebuild[9162:968445] [MT] IDETestOperationsObserverDebug: (63929654-882C-4663-886D-DA81ED421E80) Beginning test session WebDriverAgentRunner-63929654-882C-4663-886D-DA81ED421E80 at 2019-10-18 10:59:29.194 with Xcode 10G8 on target üì±<DVTiOSDevice (0x7fac492c95a0), Xs black, iPhone, 12.3.1 (16F203), 00008020-001E14A622FA002E> {
[35m[Xcode][39m 		deviceSerialNumber:         G6TXQ76KKPH4
[35m[Xcode][39m 		identifier:                 00008020-001E14A622FA002E
[35m[Xcode][39m 		deviceClass:                iPhone
[35m[Xcode][39m 		deviceName:                 Xs black
[35m[Xcode][39m 		deviceIdentifier:           00008020-001E14A622FA002E
[35m[Xcode][39m 		productVersion:             12.3.1
[35m[Xcode][39m 		buildVersion:               16F203
[35m[Xcode][39m 		deviceSoftwareVersion:      12.3.1 (16F203)
[35m[Xcode][39m 		deviceArchitecture:         arm64e
[35m[Xcode][39m 		deviceTotalCapacity:        251353055232
[35m[Xcode][39m 		deviceAvailableCapacity:    245744480256
[35m[Xcode][39m 		deviceIsTransient:          NO
[35m[Xcode][39m 		ignored:                    NO
[35m[Xcode][39m 		deviceIsBusy:               NO
[35m[Xcode][39m 		deviceIsPaired:             YES
[35m[Xcode][39m 		deviceIsActivated:          YES
[35m[Xcode][39m 		deviceActivationState:      Activated
[35m[Xcode][39m 		isPasscodeLocked:           NO
[35m[Xcode][39m 		deviceType:                 <DVTDeviceType:0x7fac4911b850 Xcode.DeviceType.iPhone>
[35m[Xcode][39m 		supportedDeviceFamilies:    (
[35m[Xcode][39m     1
[35m[Xcode][39m )
[35m[Xcode][39m 		applications:              (null)
[35m[Xcode][39m 		provisioningProfiles:      (null)
[35m[Xcode][39m 		hasInternalSupport:        NO
[35m[Xcode][39m 		isSupportedOS:             YES
[35m[Xcode][39m 		developerDiskMountError:   (null)
[35m[Xcode][39m (null)
[35m[Xcode][39m 	bootArgs:                  (null)
[35m[Xcode][39m 		nextBootArgs:              (null)
[35m[Xcode][39m 		connected:                 yes
[35m[Xcode][39m 		isWirelessEnabled:         no
[35m[Xcode][39m 		connectionType:            direct
[35m[Xcode][39m 		hostname:                  Xs-black.local.
[35m[Xcode][39m 		bonjourServiceName:        90:e1:7b:80:91:85@fe80::92e1:7bff:fe80:9185._apple-mobdev2._tcp.local.
[35m[Xcode][39m 		} (12.3.1 (16F203))
[35m[Xcode][39m 
[35m[Xcode][39m 2019-10-18 10:59:29.512 xcodebuild[9162:968445] [MT] IDETestOperationsObserverDebug: (63929654-882C-4663-886D-DA81ED421E80) Finished requesting crash reports. Continuing with testing.
[35m[Xcode][39m 
[35m[Xcode][39m 
[35m[Xcode][39m 
[35m[Xcode][39m *** If you believe this error represents a bug, please attach the result bundle at /Users/sureshvpatil/Library/Developer/Xcode/DerivedData/WebDriverAgent-ftzxtktydrajofedblbewsaonltf/Logs/Test/Test-WebDriverAgentRunner-2019.10.18_10-59-29-+0530.xcresult
[35m[Xcode][39m 
[35m[Xcode][39m 
[35m[Xcode][39m 2019-10-18 10:59:29.523 xcodebuild[9162:968445] [MT] IDETestOperationsObserverDebug: 0.332 elapsed -- Testing started completed.
[35m[Xcode][39m 
[35m[Xcode][39m 2019-10-18 10:59:29.523 xcodebuild[9162:968445] [MT] IDETestOperationsObserverDebug: 0.000 sec, +0.000 sec -- start
[35m[Xcode][39m 2019-10-18 10:59:29.523 xcodebuild[9162:968445] [MT] IDETestOperationsObserverDebug: 0.332 sec, +0.332 sec -- end
[35m[Xcode][39m 
[35m[Xcode][39m 2019-10-18 10:59:29.523 xcodebuild[9162:968445] Error Domain=NSCocoaErrorDomain Code=260 "The file ‚ÄúWebDriverAgentRunner-Runner.app‚Äù couldn‚Äôt be opened because there is no such file." UserInfo={NSFilePath=/Users/sureshvpatil/Library/Developer/Xcode/DerivedData/WebDriverAgent-ftzxtktydrajofedblbewsaonltf/Build/Products/Debug-iphoneos/WebDriverAgentRunner-Runner.app, NSUnderlyingError=0x7fac494c0ae0 {Error Domain=NSPOSIXErrorDomain Code=2 "No such file or directory"}}
[35m[Xcode][39m 
[35m[Xcode][39m 
[35m[Xcode][39m Testing failed:
[35m[Xcode][39m 
[35m[Xcode][39m 	An empty identity is not valid when signing a binary for the product type 'UI Testing Bundle'. (in target 'WebDriverAgentRunner')
[35m[Xcode][39m 	WebDriverAgentRunner:
[35m[Xcode][39m 		WebDriverAgentRunner-Runner.app encountered an error (Failed to install or launch the test runner. (Underlying error: The file ‚ÄúWebDriverAgentRunner-Runner.app‚Äù couldn‚Äôt be opened because there is no such file. The file doesn‚Äôt exist. (Underlying error: The operation couldn‚Äôt be completed. No such file or directory)))
[35m[Xcode][39m 
[35m[Xcode][39m Test session results and logs:
[35m[Xcode][39m 	/Users/sureshvpatil/Library/Developer/Xcode/DerivedData/WebDriverAgent-ftzxtktydrajofedblbewsaonltf/Logs/Test/Test-WebDriverAgentRunner-2019.10.18_10-59-29-+0530.xcresult
[35m[Xcode][39m 
[35m[Xcode][39m ** TEST EXECUTE FAILED **
[35m[Xcode][39m 
[35m[Xcode][39m 
[35m[Xcode][39m Testing started on 'Xs black'
[35m[Xcode][39m 
[35m[XCUITest][39m xcodebuild exited with code '65' and signal 'null'
[35m[XCUITest][39m Error: Unable to start WebDriverAgent session because of xcodebuild failure: An unknown server-side error occurred while processing the command. Original error: Could not proxy command to remote server. Original error: 500 - undefined Make sure you follow the tutorial at https://github.com/appium/appium-xcuitest-driver/blob/master/docs/real-device-config.md. Try to remove the WebDriverAgentRunner application from the device if it is installed and reboot the device.
[35m[XCUITest][39m     at quitAndUninstall (/Users/sureshvpatil/Downloads/Lilly_Framework/node_modules/appium/node_modules/appium-xcuitest-driver/lib/driver.js:501:15)
[35m[Xcode][39m 2019-10-18 11:01:28.738 xcodebuild[9324:972763] Error writing xctestrun file: Error Domain=NSCocoaErrorDomain Code=4 "The folder ‚ÄúWebDriverAgentRunner_iphoneos12.4-arm64e.xctestrun‚Äù doesn‚Äôt exist." UserInfo={NSFilePath=/Users/sureshvpatil/Library/Developer/Xcode/DerivedData/WebDriverAgent-ftzxtktydrajofedblbewsaonltf/Build/Products/WebDriverAgentRunner_iphoneos12.4-arm64e.xctestrun, NSUserStringVariant=Folder, NSUnderlyingError=0x7fc146e23d60 {Error Domain=NSPOSIXErrorDomain Code=2 "No such file or directory"}}
[35m[Xcode][39m 
[35m[Xcode][39m 2019-10-18 11:01:28.738 xcodebuild[9324:972763] Error writing xctestrun file: Error Domain=NSCocoaErrorDomain Code=4 "The folder ‚ÄúWebDriverAgentRunner_iphoneos12.4-arm64e.xctestrun‚Äù doesn‚Äôt exist." UserInfo={NSFilePath=/Users/sureshvpatil/Library/Developer/Xcode/DerivedData/WebDriverAgent-ftzxtktydrajofedblbewsaonltf/Build/Products/WebDriverAgentRunner_iphoneos12.4-arm64e.xctestrun, NSUserStringVariant=Folder, NSUnderlyingError=0x7fc142ff0cd0 {Error Domain=NSPOSIXErrorDomain Code=2 "No such file or directory"}}
[35m[Xcode][39m 
[35m[Xcode][39m ** TEST BUILD FAILED **
[35m[Xcode][39m 
[35m[Xcode][39m 
[35m[Xcode][39m 2019-10-18 11:01:28.747 xcodebuild[9324:972911]  IDETestOperationsObserverDebug: Writing diagnostic log for test session to:
[35m[Xcode][39m /Users/sureshvpatil/Library/Developer/Xcode/DerivedData/WebDriverAgent-ftzxtktydrajofedblbewsaonltf/Logs/Test/Test-WebDriverAgentRunner-2019.10.18_11-01-28-+0530.xcresult/2_Test/Diagnostics/WebDriverAgentRunner-868FFF01-9AB9-43D7-91C5-98688F7D2865/WebDriverAgentRunner-CC485F85-0D40-47D6-B2F1-EA16E0493941/Session-WebDriverAgentRunner-2019-10-18_110128-9zwk3i.log
[35m[Xcode][39m 
[35m[Xcode][39m 2019-10-18 11:01:28.748 xcodebuild[9324:972744] [MT] IDETestOperationsObserverDebug: (F92E7CC0-4BDC-4116-BAEA-5805B9A47CD6) Beginning test session WebDriverAgentRunner-F92E7CC0-4BDC-4116-BAEA-5805B9A47CD6 at 2019-10-18 11:01:28.748 with Xcode 10G8 on target üì±<DVTiOSDevice (0x7fc146e30c00), Xs black, iPhone, 12.3.1 (16F203), 00008020-001E14A622FA002E> {
[35m[Xcode][39m 		deviceSerialNumber:         G6TXQ76KKPH4
[35m[Xcode][39m 		identifier:                 00008020-001E14A622FA002E
[35m[Xcode][39m 		deviceClass:                iPhone
[35m[Xcode][39m 		deviceName:                 Xs black
[35m[Xcode][39m 		deviceIdentifier:           00008020-001E14A622FA002E
[35m[Xcode][39m 		productVersion:             12.3.1
[35m[Xcode][39m 		buildVersion:               16F203
[35m[Xcode][39m 		deviceSoftwareVersion:      12.3.1 (16F203)
[35m[Xcode][39m 		deviceArchitecture:         arm64e
[35m[Xcode][39m 		deviceTotalCapacity:        251353055232
[35m[Xcode][39m 		deviceAvailableCapacity:    245744562176
[35m[Xcode][39m 		deviceIsTransient:          NO
[35m[Xcode][39m 		ignored:                    NO
[35m[Xcode][39m 		deviceIsBusy:               NO
[35m[Xcode][39m 		deviceIsPaired:             YES
[35m[Xcode][39m 		deviceIsActivated:          YES
[35m[Xcode][39m 		deviceActivationState:      Activated
[35m[Xcode][39m 		isPasscodeLocked:           NO
[35m[Xcode][39m 		deviceType:                 <DVTDeviceType:0x7fc1468ea960 Xcode.DeviceType.iPhone>
[35m[Xcode][39m 		supportedDeviceFamilies:    (
[35m[Xcode][39m     1
[35m[Xcode][39m )
[35m[Xcode][39m 		applications:              (null)
[35m[Xcode][39m 		provisioningProfiles:      (null)
[35m[Xcode][39m 		hasInternalSupport:        NO
[35m[Xcode][39m 		isSupportedOS:             YES
[35m[Xcode][39m 		developerDiskMountError:   (null)
[35m[Xcode][39m (null)
[35m[Xcode][39m 	bootArgs:                  (null)
[35m[Xcode][39m 		nextBootArgs:              (null)
[35m[Xcode][39m 		connected:                 yes
[35m[Xcode][39m 		isWirelessEnabled:         no
[35m[Xcode][39m 		connectionType:            direct
[35m[Xcode][39m 		hostname:                  Xs-black.local.
[35m[Xcode][39m 		bonjourServiceName:        90:e1:7b:80:91:85@fe80::92e1:7bff:fe80:9185._apple-mobdev2._tcp.local.
[35m[Xcode][39m 		} (12.3.1 (16F203))
[35m[Xcode][39m 
[35m[Xcode][39m 2019-10-18 11:01:29.084 xcodebuild[9324:972744] [MT] IDETestOperationsObserverDebug: (F92E7CC0-4BDC-4116-BAEA-5805B9A47CD6) Finished requesting crash reports. Continuing with testing.
[35m[Xcode][39m 
[35m[Xcode][39m 
[35m[Xcode][39m 
[35m[Xcode][39m *** If you believe this error represents a bug, please attach the result bundle at /Users/sureshvpatil/Library/Developer/Xcode/DerivedData/WebDriverAgent-ftzxtktydrajofedblbewsaonltf/Logs/Test/Test-WebDriverAgentRunner-2019.10.18_11-01-28-+0530.xcresult
[35m[Xcode][39m 
[35m[Xcode][39m 
[35m[Xcode][39m 2019-10-18 11:01:29.095 xcodebuild[9324:972744] [MT] IDETestOperationsObserverDebug: 0.350 elapsed -- Testing started completed.
[35m[Xcode][39m 
[35m[Xcode][39m 2019-10-18 11:01:29.095 xcodebuild[9324:972744] [MT] IDETestOperationsObserverDebug: 0.000 sec, +0.000 sec -- start
[35m[Xcode][39m 2019-10-18 11:01:29.095 xcodebuild[9324:972744] [MT] IDETestOperationsObserverDebug: 0.350 sec, +0.350 sec -- end
[35m[Xcode][39m 
[35m[Xcode][39m 2019-10-18 11:01:29.095 xcodebuild[9324:972744] Error Domain=NSCocoaErrorDomain Code=260 "The file ‚ÄúWebDriverAgentRunner-Runner.app‚Äù couldn‚Äôt be opened because there is no such file." UserInfo={NSFilePath=/Users/sureshvpatil/Library/Developer/Xcode/DerivedData/WebDriverAgent-ftzxtktydrajofedblbewsaonltf/Build/Products/Debug-iphoneos/WebDriverAgentRunner-Runner.app, NSUnderlyingError=0x7fc146c88cc0 {Error Domain=NSPOSIXErrorDomain Code=2 "No such file or directory"}}
[35m[Xcode][39m 
[35m[Xcode][39m 
[35m[Xcode][39m Testing failed:
[35m[Xcode][39m 
[35m[Xcode][39m 	An empty identity is not valid when signing a binary for the product type 'UI Testing Bundle'. (in target 'WebDriverAgentRunner')
[35m[Xcode][39m 	WebDriverAgentRunner:
[35m[Xcode][39m 		WebDriverAgentRunner-Runner.app encountered an error (Failed to install or launch the test runner. (Underlying error: The file ‚ÄúWebDriverAgentRunner-Runner.app‚Äù couldn‚Äôt be opened because there is no such file. The file doesn‚Äôt exist. (Underlying error: The operation couldn‚Äôt be completed. No such file or directory)))
[35m[Xcode][39m 
[35m[Xcode][39m Test session results and logs:
[35m[Xcode][39m 	/Users/sureshvpatil/Library/Developer/Xcode/DerivedData/WebDriverAgent-ftzxtktydrajofedblbewsaonltf/Logs/Test/Test-WebDriverAgentRunner-2019.10.18_11-01-28-+0530.xcresult
[35m[Xcode][39m 
[35m[Xcode][39m ** TEST EXECUTE FAILED **
[35m[Xcode][39m 
[35m[Xcode][39m 
[35m[Xcode][39m Testing started on 'Xs black'
[35m[Xcode][39m 
[35m[XCUITest][39m xcodebuild exited with code '65' and signal 'null'
[35m[Xcode][39m 2019-10-18 11:01:30.954 xcodebuild[9332:973008] Error writing xctestrun file: Error Domain=NSCocoaErrorDomain Code=4 "The folder ‚ÄúWebDriverAgentRunner_iphoneos12.4-arm64e.xctestrun‚Äù doesn‚Äôt exist." UserInfo={NSFilePath=/Users/sureshvpatil/Library/Developer/Xcode/DerivedData/WebDriverAgent-ftzxtktydrajofedblbewsaonltf/Build/Products/WebDriverAgentRunner_iphoneos12.4-arm64e.xctestrun, NSUserStringVariant=Folder, NSUnderlyingError=0x7ff31860b700 {Error Domain=NSPOSIXErrorDomain Code=2 "No such file or directory"}}
[35m[Xcode][39m 
[35m[Xcode][39m 2019-10-18 11:01:30.955 xcodebuild[9332:973008] Error writing xctestrun file: Error Domain=NSCocoaErrorDomain Code=4 "The folder ‚ÄúWebDriverAgentRunner_iphoneos12.4-arm64e.xctestrun‚Äù doesn‚Äôt exist." UserInfo={NSFilePath=/Users/sureshvpatil/Library/Developer/Xcode/DerivedData/WebDriverAgent-ftzxtktydrajofedblbewsaonltf/Build/Products/WebDriverAgentRunner_iphoneos12.4-arm64e.xctestrun, NSUserStringVariant=Folder, NSUnderlyingError=0x7ff3193f1330 {Error Domain=NSPOSIXErrorDomain Code=2 "No such file or directory"}}
[35m[Xcode][39m 
[35m[Xcode][39m ** TEST BUILD FAILED **
[35m[Xcode][39m 
[35m[Xcode][39m 
[35m[Xcode][39m 2019-10-18 11:01:30.963 xcodebuild[9332:973006]  IDETestOperationsObserverDebug: Writing diagnostic log for test session to:
[35m[Xcode][39m /Users/sureshvpatil/Library/Developer/Xcode/DerivedData/WebDriverAgent-ftzxtktydrajofedblbewsaonltf/Logs/Test/Test-WebDriverAgentRunner-2019.10.18_11-01-30-+0530.xcresult/2_Test/Diagnostics/WebDriverAgentRunner-D290F5FF-BE3C-40AD-9BEA-DD5B90B90C86/WebDriverAgentRunner-5D592659-AB33-4356-8BEF-F8D59D1E4967/Session-WebDriverAgentRunner-2019-10-18_110130-4fmzuS.log
[35m[Xcode][39m 
[35m[Xcode][39m 2019-10-18 11:01:30.964 xcodebuild[9332:973001] [MT] IDETestOperationsObserverDebug: (D4A9B096-D493-4617-B580-7A41A3FC360B) Beginning test session WebDriverAgentRunner-D4A9B096-D493-4617-B580-7A41A3FC360B at 2019-10-18 11:01:30.964 with Xcode 10G8 on target üì±<DVTiOSDevice (0x7ff31c599570), Xs black, iPhone, 12.3.1 (16F203), 00008020-001E14A622FA002E> {
[35m[Xcode][39m 		deviceSerialNumber:         G6TXQ76KKPH4
[35m[Xcode][39m 		identifier:                 00008020-001E14A622FA002E
[35m[Xcode][39m 		deviceClass:                iPhone
[35m[Xcode][39m 		deviceName:                 Xs black
[35m[Xcode][39m 		deviceIdentifier:           00008020-001E14A622FA002E
[35m[Xcode][39m 		productVersion:             12.3.1
[35m[Xcode][39m 		buildVersion:               16F203
[35m[Xcode][39m 		deviceSoftwareVersion:      12.3.1 (16F203)
[35m[Xcode][39m 		deviceArchitecture:         arm64e
[35m[Xcode][39m 		deviceTotalCapacity:        251353055232
[35m[Xcode][39m 		deviceAvailableCapacity:    245744562176
[35m[Xcode][39m 		deviceIsTransient:          NO
[35m[Xcode][39m 		ignored:                    NO
[35m[Xcode][39m 		deviceIsBusy:               NO
[35m[Xcode][39m 		deviceIsPaired:             YES
[35m[Xcode][39m 		deviceIsActivated:          YES
[35m[Xcode][39m 		deviceActivationState:      Activated
[35m[Xcode][39m 		isPasscodeLocked:           NO
[35m[Xcode][39m 		deviceType:                 <DVTDeviceType:0x7ff319397800 Xcode.DeviceType.iPhone>
[35m[Xcode][39m 		supportedDeviceFamilies:    (
[35m[Xcode][39m     1
[35m[Xcode][39m )
[35m[Xcode][39m 		applications:              (null)
[35m[Xcode][39m 		provisioningProfiles:      (null)
[35m[Xcode][39m 		hasInternalSupport:        NO
[35m[Xcode][39m 		isSupportedOS:             YES
[35m[Xcode][39m 		developerDiskMountError:   (null)
[35m[Xcode][39m (null)
[35m[Xcode][39m 	bootArgs:                  (null)
[35m[Xcode][39m 		nextBootArgs:              (null)
[35m[Xcode][39m 		connected:                 yes
[35m[Xcode][39m 		isWirelessEnabled:         no
[35m[Xcode][39m 		connectionType:            direct
[35m[Xcode][39m 		hostname:                  Xs-black.local.
[35m[Xcode][39m 		bonjourServiceName:        90:e1:7b:80:91:85@fe80::92e1:7bff:fe80:9185._apple-mobdev2._tcp.local.
[35m[Xcode][39m 		} (12.3.1 (16F203))
[35m[Xcode][39m 
[35m[Xcode][39m 2019-10-18 11:01:31.293 xcodebuild[9332:973001] [MT] IDETestOperationsObserverDebug: (D4A9B096-D493-4617-B580-7A41A3FC360B) Finished requesting crash reports. Continuing with testing.
[35m[Xcode][39m 
[35m[Xcode][39m 
[35m[Xcode][39m 
[35m[Xcode][39m *** If you believe this error represents a bug, please attach the result bundle at /Users/sureshvpatil/Library/Developer/Xcode/DerivedData/WebDriverAgent-ftzxtktydrajofedblbewsaonltf/Logs/Test/Test-WebDriverAgentRunner-2019.10.18_11-01-30-+0530.xcresult
[35m[Xcode][39m 
[35m[Xcode][39m 
[35m[Xcode][39m 2019-10-18 11:01:31.304 xcodebuild[9332:973001] [MT] IDETestOperationsObserverDebug: 0.344 elapsed -- Testing started completed.
[35m[Xcode][39m 
[35m[Xcode][39m 2019-10-18 11:01:31.304 xcodebuild[9332:973001] [MT] IDETestOperationsObserverDebug: 0.000 sec, +0.000 sec -- start
[35m[Xcode][39m 2019-10-18 11:01:31.304 xcodebuild[9332:973001] [MT] IDETestOperationsObserverDebug: 0.344 sec, +0.344 sec -- end
[35m[Xcode][39m 
[35m[Xcode][39m 2019-10-18 11:01:31.305 xcodebuild[9332:973001] Error Domain=NSCocoaErrorDomain Code=260 "The file ‚ÄúWebDriverAgentRunner-Runner.app‚Äù couldn‚Äôt be opened because there is no such file." UserInfo={NSFilePath=/Users/sureshvpatil/Library/Developer/Xcode/DerivedData/WebDriverAgent-ftzxtktydrajofedblbewsaonltf/Build/Products/Debug-iphoneos/WebDriverAgentRunner-Runner.app, NSUnderlyingError=0x7ff31965d1d0 {Error Domain=NSPOSIXErrorDomain Code=2 "No such file or directory"}}
[35m[Xcode][39m 
[35m[Xcode][39m 
[35m[Xcode][39m Testing failed:
[35m[Xcode][39m 
[35m[Xcode][39m 	An empty identity is not valid when signing a binary for the product type 'UI Testing Bundle'. (in target 'WebDriverAgentRunner')
[35m[Xcode][39m 	WebDriverAgentRunner:
[35m[Xcode][39m 		WebDriverAgentRunner-Runner.app encountered an error (Failed to install or launch the test runner. (Underlying error: The file ‚ÄúWebDriverAgentRunner-Runner.app‚Äù couldn‚Äôt be opened because there is no such file. The file doesn‚Äôt exist. (Underlying error: The operation couldn‚Äôt be completed. No such file or directory)))
[35m[Xcode][39m 
[35m[Xcode][39m Test session results and logs:
[35m[Xcode][39m 	/Users/sureshvpatil/Library/Developer/Xcode/DerivedData/WebDriverAgent-ftzxtktydrajofedblbewsaonltf/Logs/Test/Test-WebDriverAgentRunner-2019.10.18_11-01-30-+0530.xcresult
[35m[Xcode][39m 
[35m[Xcode][39m ** TEST EXECUTE FAILED **
[35m[Xcode][39m 
[35m[Xcode][39m 
[35m[Xcode][39m Testing started on 'Xs black'
[35m[Xcode][39m 
[35m[XCUITest][39m xcodebuild exited with code '65' and signal 'null'
[35m[XCUITest][39m Error: Unable to launch WebDriverAgent because of xcodebuild failure: xcodebuild failed with code 65
[35m[XCUITest][39m xcodebuild error message:
[35m[XCUITest][39m 
[35m[XCUITest][39m 2019-10-18 11:01:30.954 xcodebuild[9332:973008] Error writing xctestrun file: Error Domain=NSCocoaErrorDomain Code=4 "The folder ‚ÄúWebDriverAgentRunner_iphoneos12.4-arm64e.xctestrun‚Äù doesn‚Äôt exist." UserInfo={NSFilePath=/Users/sureshvpatil/Library/Developer/Xcode/DerivedData/WebDriverAgent-ftzxtktydrajofedblbewsaonltf/Build/Products/WebDriverAgentRunner_iphoneos12.4-arm64e.xctestrun, NSUserStringVariant=Folder, NSUnderlyingError=0x7ff31860b700 {Error Domain=NSPOSIXErrorDomain Code=2 "No such file or directory"}}
[35m[XCUITest][39m 2019-10-18 11:01:30.955 xcodebuild[9332:973008] Error writing xctestrun file: Error Domain=NSCocoaErrorDomain Code=4 "The folder ‚ÄúWebDriverAgentRunner_iphoneos12.4-arm64e.xctestrun‚Äù doesn‚Äôt exist." UserInfo={NSFilePath=/Users/sureshvpatil/Library/Developer/Xcode/DerivedData/WebDriverAgent-ftzxtktydrajofedblbewsaonltf/Build/Products/WebDriverAgentRunner_iphoneos12.4-arm64e.xctestrun, NSUserStringVariant=Folder, NSUnderlyingError=0x7ff3193f1330 {Error Domain=NSPOSIXErrorDomain Code=2 "No such file or directory"}}
[35m[XCUITest][39m ** TEST BUILD FAILED **
[35m[XCUITest][39m 2019-10-18 11:01:30.963 xcodebuild[9332:973006]  IDETestOperationsObserverDebug: Writing diagnostic log for test session to:
[35m[XCUITest][39m /Users/sureshvpatil/Library/Developer/Xcode/DerivedData/WebDriverAgent-ftzxtktydrajofedblbewsaonltf/Logs/Test/Test-WebDriverAgentRunner-2019.10.18_11-01-30-+0530.xcresult/2_Test/Diagnostics/WebDriverAgentRunner-D290F5FF-BE3C-40AD-9BEA-DD5B90B90C86/WebDriverAgentRunner-5D592659-AB33-4356-8BEF-F8D59D1E4967/Session-WebDriverAgentRunner-2019-10-18_110130-4fmzuS.log
[35m[XCUITest][39m 2019-10-18 11:01:30.964 xcodebuild[9332:973001] [MT] IDETestOperationsObserverDebug: (D4A9B096-D493-4617-B580-7A41A3FC360B) Beginning test session WebDriverAgentRunner-D4A9B096-D493-4617-B580-7A41A3FC360B at 2019-10-18 11:01:30.964 with Xcode 10G8 on target üì±<DVTiOSDevice (0x7ff31c599570), Xs black, iPhone, 12.3.1 (16F203), 00008020-001E14A622FA002E> {
[35m[XCUITest][39m 		deviceSerialNumber:         G6TXQ76KKPH4
[35m[XCUITest][39m 		identifier:                 00008020-001E14A622FA002E
[35m[XCUITest][39m 		deviceClass:                iPhone
[35m[XCUITest][39m 		deviceName:                 Xs black
[35m[XCUITest][39m 		deviceIdentifier:           00008020-001E14A622FA002E
[35m[XCUITest][39m 		productVersion:             12.3.1
[35m[XCUITest][39m 		buildVersion:               16F203
[35m[XCUITest][39m 		deviceSoftwareVersion:      12.3.1 (16F203)
[35m[XCUITest][39m 		deviceArchitecture:         arm64e
[35m[XCUITest][39m 		deviceTotalCapacity:        251353055232
[35m[XCUITest][39m 		deviceAvailableCapacity:    245744562176
[35m[XCUITest][39m 		deviceIsTransient:          NO
[35m[XCUITest][39m 		ignored:                    NO
[35m[XCUITest][39m 		deviceIsBusy:               NO
[35m[XCUITest][39m 		deviceIsPaired:             YES
[35m[XCUITest][39m 		deviceIsActivated:          YES
[35m[XCUITest][39m 		deviceActivationState:      Activated
[35m[XCUITest][39m 		isPasscodeLocked:           NO
[35m[XCUITest][39m 		deviceType:                 <DVTDeviceType:0x7ff319397800 Xcode.DeviceType.iPhone>
[35m[XCUITest][39m 		supportedDeviceFamilies:    (
[35m[XCUITest][39m     1
[35m[XCUITest][39m )
[35m[XCUITest][39m 		applications:              (null)
[35m[XCUITest][39m 		provisioningProfiles:      (null)
[35m[XCUITest][39m 		hasInternalSupport:        NO
[35m[XCUITest][39m 		isSupportedOS:             YES
[35m[XCUITest][39m 		developerDiskMountError:   (null)
[35m[XCUITest][39m (null)
[35m[XCUITest][39m 	bootArgs:                  (null)
[35m[XCUITest][39m 		nextBootArgs:              (null)
[35m[XCUITest][39m 		connected:                 yes
[35m[XCUITest][39m 		isWirelessEnabled:         no
[35m[XCUITest][39m 		connectionType:            direct
[35m[XCUITest][39m 		hostname:                  Xs-black.local.
[35m[XCUITest][39m 		bonjourServiceName:        90:e1:7b:80:91:85@fe80::92e1:7bff:fe80:9185._apple-mobdev2._tcp.local.
[35m[XCUITest][39m 		} (12.3.1 (16F203))
[35m[XCUITest][39m 2019-10-18 11:01:31.293 xcodebuild[9332:973001] [MT] IDETestOperationsObserverDebug: (D4A9B096-D493-4617-B580-7A41A3FC360B) Finished requesting crash reports. Continuing with testing.
[35m[XCUITest][39m *** If you believe this error represents a bug, please attach the result bundle at /Users/sureshvpatil/Library/Developer/Xcode/DerivedData/WebDriverAgent-ftzxtktydrajofedblbewsaonltf/Logs/Test/Test-WebDriverAgentRunner-2019.10.18_11-01-30-+0530.xcresult
[35m[XCUITest][39m 2019-10-18 11:01:31.304 xcodebuild[9332:973001] [MT] IDETestOperationsObserverDebug: 0.344 elapsed -- Testing started completed.
[35m[XCUITest][39m 2019-10-18 11:01:31.304 xcodebuild[9332:973001] [MT] IDETestOperationsObserverDebug: 0.000 sec, +0.000 sec -- start
[35m[XCUITest][39m 2019-10-18 11:01:31.304 xcodebuild[9332:973001] [MT] IDETestOperationsObserverDebug: 0.344 sec, +0.344 sec -- end
[35m[XCUITest][39m 2019-10-18 11:01:31.305 xcodebuild[9332:973001] Error Domain=NSCocoaErrorDomain Code=260 "The file ‚ÄúWebDriverAgentRunner-Runner.app‚Äù couldn‚Äôt be opened because there is no such file." UserInfo={NSFilePath=/Users/sureshvpatil/Library/Developer/Xcode/DerivedData/WebDriverAgent-ftzxtktydrajofedblbewsaonltf/Build/Products/Debug-iphoneos/WebDriverAgentRunner-Runner.app, NSUnderlyingError=0x7ff31965d1d0 {Error Domain=NSPOSIXErrorDomain Code=2 "No such file or directory"}}
[35m[XCUITest][39m Testing failed:
[35m[XCUITest][39m 	An empty identity is not valid when signing a binary for the product type 'UI Testing Bundle'. (in target 'WebDriverAgentRunner')
[35m[XCUITest][39m 	WebDriverAgentRunner:
[35m[XCUITest][39m 		WebDriverAgentRunner-Runner.app encountered an error (Failed to install or launch the test runner. (Underlying error: The file ‚ÄúWebDriverAgentRunner-Runner.app‚Äù couldn‚Äôt be opened because there is no such file. The file doesn‚Äôt exist. (Underlying error: The operation couldn‚Äôt be completed. No such file or directory)))
[35m[XCUITest][39m Test session results and logs:
[35m[XCUITest][39m 	/Users/sureshvpatil/Library/Developer/Xcode/DerivedData/WebDriverAgent-ftzxtktydrajofedblbewsaonltf/Logs/Test/Test-WebDriverAgentRunner-2019.10.18_11-01-30-+0530.xcresult
[35m[XCUITest][39m ** TEST EXECUTE FAILED **
[35m[XCUITest][39m Testing started on 'Xs black'. Make sure you follow the tutorial at https://github.com/appium/appium-xcuitest-driver/blob/master/docs/real-device-config.md. Try to remove the WebDriverAgentRunner application from the device if it is installed and reboot the device.
[35m[XCUITest][39m     at quitAndUninstall (/Users/sureshvpatil/Downloads/Lilly_Framework/node_modules/appium/node_modules/appium-xcuitest-driver/lib/driver.js:501:15)
[35m[Xcode][39m 2019-10-18 11:06:04.615 xcodebuild[9411:979733] Error writing xctestrun file: Error Domain=NSCocoaErrorDomain Code=4 "The folder ‚ÄúWebDriverAgentRunner_iphoneos12.4-arm64e.xctestrun‚Äù doesn‚Äôt exist." UserInfo={NSFilePath=/Users/sureshvpatil/Library/Developer/Xcode/DerivedData/WebDriverAgent-ftzxtktydrajofedblbewsaonltf/Build/Products/WebDriverAgentRunner_iphoneos12.4-arm64e.xctestrun, NSUserStringVariant=Folder, NSUnderlyingError=0x7f8711eb4830 {Error Domain=NSPOSIXErrorDomain Code=2 "No such file or directory"}}
[35m[Xcode][39m 
[35m[Xcode][39m 2019-10-18 11:06:04.616 xcodebuild[9411:979733] Error writing xctestrun file: Error Domain=NSCocoaErrorDomain Code=4 "The folder ‚ÄúWebDriverAgentRunner_iphoneos12.4-arm64e.xctestrun‚Äù doesn‚Äôt exist." UserInfo={NSFilePath=/Users/sureshvpatil/Library/Developer/Xcode/DerivedData/WebDriverAgent-ftzxtktydrajofedblbewsaonltf/Build/Products/WebDriverAgentRunner_iphoneos12.4-arm64e.xctestrun, NSUserStringVariant=Folder, NSUnderlyingError=0x7f87150d0ff0 {Error Domain=NSPOSIXErrorDomain Code=2 "No such file or directory"}}
[35m[Xcode][39m 
[35m[Xcode][39m ** TEST BUILD FAILED **
[35m[Xcode][39m 
[35m[Xcode][39m 
[35m[Xcode][39m 2019-10-18 11:06:04.625 xcodebuild[9411:979769]  IDETestOperationsObserverDebug: Writing diagnostic log for test session to:
[35m[Xcode][39m /Users/sureshvpatil/Library/Developer/Xcode/DerivedData/WebDriverAgent-ftzxtktydrajofedblbewsaonltf/Logs/Test/Test-WebDriverAgentRunner-2019.10.18_11-06-04-+0530.xcresult/2_Test/Diagnostics/WebDriverAgentRunner-29359853-0645-4259-BF11-64BD1314E75C/WebDriverAgentRunner-347CEAEC-A4F7-4628-9229-1B3170F4B7E0/Session-WebDriverAgentRunner-2019-10-18_110604-YoZyIb.log
[35m[Xcode][39m 
[35m[Xcode][39m 2019-10-18 11:06:04.626 xcodebuild[9411:979725] [MT] IDETestOperationsObserverDebug: (FC43BD12-AC42-4622-842F-C086B31242F8) Beginning test session WebDriverAgentRunner-FC43BD12-AC42-4622-842F-C086B31242F8 at 2019-10-18 11:06:04.626 with Xcode 10G8 on target üì±<DVTiOSDevice (0x7f8714f2d620), Xs black, iPhone, 12.3.1 (16F203), 00008020-001E14A622FA002E> {
[35m[Xcode][39m 		deviceSerialNumber:         G6TXQ76KKPH4
[35m[Xcode][39m 		identifier:                 00008020-001E14A622FA002E
[35m[Xcode][39m 		deviceClass:                iPhone
[35m[Xcode][39m 		deviceName:                 Xs black
[35m[Xcode][39m 		deviceIdentifier:           00008020-001E14A622FA002E
[35m[Xcode][39m 		productVersion:             12.3.1
[35m[Xcode][39m 		buildVersion:               16F203
[35m[Xcode][39m 		deviceSoftwareVersion:      12.3.1 (16F203)
[35m[Xcode][39m 		deviceArchitecture:         arm64e
[35m[Xcode][39m 		deviceTotalCapacity:        251353055232
[35m[Xcode][39m 		deviceAvailableCapacity:    245762658304
[35m[Xcode][39m 		deviceIsTransient:          NO
[35m[Xcode][39m 		ignored:                    NO
[35m[Xcode][39m 		deviceIsBusy:               NO
[35m[Xcode][39m 		deviceIsPaired:             YES
[35m[Xcode][39m 		deviceIsActivated:          YES
[35m[Xcode][39m 		deviceActivationState:      Activated
[35m[Xcode][39m 		isPasscodeLocked:           NO
[35m[Xcode][39m 		deviceType:                 <DVTDeviceType:0x7f87148d99c0 Xcode.DeviceType.iPhone>
[35m[Xcode][39m 		supportedDeviceFamilies:    (
[35m[Xcode][39m     1
[35m[Xcode][39m )
[35m[Xcode][39m 		applications:              (null)
[35m[Xcode][39m 		provisioningProfiles:      (null)
[35m[Xcode][39m 		hasInternalSupport:        NO
[35m[Xcode][39m 		isSupportedOS:             YES
[35m[Xcode][39m 		developerDiskMountError:   (null)
[35m[Xcode][39m (null)
[35m[Xcode][39m 	bootArgs:                  (null)
[35m[Xcode][39m 		nextBootArgs:              (null)
[35m[Xcode][39m 		connected:                 yes
[35m[Xcode][39m 		isWirelessEnabled:         no
[35m[Xcode][39m 		connectionType:            direct
[35m[Xcode][39m 		hostname:                  Xs-black.local.
[35m[Xcode][39m 		bonjourServiceName:        90:e1:7b:80:91:85@fe80::92e1:7bff:fe80:9185._apple-mobdev2._tcp.local.
[35m[Xcode][39m 		} (12.3.1 (16F203))
[35m[Xcode][39m 
[35m[Xcode][39m 2019-10-18 11:06:04.990 xcodebuild[9411:979725] [MT] IDETestOperationsObserverDebug: (FC43BD12-AC42-4622-842F-C086B31242F8) Finished requesting crash reports. Continuing with testing.
[35m[Xcode][39m 
[35m[Xcode][39m 
[35m[Xcode][39m 
[35m[Xcode][39m *** If you believe this error represents a bug, please attach the result bundle at /Users/sureshvpatil/Library/Developer/Xcode/DerivedData/WebDriverAgent-ftzxtktydrajofedblbewsaonltf/Logs/Test/Test-WebDriverAgentRunner-2019.10.18_11-06-04-+0530.xcresult
[35m[Xcode][39m 
[35m[Xcode][39m 
[35m[Xcode][39m 2019-10-18 11:06:05.000 xcodebuild[9411:979725] [MT] IDETestOperationsObserverDebug: 0.377 elapsed -- Testing started completed.
[35m[Xcode][39m 
[35m[Xcode][39m 2019-10-18 11:06:05.000 xcodebuild[9411:979725] [MT] IDETestOperationsObserverDebug: 0.000 sec, +0.000 sec -- start
[35m[Xcode][39m 2019-10-18 11:06:05.000 xcodebuild[9411:979725] [MT] IDETestOperationsObserverDebug: 0.377 sec, +0.377 sec -- end
[35m[Xcode][39m 
[35m[Xcode][39m 2019-10-18 11:06:05.000 xcodebuild[9411:979725] Error Domain=NSCocoaErrorDomain Code=260 "The file ‚ÄúWebDriverAgentRunner-Runner.app‚Äù couldn‚Äôt be opened because there is no such file." UserInfo={NSFilePath=/Users/sureshvpatil/Library/Developer/Xcode/DerivedData/WebDriverAgent-ftzxtktydrajofedblbewsaonltf/Build/Products/Debug-iphoneos/WebDriverAgentRunner-Runner.app, NSUnderlyingError=0x7f8710f482f0 {Error Domain=NSPOSIXErrorDomain Code=2 "No such file or directory"}}
[35m[Xcode][39m 
[35m[Xcode][39m 
[35m[Xcode][39m Testing failed:
[35m[Xcode][39m 
[35m[Xcode][39m 	An empty identity is not valid when signing a binary for the product type 'UI Testing Bundle'. (in target 'WebDriverAgentRunner')
[35m[Xcode][39m 	WebDriverAgentRunner:
[35m[Xcode][39m 		WebDriverAgentRunner-Runner.app encountered an error (Failed to install or launch the test runner. (Underlying error: The file ‚ÄúWebDriverAgentRunner-Runner.app‚Äù couldn‚Äôt be opened because there is no such file. The file doesn‚Äôt exist. (Underlying error: The operation couldn‚Äôt be completed. No such file or directory)))
[35m[Xcode][39m 
[35m[Xcode][39m Test session results and logs:
[35m[Xcode][39m 	/Users/sureshvpatil/Library/Developer/Xcode/DerivedData/WebDriverAgent-ftzxtktydrajofedblbewsaonltf/Logs/Test/Test-WebDriverAgentRunner-2019.10.18_11-06-04-+0530.xcresult
[35m[Xcode][39m 
[35m[Xcode][39m ** TEST EXECUTE FAILED **
[35m[Xcode][39m 
[35m[Xcode][39m 
[35m[Xcode][39m Testing started on 'Xs black'
[35m[Xcode][39m 
[35m[XCUITest][39m xcodebuild exited with code '65' and signal 'null'
[35m[Xcode][39m 2019-10-18 11:06:06.912 xcodebuild[9419:979821] Error writing xctestrun file: Error Domain=NSCocoaErrorDomain Code=4 "The folder ‚ÄúWebDriverAgentRunner_iphoneos12.4-arm64e.xctestrun‚Äù doesn‚Äôt exist." UserInfo={NSFilePath=/Users/sureshvpatil/Library/Developer/Xcode/DerivedData/WebDriverAgent-ftzxtktydrajofedblbewsaonltf/Build/Products/WebDriverAgentRunner_iphoneos12.4-arm64e.xctestrun, NSUserStringVariant=Folder, NSUnderlyingError=0x7fe23a54d160 {Error Domain=NSPOSIXErrorDomain Code=2 "No such file or directory"}}
[35m[Xcode][39m 
[35m[Xcode][39m 2019-10-18 11:06:06.912 xcodebuild[9419:979821] Error writing xctestrun file: Error Domain=NSCocoaErrorDomain Code=4 "The folder ‚ÄúWebDriverAgentRunner_iphoneos12.4-arm64e.xctestrun‚Äù doesn‚Äôt exist." UserInfo={NSFilePath=/Users/sureshvpatil/Library/Developer/Xcode/DerivedData/WebDriverAgent-ftzxtktydrajofedblbewsaonltf/Build/Products/WebDriverAgentRunner_iphoneos12.4-arm64e.xctestrun, NSUserStringVariant=Folder, NSUnderlyingError=0x7fe2364b0020 {Error Domain=NSPOSIXErrorDomain Code=2 "No such file or directory"}}
[35m[Xcode][39m 
[35m[Xcode][39m ** TEST BUILD FAILED **
[35m[Xcode][39m 
[35m[Xcode][39m 
[35m[Xcode][39m 2019-10-18 11:06:06.921 xcodebuild[9419:979826]  IDETestOperationsObserverDebug: Writing diagnostic log for test session to:
[35m[Xcode][39m /Users/sureshvpatil/Library/Developer/Xcode/DerivedData/WebDriverAgent-ftzxtktydrajofedblbewsaonltf/Logs/Test/Test-WebDriverAgentRunner-2019.10.18_11-06-06-+0530.xcresult/2_Test/Diagnostics/WebDriverAgentRunner-DEDEDAE9-9883-4B3A-A10F-49A9C1E48BA5/WebDriverAgentRunner-73692DFC-F250-41EF-BED0-1C558FB720B6/Session-WebDriverAgentRunner-2019-10-18_110606-DOVyEc.log
[35m[Xcode][39m 
[35m[Xcode][39m 2019-10-18 11:06:06.921 xcodebuild[9419:979820] [MT] IDETestOperationsObserverDebug: (960A6302-BC48-4EF8-AD29-1AA941F06F30) Beginning test session WebDriverAgentRunner-960A6302-BC48-4EF8-AD29-1AA941F06F30 at 2019-10-18 11:06:06.921 with Xcode 10G8 on target üì±<DVTiOSDevice (0x7fe2385ccb80), Xs black, iPhone, 12.3.1 (16F203), 00008020-001E14A622FA002E> {
[35m[Xcode][39m 		deviceSerialNumber:         G6TXQ76KKPH4
[35m[Xcode][39m 		identifier:                 00008020-001E14A622FA002E
[35m[Xcode][39m 		deviceClass:                iPhone
[35m[Xcode][39m 		deviceName:                 Xs black
[35m[Xcode][39m 		deviceIdentifier:           00008020-001E14A622FA002E
[35m[Xcode][39m 		productVersion:             12.3.1
[35m[Xcode][39m 		buildVersion:               16F203
[35m[Xcode][39m 		deviceSoftwareVersion:      12.3.1 (16F203)
[35m[Xcode][39m 		deviceArchitecture:         arm64e
[35m[Xcode][39m 		deviceTotalCapacity:        251353055232
[35m[Xcode][39m 		deviceAvailableCapacity:    245762633728
[35m[Xcode][39m 		deviceIsTransient:          NO
[35m[Xcode][39m 		ignored:                    NO
[35m[Xcode][39m 		deviceIsBusy:               NO
[35m[Xcode][39m 		deviceIsPaired:             YES
[35m[Xcode][39m 		deviceIsActivated:          YES
[35m[Xcode][39m 		deviceActivationState:      Activated
[35m[Xcode][39m 		isPasscodeLocked:           NO
[35m[Xcode][39m 		deviceType:                 <DVTDeviceType:0x7fe23a1fba30 Xcode.DeviceType.iPhone>
[35m[Xcode][39m 		supportedDeviceFamilies:    (
[35m[Xcode][39m     1
[35m[Xcode][39m )
[35m[Xcode][39m 		applications:              (null)
[35m[Xcode][39m 		provisioningProfiles:      (null)
[35m[Xcode][39m 		hasInternalSupport:        NO
[35m[Xcode][39m 		isSupportedOS:             YES
[35m[Xcode][39m 		developerDiskMountError:   (null)
[35m[Xcode][39m (null)
[35m[Xcode][39m 	bootArgs:                  (null)
[35m[Xcode][39m 		nextBootArgs:              (null)
[35m[Xcode][39m 		connected:                 yes
[35m[Xcode][39m 		isWirelessEnabled:         no
[35m[Xcode][39m 		connectionType:            direct
[35m[Xcode][39m 		hostname:                  Xs-black.local.
[35m[Xcode][39m 		bonjourServiceName:        90:e1:7b:80:91:85@fe80::92e1:7bff:fe80:9185._apple-mobdev2._tcp.local.
[35m[Xcode][39m 		} (12.3.1 (16F203))
[35m[Xcode][39m 
[35m[Xcode][39m 2019-10-18 11:06:07.244 xcodebuild[9419:979820] [MT] IDETestOperationsObserverDebug: (960A6302-BC48-4EF8-AD29-1AA941F06F30) Finished requesting crash reports. Continuing with testing.
[35m[Xcode][39m 
[35m[Xcode][39m 
[35m[Xcode][39m 
[35m[Xcode][39m *** If you believe this error represents a bug, please attach the result bundle at /Users/sureshvpatil/Library/Developer/Xcode/DerivedData/WebDriverAgent-ftzxtktydrajofedblbewsaonltf/Logs/Test/Test-WebDriverAgentRunner-2019.10.18_11-06-06-+0530.xcresult
[35m[Xcode][39m 
[35m[Xcode][39m 
[35m[Xcode][39m 2019-10-18 11:06:07.256 xcodebuild[9419:979820] [MT] IDETestOperationsObserverDebug: 0.338 elapsed -- Testing started completed.
[35m[Xcode][39m 2019-10-18 11:06:07.256 xcodebuild[9419:979820] [MT] IDETestOperationsObserverDebug: 0.000 sec, +0.000 sec -- start
[35m[Xcode][39m 
[35m[Xcode][39m 2019-10-18 11:06:07.256 xcodebuild[9419:979820] [MT] IDETestOperationsObserverDebug: 0.338 sec, +0.338 sec -- end
[35m[Xcode][39m 
[35m[Xcode][39m 2019-10-18 11:06:07.256 xcodebuild[9419:979820] Error Domain=NSCocoaErrorDomain Code=260 "The file ‚ÄúWebDriverAgentRunner-Runner.app‚Äù couldn‚Äôt be opened because there is no such file." UserInfo={NSFilePath=/Users/sureshvpatil/Library/Developer/Xcode/DerivedData/WebDriverAgent-ftzxtktydrajofedblbewsaonltf/Build/Products/Debug-iphoneos/WebDriverAgentRunner-Runner.app, NSUnderlyingError=0x7fe23a3396d0 {Error Domain=NSPOSIXErrorDomain Code=2 "No such file or directory"}}
[35m[Xcode][39m 
[35m[Xcode][39m 
[35m[Xcode][39m Testing failed:
[35m[Xcode][39m 
[35m[Xcode][39m 	An empty identity is not valid when signing a binary for the product type 'UI Testing Bundle'. (in target 'WebDriverAgentRunner')
[35m[Xcode][39m 	WebDriverAgentRunner:
[35m[Xcode][39m 		WebDriverAgentRunner-Runner.app encountered an error (Failed to install or launch the test runner. (Underlying error: The file ‚ÄúWebDriverAgentRunner-Runner.app‚Äù couldn‚Äôt be opened because there is no such file. The file doesn‚Äôt exist. (Underlying error: The operation couldn‚Äôt be completed. No such file or directory)))
[35m[Xcode][39m 
[35m[Xcode][39m Test session results and logs:
[35m[Xcode][39m 	/Users/sureshvpatil/Library/Developer/Xcode/DerivedData/WebDriverAgent-ftzxtktydrajofedblbewsaonltf/Logs/Test/Test-WebDriverAgentRunner-2019.10.18_11-06-06-+0530.xcresult
[35m[Xcode][39m 
[35m[Xcode][39m ** TEST EXECUTE FAILED **
[35m[Xcode][39m 
[35m[Xcode][39m 
[35m[Xcode][39m Testing started on 'Xs black'
[35m[Xcode][39m 
[35m[XCUITest][39m xcodebuild exited with code '65' and signal 'null'
[35m[XCUITest][39m Error: Unable to launch WebDriverAgent because of xcodebuild failure: xcodebuild failed with code 65
[35m[XCUITest][39m xcodebuild error message:
[35m[XCUITest][39m 
[35m[XCUITest][39m 2019-10-18 11:06:06.912 xcodebuild[9419:979821] Error writing xctestrun file: Error Domain=NSCocoaErrorDomain Code=4 "The folder ‚ÄúWebDriverAgentRunner_iphoneos12.4-arm64e.xctestrun‚Äù doesn‚Äôt exist." UserInfo={NSFilePath=/Users/sureshvpatil/Library/Developer/Xcode/DerivedData/WebDriverAgent-ftzxtktydrajofedblbewsaonltf/Build/Products/WebDriverAgentRunner_iphoneos12.4-arm64e.xctestrun, NSUserStringVariant=Folder, NSUnderlyingError=0x7fe23a54d160 {Error Domain=NSPOSIXErrorDomain Code=2 "No such file or directory"}}
[35m[XCUITest][39m 2019-10-18 11:06:06.912 xcodebuild[9419:979821] Error writing xctestrun file: Error Domain=NSCocoaErrorDomain Code=4 "The folder ‚ÄúWebDriverAgentRunner_iphoneos12.4-arm64e.xctestrun‚Äù doesn‚Äôt exist." UserInfo={NSFilePath=/Users/sureshvpatil/Library/Developer/Xcode/DerivedData/WebDriverAgent-ftzxtktydrajofedblbewsaonltf/Build/Products/WebDriverAgentRunner_iphoneos12.4-arm64e.xctestrun, NSUserStringVariant=Folder, NSUnderlyingError=0x7fe2364b0020 {Error Domain=NSPOSIXErrorDomain Code=2 "No such file or directory"}}
[35m[XCUITest][39m ** TEST BUILD FAILED **
[35m[XCUITest][39m 2019-10-18 11:06:06.921 xcodebuild[9419:979826]  IDETestOperationsObserverDebug: Writing diagnostic log for test session to:
[35m[XCUITest][39m /Users/sureshvpatil/Library/Developer/Xcode/DerivedData/WebDriverAgent-ftzxtktydrajofedblbewsaonltf/Logs/Test/Test-WebDriverAgentRunner-2019.10.18_11-06-06-+0530.xcresult/2_Test/Diagnostics/WebDriverAgentRunner-DEDEDAE9-9883-4B3A-A10F-49A9C1E48BA5/WebDriverAgentRunner-73692DFC-F250-41EF-BED0-1C558FB720B6/Session-WebDriverAgentRunner-2019-10-18_110606-DOVyEc.log
[35m[XCUITest][39m 2019-10-18 11:06:06.921 xcodebuild[9419:979820] [MT] IDETestOperationsObserverDebug: (960A6302-BC48-4EF8-AD29-1AA941F06F30) Beginning test session WebDriverAgentRunner-960A6302-BC48-4EF8-AD29-1AA941F06F30 at 2019-10-18 11:06:06.921 with Xcode 10G8 on target üì±<DVTiOSDevice (0x7fe2385ccb80), Xs black, iPhone, 12.3.1 (16F203), 00008020-001E14A622FA002E> {
[35m[XCUITest][39m 		deviceSerialNumber:         G6TXQ76KKPH4
[35m[XCUITest][39m 		identifier:                 00008020-001E14A622FA002E
[35m[XCUITest][39m 		deviceClass:                iPhone
[35m[XCUITest][39m 		deviceName:                 Xs black
[35m[XCUITest][39m 		deviceIdentifier:           00008020-001E14A622FA002E
[35m[XCUITest][39m 		productVersion:             12.3.1
[35m[XCUITest][39m 		buildVersion:               16F203
[35m[XCUITest][39m 		deviceSoftwareVersion:      12.3.1 (16F203)
[35m[XCUITest][39m 		deviceArchitecture:         arm64e
[35m[XCUITest][39m 		deviceTotalCapacity:        251353055232
[35m[XCUITest][39m 		deviceAvailableCapacity:    245762633728
[35m[XCUITest][39m 		deviceIsTransient:          NO
[35m[XCUITest][39m 		ignored:                    NO
[35m[XCUITest][39m 		deviceIsBusy:               NO
[35m[XCUITest][39m 		deviceIsPaired:             YES
[35m[XCUITest][39m 		deviceIsActivated:          YES
[35m[XCUITest][39m 		deviceActivationState:      Activated
[35m[XCUITest][39m 		isPasscodeLocked:           NO
[35m[XCUITest][39m 		deviceType:                 <DVTDeviceType:0x7fe23a1fba30 Xcode.DeviceType.iPhone>
[35m[XCUITest][39m 		supportedDeviceFamilies:    (
[35m[XCUITest][39m     1
[35m[XCUITest][39m )
[35m[XCUITest][39m 		applications:              (null)
[35m[XCUITest][39m 		provisioningProfiles:      (null)
[35m[XCUITest][39m 		hasInternalSupport:        NO
[35m[XCUITest][39m 		isSupportedOS:             YES
[35m[XCUITest][39m 		developerDiskMountError:   (null)
[35m[XCUITest][39m (null)
[35m[XCUITest][39m 	bootArgs:                  (null)
[35m[XCUITest][39m 		nextBootArgs:              (null)
[35m[XCUITest][39m 		connected:                 yes
[35m[XCUITest][39m 		isWirelessEnabled:         no
[35m[XCUITest][39m 		connectionType:            direct
[35m[XCUITest][39m 		hostname:                  Xs-black.local.
[35m[XCUITest][39m 		bonjourServiceName:        90:e1:7b:80:91:85@fe80::92e1:7bff:fe80:9185._apple-mobdev2._tcp.local.
[35m[XCUITest][39m 		} (12.3.1 (16F203))
[35m[XCUITest][39m 2019-10-18 11:06:07.244 xcodebuild[9419:979820] [MT] IDETestOperationsObserverDebug: (960A6302-BC48-4EF8-AD29-1AA941F06F30) Finished requesting crash reports. Continuing with testing.
[35m[XCUITest][39m *** If you believe this error represents a bug, please attach the result bundle at /Users/sureshvpatil/Library/Developer/Xcode/DerivedData/WebDriverAgent-ftzxtktydrajofedblbewsaonltf/Logs/Test/Test-WebDriverAgentRunner-2019.10.18_11-06-06-+0530.xcresult
[35m[XCUITest][39m 2019-10-18 11:06:07.256 xcodebuild[9419:979820] [MT] IDETestOperationsObserverDebug: 0.338 elapsed -- Testing started completed.
[35m[XCUITest][39m 2019-10-18 11:06:07.256 xcodebuild[9419:979820] [MT] IDETestOperationsObserverDebug: 0.000 sec, +0.000 sec -- start
[35m[XCUITest][39m 2019-10-18 11:06:07.256 xcodebuild[9419:979820] [MT] IDETestOperationsObserverDebug: 0.338 sec, +0.338 sec -- end
[35m[XCUITest][39m 2019-10-18 11:06:07.256 xcodebuild[9419:979820] Error Domain=NSCocoaErrorDomain Code=260 "The file ‚ÄúWebDriverAgentRunner-Runner.app‚Äù couldn‚Äôt be opened because there is no such file." UserInfo={NSFilePath=/Users/sureshvpatil/Library/Developer/Xcode/DerivedData/WebDriverAgent-ftzxtktydrajofedblbewsaonltf/Build/Products/Debug-iphoneos/WebDriverAgentRunner-Runner.app, NSUnderlyingError=0x7fe23a3396d0 {Error Domain=NSPOSIXErrorDomain Code=2 "No such file or directory"}}
[35m[XCUITest][39m Testing failed:
[35m[XCUITest][39m 	An empty identity is not valid when signing a binary for the product type 'UI Testing Bundle'. (in target 'WebDriverAgentRunner')
[35m[XCUITest][39m 	WebDriverAgentRunner:
[35m[XCUITest][39m 		WebDriverAgentRunner-Runner.app encountered an error (Failed to install or launch the test runner. (Underlying error: The file ‚ÄúWebDriverAgentRunner-Runner.app‚Äù couldn‚Äôt be opened because there is no such file. The file doesn‚Äôt exist. (Underlying error: The operation couldn‚Äôt be completed. No such file or directory)))
[35m[XCUITest][39m Test session results and logs:
[35m[XCUITest][39m 	/Users/sureshvpatil/Library/Developer/Xcode/DerivedData/WebDriverAgent-ftzxtktydrajofedblbewsaonltf/Logs/Test/Test-WebDriverAgentRunner-2019.10.18_11-06-06-+0530.xcresult
[35m[XCUITest][39m ** TEST EXECUTE FAILED **
[35m[XCUITest][39m Testing started on 'Xs black'. Make sure you follow the tutorial at https://github.com/appium/appium-xcuitest-driver/blob/master/docs/real-device-config.md. Try to remove the WebDriverAgentRunner application from the device if it is installed and reboot the device.
[35m[XCUITest][39m     at quitAndUninstall (/Users/sureshvpatil/Downloads/Lilly_Framework/node_modules/appium/node_modules/appium-xcuitest-driver/lib/driver.js:501:15)
[35m[Xcode][39m 2019-10-18 11:07:12.026 xcodebuild[9480:983125] Error writing xctestrun file: Error Domain=NSCocoaErrorDomain Code=4 "The folder ‚ÄúWebDriverAgentRunner_iphoneos12.4-arm64e.xctestrun‚Äù doesn‚Äôt exist." UserInfo={NSFilePath=/Users/sureshvpatil/Library/Developer/Xcode/DerivedData/WebDriverAgent-ftzxtktydrajofedblbewsaonltf/Build/Products/WebDriverAgentRunner_iphoneos12.4-arm64e.xctestrun, NSUserStringVariant=Folder, NSUnderlyingError=0x7f8f81222120 {Error Domain=NSPOSIXErrorDomain Code=2 "No such file or directory"}}
[35m[Xcode][39m 
[35m[Xcode][39m 2019-10-18 11:07:12.026 xcodebuild[9480:983125] Error writing xctestrun file: Error Domain=NSCocoaErrorDomain Code=4 "The folder ‚ÄúWebDriverAgentRunner_iphoneos12.4-arm64e.xctestrun‚Äù doesn‚Äôt exist." UserInfo={NSFilePath=/Users/sureshvpatil/Library/Developer/Xcode/DerivedData/WebDriverAgent-ftzxtktydrajofedblbewsaonltf/Build/Products/WebDriverAgentRunner_iphoneos12.4-arm64e.xctestrun, NSUserStringVariant=Folder, NSUnderlyingError=0x7f8f7e983560 {Error Domain=NSPOSIXErrorDomain Code=2 "No such file or directory"}}
[35m[Xcode][39m 
[35m[Xcode][39m ** TEST BUILD FAILED **
[35m[Xcode][39m 
[35m[Xcode][39m 
[35m[Xcode][39m 2019-10-18 11:07:12.035 xcodebuild[9480:983188]  IDETestOperationsObserverDebug: Writing diagnostic log for test session to:
[35m[Xcode][39m /Users/sureshvpatil/Library/Developer/Xcode/DerivedData/WebDriverAgent-ftzxtktydrajofedblbewsaonltf/Logs/Test/Test-WebDriverAgentRunner-2019.10.18_11-07-11-+0530.xcresult/2_Test/Diagnostics/WebDriverAgentRunner-77E05326-44A8-460F-9988-67F5A509D51A/WebDriverAgentRunner-E2BB5943-D9CB-42EB-81C7-500CEC881FF8/Session-WebDriverAgentRunner-2019-10-18_110712-UPpyvn.log
[35m[Xcode][39m 
[35m[Xcode][39m 2019-10-18 11:07:12.035 xcodebuild[9480:983105] [MT] IDETestOperationsObserverDebug: (3E7A06BC-D9C3-4CC8-9509-085E433B3462) Beginning test session WebDriverAgentRunner-3E7A06BC-D9C3-4CC8-9509-085E433B3462 at 2019-10-18 11:07:12.035 with Xcode 10G8 on target üì±<DVTiOSDevice (0x7f8f8139a8d0), Xs black, iPhone, 12.3.1 (16F203), 00008020-001E14A622FA002E> {
[35m[Xcode][39m 		deviceSerialNumber:         G6TXQ76KKPH4
[35m[Xcode][39m 		identifier:                 00008020-001E14A622FA002E
[35m[Xcode][39m 		deviceClass:                iPhone
[35m[Xcode][39m 		deviceName:                 Xs black
[35m[Xcode][39m 		deviceIdentifier:           00008020-001E14A622FA002E
[35m[Xcode][39m 		productVersion:             12.3.1
[35m[Xcode][39m 		buildVersion:               16F203
[35m[Xcode][39m 		deviceSoftwareVersion:      12.3.1 (16F203)
[35m[Xcode][39m 		deviceArchitecture:         arm64e
[35m[Xcode][39m 		deviceTotalCapacity:        251353055232
[35m[Xcode][39m 		deviceAvailableCapacity:    245746102272
[35m[Xcode][39m 		deviceIsTransient:          NO
[35m[Xcode][39m 		ignored:                    NO
[35m[Xcode][39m 		deviceIsBusy:               NO
[35m[Xcode][39m 		deviceIsPaired:             YES
[35m[Xcode][39m 		deviceIsActivated:          YES
[35m[Xcode][39m 		deviceActivationState:      Activated
[35m[Xcode][39m 		isPasscodeLocked:           NO
[35m[Xcode][39m 		deviceType:                 <DVTDeviceType:0x7f8f7d7b3c50 Xcode.DeviceType.iPhone>
[35m[Xcode][39m 		supportedDeviceFamilies:    (
[35m[Xcode][39m     1
[35m[Xcode][39m )
[35m[Xcode][39m 		applications:              (null)
[35m[Xcode][39m 		provisioningProfiles:      (null)
[35m[Xcode][39m 		hasInternalSupport:        NO
[35m[Xcode][39m 		isSupportedOS:             YES
[35m[Xcode][39m 		developerDiskMountError:   (null)
[35m[Xcode][39m (null)
[35m[Xcode][39m 	bootArgs:                  (null)
[35m[Xcode][39m 		nextBootArgs:              (null)
[35m[Xcode][39m 		connected:                 yes
[35m[Xcode][39m 		isWirelessEnabled:         no
[35m[Xcode][39m 		connectionType:            direct
[35m[Xcode][39m 		hostname:                  Xs-black.local.
[35m[Xcode][39m 		bonjourServiceName:        90:e1:7b:80:91:85@fe80::92e1:7bff:fe80:9185._apple-mobdev2._tcp.local.
[35m[Xcode][39m 		} (12.3.1 (16F203))
[35m[Xcode][39m 
[35m[Xcode][39m 2019-10-18 11:07:12.352 xcodebuild[9480:983105] [MT] IDETestOperationsObserverDebug: (3E7A06BC-D9C3-4CC8-9509-085E433B3462) Finished requesting crash reports. Continuing with testing.
[35m[Xcode][39m 
[35m[Xcode][39m 
[35m[Xcode][39m 
[35m[Xcode][39m *** If you believe this error represents a bug, please attach the result bundle at /Users/sureshvpatil/Library/Developer/Xcode/DerivedData/WebDriverAgent-ftzxtktydrajofedblbewsaonltf/Logs/Test/Test-WebDriverAgentRunner-2019.10.18_11-07-11-+0530.xcresult
[35m[Xcode][39m 
[35m[Xcode][39m 
[35m[Xcode][39m 2019-10-18 11:07:12.363 xcodebuild[9480:983105] [MT] IDETestOperationsObserverDebug: 0.331 elapsed -- Testing started completed.
[35m[Xcode][39m 
[35m[Xcode][39m 2019-10-18 11:07:12.363 xcodebuild[9480:983105] [MT] IDETestOperationsObserverDebug: 0.000 sec, +0.000 sec -- start
[35m[Xcode][39m 2019-10-18 11:07:12.363 xcodebuild[9480:983105] [MT] IDETestOperationsObserverDebug: 0.331 sec, +0.331 sec -- end
[35m[Xcode][39m 
[35m[Xcode][39m 2019-10-18 11:07:12.363 xcodebuild[9480:983105] Error Domain=NSCocoaErrorDomain Code=260 "The file ‚ÄúWebDriverAgentRunner-Runner.app‚Äù couldn‚Äôt be opened because there is no such file." UserInfo={NSFilePath=/Users/sureshvpatil/Library/Developer/Xcode/DerivedData/WebDriverAgent-ftzxtktydrajofedblbewsaonltf/Build/Products/Debug-iphoneos/WebDriverAgentRunner-Runner.app, NSUnderlyingError=0x7f8f8113f820 {Error Domain=NSPOSIXErrorDomain Code=2 "No such file or directory"}}
[35m[Xcode][39m 
[35m[Xcode][39m 
[35m[Xcode][39m Testing failed:
[35m[Xcode][39m 
[35m[Xcode][39m 	An empty identity is not valid when signing a binary for the product type 'UI Testing Bundle'. (in target 'WebDriverAgentRunner')
[35m[Xcode][39m 	WebDriverAgentRunner:
[35m[Xcode][39m 		WebDriverAgentRunner-Runner.app encountered an error (Failed to install or launch the test runner. (Underlying error: The file ‚ÄúWebDriverAgentRunner-Runner.app‚Äù couldn‚Äôt be opened because there is no such file. The file doesn‚Äôt exist. (Underlying error: The operation couldn‚Äôt be completed. No such file or directory)))
[35m[Xcode][39m 
[35m[Xcode][39m Test session results and logs:
[35m[Xcode][39m 	/Users/sureshvpatil/Library/Developer/Xcode/DerivedData/WebDriverAgent-ftzxtktydrajofedblbewsaonltf/Logs/Test/Test-WebDriverAgentRunner-2019.10.18_11-07-11-+0530.xcresult
[35m[Xcode][39m 
[35m[Xcode][39m ** TEST EXECUTE FAILED **
[35m[Xcode][39m 
[35m[Xcode][39m 
[35m[Xcode][39m Testing started on 'Xs black'
[35m[Xcode][39m 
[35m[XCUITest][39m xcodebuild exited with code '65' and signal 'null'
[35m[Xcode][39m 2019-10-18 11:07:13.967 xcodebuild[9488:983239] Error writing xctestrun file: Error Domain=NSCocoaErrorDomain Code=4 "The folder ‚ÄúWebDriverAgentRunner_iphoneos12.4-arm64e.xctestrun‚Äù doesn‚Äôt exist." UserInfo={NSFilePath=/Users/sureshvpatil/Library/Developer/Xcode/DerivedData/WebDriverAgent-ftzxtktydrajofedblbewsaonltf/Build/Products/WebDriverAgentRunner_iphoneos12.4-arm64e.xctestrun, NSUserStringVariant=Folder, NSUnderlyingError=0x7ffa39c394e0 {Error Domain=NSPOSIXErrorDomain Code=2 "No such file or directory"}}
[35m[Xcode][39m 
[35m[Xcode][39m 2019-10-18 11:07:13.967 xcodebuild[9488:983239] Error writing xctestrun file: Error Domain=NSCocoaErrorDomain Code=4 "The folder ‚ÄúWebDriverAgentRunner_iphoneos12.4-arm64e.xctestrun‚Äù doesn‚Äôt exist." UserInfo={NSFilePath=/Users/sureshvpatil/Library/Developer/Xcode/DerivedData/WebDriverAgent-ftzxtktydrajofedblbewsaonltf/Build/Products/WebDriverAgentRunner_iphoneos12.4-arm64e.xctestrun, NSUserStringVariant=Folder, NSUnderlyingError=0x7ffa39a6d0a0 {Error Domain=NSPOSIXErrorDomain Code=2 "No such file or directory"}}
[35m[Xcode][39m 
[35m[Xcode][39m ** TEST BUILD FAILED **
[35m[Xcode][39m 
[35m[Xcode][39m 
[35m[Xcode][39m 2019-10-18 11:07:13.976 xcodebuild[9488:983273]  IDETestOperationsObserverDebug: Writing diagnostic log for test session to:
[35m[Xcode][39m /Users/sureshvpatil/Library/Developer/Xcode/DerivedData/WebDriverAgent-ftzxtktydrajofedblbewsaonltf/Logs/Test/Test-WebDriverAgentRunner-2019.10.18_11-07-13-+0530.xcresult/2_Test/Diagnostics/WebDriverAgentRunner-9039194F-1E2E-438C-A5BA-548F2CA344D9/WebDriverAgentRunner-E79D4C00-3E86-48A0-8B24-7F75B0D9B3F6/Session-WebDriverAgentRunner-2019-10-18_110713-3GeJyB.log
[35m[Xcode][39m 
[35m[Xcode][39m 2019-10-18 11:07:13.976 xcodebuild[9488:983237] [MT] IDETestOperationsObserverDebug: (2E135A5B-92A2-4360-B2B8-99584FC86BAE) Beginning test session WebDriverAgentRunner-2E135A5B-92A2-4360-B2B8-99584FC86BAE at 2019-10-18 11:07:13.976 with Xcode 10G8 on target üì±<DVTiOSDevice (0x7ffa3a05a7d0), Xs black, iPhone, 12.3.1 (16F203), 00008020-001E14A622FA002E> {
[35m[Xcode][39m 		deviceSerialNumber:         G6TXQ76KKPH4
[35m[Xcode][39m 		identifier:                 00008020-001E14A622FA002E
[35m[Xcode][39m 		deviceClass:                iPhone
[35m[Xcode][39m 		deviceName:                 Xs black
[35m[Xcode][39m 		deviceIdentifier:           00008020-001E14A622FA002E
[35m[Xcode][39m 		productVersion:             12.3.1
[35m[Xcode][39m 		buildVersion:               16F203
[35m[Xcode][39m 		deviceSoftwareVersion:      12.3.1 (16F203)
[35m[Xcode][39m 		deviceArchitecture:         arm64e
[35m[Xcode][39m 		deviceTotalCapacity:        251353055232
[35m[Xcode][39m 		deviceAvailableCapacity:    245746102272
[35m[Xcode][39m 		deviceIsTransient:          NO
[35m[Xcode][39m 		ignored:                    NO
[35m[Xcode][39m 		deviceIsBusy:               NO
[35m[Xcode][39m 		deviceIsPaired:             YES
[35m[Xcode][39m 		deviceIsActivated:          YES
[35m[Xcode][39m 		deviceActivationState:      Activated
[35m[Xcode][39m 		isPasscodeLocked:           NO
[35m[Xcode][39m 		deviceType:                 <DVTDeviceType:0x7ffa37f9e050 Xcode.DeviceType.iPhone>
[35m[Xcode][39m 		supportedDeviceFamilies:    (
[35m[Xcode][39m     1
[35m[Xcode][39m )
[35m[Xcode][39m 		applications:              (null)
[35m[Xcode][39m 		provisioningProfiles:      (null)
[35m[Xcode][39m 		hasInternalSupport:        NO
[35m[Xcode][39m 		isSupportedOS:             YES
[35m[Xcode][39m 		developerDiskMountError:   (null)
[35m[Xcode][39m (null)
[35m[Xcode][39m 	bootArgs:                  (null)
[35m[Xcode][39m 		nextBootArgs:              (null)
[35m[Xcode][39m 		connected:                 yes
[35m[Xcode][39m 		isWirelessEnabled:         no
[35m[Xcode][39m 		connectionType:            direct
[35m[Xcode][39m 		hostname:                  Xs-black.local.
[35m[Xcode][39m 		bonjourServiceName:        90:e1:7b:80:91:85@fe80::92e1:7bff:fe80:9185._apple-mobdev2._tcp.local.
[35m[Xcode][39m 		} (12.3.1 (16F203))
[35m[Xcode][39m 
[35m[Xcode][39m 2019-10-18 11:07:14.342 xcodebuild[9488:983237] [MT] IDETestOperationsObserverDebug: (2E135A5B-92A2-4360-B2B8-99584FC86BAE) Finished requesting crash reports. Continuing with testing.
[35m[Xcode][39m 
[35m[Xcode][39m 
[35m[Xcode][39m 
[35m[Xcode][39m *** If you believe this error represents a bug, please attach the result bundle at /Users/sureshvpatil/Library/Developer/Xcode/DerivedData/WebDriverAgent-ftzxtktydrajofedblbewsaonltf/Logs/Test/Test-WebDriverAgentRunner-2019.10.18_11-07-13-+0530.xcresult
[35m[Xcode][39m 
[35m[Xcode][39m 
[35m[Xcode][39m 2019-10-18 11:07:14.352 xcodebuild[9488:983237] [MT] IDETestOperationsObserverDebug: 0.379 elapsed -- Testing started completed.
[35m[Xcode][39m 
[35m[Xcode][39m 2019-10-18 11:07:14.352 xcodebuild[9488:983237] [MT] IDETestOperationsObserverDebug: 0.000 sec, +0.000 sec -- start
[35m[Xcode][39m 2019-10-18 11:07:14.352 xcodebuild[9488:983237] [MT] IDETestOperationsObserverDebug: 0.379 sec, +0.379 sec -- end
[35m[Xcode][39m 
[35m[Xcode][39m 2019-10-18 11:07:14.352 xcodebuild[9488:983237] Error Domain=NSCocoaErrorDomain Code=260 "The file ‚ÄúWebDriverAgentRunner-Runner.app‚Äù couldn‚Äôt be opened because there is no such file." UserInfo={NSFilePath=/Users/sureshvpatil/Library/Developer/Xcode/DerivedData/WebDriverAgent-ftzxtktydrajofedblbewsaonltf/Build/Products/Debug-iphoneos/WebDriverAgentRunner-Runner.app, NSUnderlyingError=0x7ffa37b540e0 {Error Domain=NSPOSIXErrorDomain Code=2 "No such file or directory"}}
[35m[Xcode][39m 
[35m[Xcode][39m 
[35m[Xcode][39m Testing failed:
[35m[Xcode][39m 
[35m[Xcode][39m 	An empty identity is not valid when signing a binary for the product type 'UI Testing Bundle'. (in target 'WebDriverAgentRunner')
[35m[Xcode][39m 	WebDriverAgentRunner:
[35m[Xcode][39m 		WebDriverAgentRunner-Runner.app encountered an error (Failed to install or launch the test runner. (Underlying error: The file ‚ÄúWebDriverAgentRunner-Runner.app‚Äù couldn‚Äôt be opened because there is no such file. The file doesn‚Äôt exist. (Underlying error: The operation couldn‚Äôt be completed. No such file or directory)))
[35m[Xcode][39m 
[35m[Xcode][39m Test session results and logs:
[35m[Xcode][39m 	/Users/sureshvpatil/Library/Developer/Xcode/DerivedData/WebDriverAgent-ftzxtktydrajofedblbewsaonltf/Logs/Test/Test-WebDriverAgentRunner-2019.10.18_11-07-13-+0530.xcresult
[35m[Xcode][39m 
[35m[Xcode][39m ** TEST EXECUTE FAILED **
[35m[Xcode][39m 
[35m[Xcode][39m 
[35m[Xcode][39m Testing started on 'Xs black'
[35m[Xcode][39m 
[35m[XCUITest][39m xcodebuild exited with code '65' and signal 'null'
[35m[XCUITest][39m Error: Unable to launch WebDriverAgent because of xcodebuild failure: xcodebuild failed with code 65
[35m[XCUITest][39m xcodebuild error message:
[35m[XCUITest][39m 
[35m[XCUITest][39m 2019-10-18 11:07:13.967 xcodebuild[9488:983239] Error writing xctestrun file: Error Domain=NSCocoaErrorDomain Code=4 "The folder ‚ÄúWebDriverAgentRunner_iphoneos12.4-arm64e.xctestrun‚Äù doesn‚Äôt exist." UserInfo={NSFilePath=/Users/sureshvpatil/Library/Developer/Xcode/DerivedData/WebDriverAgent-ftzxtktydrajofedblbewsaonltf/Build/Products/WebDriverAgentRunner_iphoneos12.4-arm64e.xctestrun, NSUserStringVariant=Folder, NSUnderlyingError=0x7ffa39c394e0 {Error Domain=NSPOSIXErrorDomain Code=2 "No such file or directory"}}
[35m[XCUITest][39m 2019-10-18 11:07:13.967 xcodebuild[9488:983239] Error writing xctestrun file: Error Domain=NSCocoaErrorDomain Code=4 "The folder ‚ÄúWebDriverAgentRunner_iphoneos12.4-arm64e.xctestrun‚Äù doesn‚Äôt exist." UserInfo={NSFilePath=/Users/sureshvpatil/Library/Developer/Xcode/DerivedData/WebDriverAgent-ftzxtktydrajofedblbewsaonltf/Build/Products/WebDriverAgentRunner_iphoneos12.4-arm64e.xctestrun, NSUserStringVariant=Folder, NSUnderlyingError=0x7ffa39a6d0a0 {Error Domain=NSPOSIXErrorDomain Code=2 "No such file or directory"}}
[35m[XCUITest][39m ** TEST BUILD FAILED **
[35m[XCUITest][39m 2019-10-18 11:07:13.976 xcodebuild[9488:983273]  IDETestOperationsObserverDebug: Writing diagnostic log for test session to:
[35m[XCUITest][39m /Users/sureshvpatil/Library/Developer/Xcode/DerivedData/WebDriverAgent-ftzxtktydrajofedblbewsaonltf/Logs/Test/Test-WebDriverAgentRunner-2019.10.18_11-07-13-+0530.xcresult/2_Test/Diagnostics/WebDriverAgentRunner-9039194F-1E2E-438C-A5BA-548F2CA344D9/WebDriverAgentRunner-E79D4C00-3E86-48A0-8B24-7F75B0D9B3F6/Session-WebDriverAgentRunner-2019-10-18_110713-3GeJyB.log
[35m[XCUITest][39m 2019-10-18 11:07:13.976 xcodebuild[9488:983237] [MT] IDETestOperationsObserverDebug: (2E135A5B-92A2-4360-B2B8-99584FC86BAE) Beginning test session WebDriverAgentRunner-2E135A5B-92A2-4360-B2B8-99584FC86BAE at 2019-10-18 11:07:13.976 with Xcode 10G8 on target üì±<DVTiOSDevice (0x7ffa3a05a7d0), Xs black, iPhone, 12.3.1 (16F203), 00008020-001E14A622FA002E> {
[35m[XCUITest][39m 		deviceSerialNumber:         G6TXQ76KKPH4
[35m[XCUITest][39m 		identifier:                 00008020-001E14A622FA002E
[35m[XCUITest][39m 		deviceClass:                iPhone
[35m[XCUITest][39m 		deviceName:                 Xs black
[35m[XCUITest][39m 		deviceIdentifier:           00008020-001E14A622FA002E
[35m[XCUITest][39m 		productVersion:             12.3.1
[35m[XCUITest][39m 		buildVersion:               16F203
[35m[XCUITest][39m 		deviceSoftwareVersion:      12.3.1 (16F203)
[35m[XCUITest][39m 		deviceArchitecture:         arm64e
[35m[XCUITest][39m 		deviceTotalCapacity:        251353055232
[35m[XCUITest][39m 		deviceAvailableCapacity:    245746102272
[35m[XCUITest][39m 		deviceIsTransient:          NO
[35m[XCUITest][39m 		ignored:                    NO
[35m[XCUITest][39m 		deviceIsBusy:               NO
[35m[XCUITest][39m 		deviceIsPaired:             YES
[35m[XCUITest][39m 		deviceIsActivated:          YES
[35m[XCUITest][39m 		deviceActivationState:      Activated
[35m[XCUITest][39m 		isPasscodeLocked:           NO
[35m[XCUITest][39m 		deviceType:                 <DVTDeviceType:0x7ffa37f9e050 Xcode.DeviceType.iPhone>
[35m[XCUITest][39m 		supportedDeviceFamilies:    (
[35m[XCUITest][39m     1
[35m[XCUITest][39m )
[35m[XCUITest][39m 		applications:              (null)
[35m[XCUITest][39m 		provisioningProfiles:      (null)
[35m[XCUITest][39m 		hasInternalSupport:        NO
[35m[XCUITest][39m 		isSupportedOS:             YES
[35m[XCUITest][39m 		developerDiskMountError:   (null)
[35m[XCUITest][39m (null)
[35m[XCUITest][39m 	bootArgs:                  (null)
[35m[XCUITest][39m 		nextBootArgs:              (null)
[35m[XCUITest][39m 		connected:                 yes
[35m[XCUITest][39m 		isWirelessEnabled:         no
[35m[XCUITest][39m 		connectionType:            direct
[35m[XCUITest][39m 		hostname:                  Xs-black.local.
[35m[XCUITest][39m 		bonjourServiceName:        90:e1:7b:80:91:85@fe80::92e1:7bff:fe80:9185._apple-mobdev2._tcp.local.
[35m[XCUITest][39m 		} (12.3.1 (16F203))
[35m[XCUITest][39m 2019-10-18 11:07:14.342 xcodebuild[9488:983237] [MT] IDETestOperationsObserverDebug: (2E135A5B-92A2-4360-B2B8-99584FC86BAE) Finished requesting crash reports. Continuing with testing.
[35m[XCUITest][39m *** If you believe this error represents a bug, please attach the result bundle at /Users/sureshvpatil/Library/Developer/Xcode/DerivedData/WebDriverAgent-ftzxtktydrajofedblbewsaonltf/Logs/Test/Test-WebDriverAgentRunner-2019.10.18_11-07-13-+0530.xcresult
[35m[XCUITest][39m 2019-10-18 11:07:14.352 xcodebuild[9488:983237] [MT] IDETestOperationsObserverDebug: 0.379 elapsed -- Testing started completed.
[35m[XCUITest][39m 2019-10-18 11:07:14.352 xcodebuild[9488:983237] [MT] IDETestOperationsObserverDebug: 0.000 sec, +0.000 sec -- start
[35m[XCUITest][39m 2019-10-18 11:07:14.352 xcodebuild[9488:983237] [MT] IDETestOperationsObserverDebug: 0.379 sec, +0.379 sec -- end
[35m[XCUITest][39m 2019-10-18 11:07:14.352 xcodebuild[9488:983237] Error Domain=NSCocoaErrorDomain Code=260 "The file ‚ÄúWebDriverAgentRunner-Runner.app‚Äù couldn‚Äôt be opened because there is no such file." UserInfo={NSFilePath=/Users/sureshvpatil/Library/Developer/Xcode/DerivedData/WebDriverAgent-ftzxtktydrajofedblbewsaonltf/Build/Products/Debug-iphoneos/WebDriverAgentRunner-Runner.app, NSUnderlyingError=0x7ffa37b540e0 {Error Domain=NSPOSIXErrorDomain Code=2 "No such file or directory"}}
[35m[XCUITest][39m Testing failed:
[35m[XCUITest][39m 	An empty identity is not valid when signing a binary for the product type 'UI Testing Bundle'. (in target 'WebDriverAgentRunner')
[35m[XCUITest][39m 	WebDriverAgentRunner:
[35m[XCUITest][39m 		WebDriverAgentRunner-Runner.app encountered an error (Failed to install or launch the test runner. (Underlying error: The file ‚ÄúWebDriverAgentRunner-Runner.app‚Äù couldn‚Äôt be opened because there is no such file. The file doesn‚Äôt exist. (Underlying error: The operation couldn‚Äôt be completed. No such file or directory)))
[35m[XCUITest][39m Test session results and logs:
[35m[XCUITest][39m 	/Users/sureshvpatil/Library/Developer/Xcode/DerivedData/WebDriverAgent-ftzxtktydrajofedblbewsaonltf/Logs/Test/Test-WebDriverAgentRunner-2019.10.18_11-07-13-+0530.xcresult
[35m[XCUITest][39m ** TEST EXECUTE FAILED **
[35m[XCUITest][39m Testing started on 'Xs black'. Make sure you follow the tutorial at https://github.com/appium/appium-xcuitest-driver/blob/master/docs/real-device-config.md. Try to remove the WebDriverAgentRunner application from the device if it is installed and reboot the device.
[35m[XCUITest][39m     at quitAndUninstall (/Users/sureshvpatil/Downloads/Lilly_Framework/node_modules/appium/node_modules/appium-xcuitest-driver/lib/driver.js:501:15)
[35m[Xcode][39m 2019-10-18 11:09:38.821 xcodebuild[9552:988496] Error writing xctestrun file: Error Domain=NSCocoaErrorDomain Code=4 "The folder ‚ÄúWebDriverAgentRunner_iphoneos12.4-arm64e.xctestrun‚Äù doesn‚Äôt exist." UserInfo={NSFilePath=/Users/sureshvpatil/Library/Developer/Xcode/DerivedData/WebDriverAgent-ftzxtktydrajofedblbewsaonltf/Build/Products/WebDriverAgentRunner_iphoneos12.4-arm64e.xctestrun, NSUserStringVariant=Folder, NSUnderlyingError=0x7fcdd6c91630 {Error Domain=NSPOSIXErrorDomain Code=2 "No such file or directory"}}
[35m[Xcode][39m 
[35m[Xcode][39m 2019-10-18 11:09:38.821 xcodebuild[9552:988496] Error writing xctestrun file: Error Domain=NSCocoaErrorDomain Code=4 "The folder ‚ÄúWebDriverAgentRunner_iphoneos12.4-arm64e.xctestrun‚Äù doesn‚Äôt exist." UserInfo={NSFilePath=/Users/sureshvpatil/Library/Developer/Xcode/DerivedData/WebDriverAgent-ftzxtktydrajofedblbewsaonltf/Build/Products/WebDriverAgentRunner_iphoneos12.4-arm64e.xctestrun, NSUserStringVariant=Folder, NSUnderlyingError=0x7fcdd712a8f0 {Error Domain=NSPOSIXErrorDomain Code=2 "No such file or directory"}}
[35m[Xcode][39m 
[35m[Xcode][39m ** TEST BUILD FAILED **
[35m[Xcode][39m 
[35m[Xcode][39m 
[35m[Xcode][39m 2019-10-18 11:09:38.830 xcodebuild[9552:988557]  IDETestOperationsObserverDebug: Writing diagnostic log for test session to:
[35m[Xcode][39m /Users/sureshvpatil/Library/Developer/Xcode/DerivedData/WebDriverAgent-ftzxtktydrajofedblbewsaonltf/Logs/Test/Test-WebDriverAgentRunner-2019.10.18_11-09-38-+0530.xcresult/2_Test/Diagnostics/WebDriverAgentRunner-DF06D150-0FD7-400A-8C5B-CD1C19FD2585/WebDriverAgentRunner-DFB8213D-0954-49C9-91BC-51CA40DFF395/Session-WebDriverAgentRunner-2019-10-18_110938-3TvMUK.log
[35m[Xcode][39m 
[35m[Xcode][39m 2019-10-18 11:09:38.831 xcodebuild[9552:988476] [MT] IDETestOperationsObserverDebug: (A6B043F8-6E0B-44BE-AB37-69971E2F9EB9) Beginning test session WebDriverAgentRunner-A6B043F8-6E0B-44BE-AB37-69971E2F9EB9 at 2019-10-18 11:09:38.831 with Xcode 10G8 on target üì±<DVTiOSDevice (0x7fcdd7209570), Xs black, iPhone, 12.3.1 (16F203), 00008020-001E14A622FA002E> {
[35m[Xcode][39m 		deviceSerialNumber:         G6TXQ76KKPH4
[35m[Xcode][39m 		identifier:                 00008020-001E14A622FA002E
[35m[Xcode][39m 		deviceClass:                iPhone
[35m[Xcode][39m 		deviceName:                 Xs black
[35m[Xcode][39m 		deviceIdentifier:           00008020-001E14A622FA002E
[35m[Xcode][39m 		productVersion:             12.3.1
[35m[Xcode][39m 		buildVersion:               16F203
[35m[Xcode][39m 		deviceSoftwareVersion:      12.3.1 (16F203)
[35m[Xcode][39m 		deviceArchitecture:         arm64e
[35m[Xcode][39m 		deviceTotalCapacity:        251353055232
[35m[Xcode][39m 		deviceAvailableCapacity:    245747773440
[35m[Xcode][39m 		deviceIsTransient:          NO
[35m[Xcode][39m 		ignored:                    NO
[35m[Xcode][39m 		deviceIsBusy:               NO
[35m[Xcode][39m 		deviceIsPaired:             YES
[35m[Xcode][39m 		deviceIsActivated:          YES
[35m[Xcode][39m 		deviceActivationState:      Activated
[35m[Xcode][39m 		isPasscodeLocked:           NO
[35m[Xcode][39m 		deviceType:                 <DVTDeviceType:0x7fcdd4729700 Xcode.DeviceType.iPhone>
[35m[Xcode][39m 		supportedDeviceFamilies:    (
[35m[Xcode][39m     1
[35m[Xcode][39m )
[35m[Xcode][39m 		applications:              (null)
[35m[Xcode][39m 		provisioningProfiles:      (null)
[35m[Xcode][39m 		hasInternalSupport:        NO
[35m[Xcode][39m 		isSupportedOS:             YES
[35m[Xcode][39m 		developerDiskMountError:   (null)
[35m[Xcode][39m (null)
[35m[Xcode][39m 	bootArgs:                  (null)
[35m[Xcode][39m 		nextBootArgs:              (null)
[35m[Xcode][39m 		connected:                 yes
[35m[Xcode][39m 		isWirelessEnabled:         no
[35m[Xcode][39m 		connectionType:            direct
[35m[Xcode][39m 		hostname:                  Xs-black.local.
[35m[Xcode][39m 		bonjourServiceName:        90:e1:7b:80:91:85@fe80::92e1:7bff:fe80:9185._apple-mobdev2._tcp.local.
[35m[Xcode][39m 		} (12.3.1 (16F203))
[35m[Xcode][39m 
[35m[Xcode][39m 2019-10-18 11:09:38.905 xcodebuild[9552:988476] [MT] IDETestOperationsObserverDebug: (A6B043F8-6E0B-44BE-AB37-69971E2F9EB9) Finished requesting crash reports. Continuing with testing.
[35m[Xcode][39m 
[35m[Xcode][39m 
[35m[Xcode][39m 
[35m[Xcode][39m *** If you believe this error represents a bug, please attach the result bundle at /Users/sureshvpatil/Library/Developer/Xcode/DerivedData/WebDriverAgent-ftzxtktydrajofedblbewsaonltf/Logs/Test/Test-WebDriverAgentRunner-2019.10.18_11-09-38-+0530.xcresult
[35m[Xcode][39m 
[35m[Xcode][39m 
[35m[Xcode][39m 2019-10-18 11:09:38.914 xcodebuild[9552:988476] [MT] IDETestOperationsObserverDebug: 0.087 elapsed -- Testing started completed.
[35m[Xcode][39m 2019-10-18 11:09:38.914 xcodebuild[9552:988476] [MT] IDETestOperationsObserverDebug: 0.000 sec, +0.000 sec -- start
[35m[Xcode][39m 
[35m[Xcode][39m 2019-10-18 11:09:38.914 xcodebuild[9552:988476] [MT] IDETestOperationsObserverDebug: 0.087 sec, +0.087 sec -- end
[35m[Xcode][39m 
[35m[Xcode][39m 2019-10-18 11:09:38.915 xcodebuild[9552:988476] Error Domain=NSCocoaErrorDomain Code=260 "The file ‚ÄúWebDriverAgentRunner-Runner.app‚Äù couldn‚Äôt be opened because there is no such file." UserInfo={NSFilePath=/Users/sureshvpatil/Library/Developer/Xcode/DerivedData/WebDriverAgent-ftzxtktydrajofedblbewsaonltf/Build/Products/Debug-iphoneos/WebDriverAgentRunner-Runner.app, NSUnderlyingError=0x7fcdd7132610 {Error Domain=NSPOSIXErrorDomain Code=2 "No such file or directory"}}
[35m[Xcode][39m 
[35m[Xcode][39m 
[35m[Xcode][39m Testing failed:
[35m[Xcode][39m 
[35m[Xcode][39m 	An empty identity is not valid when signing a binary for the product type 'UI Testing Bundle'. (in target 'WebDriverAgentRunner')
[35m[Xcode][39m 	WebDriverAgentRunner:
[35m[Xcode][39m 		WebDriverAgentRunner-Runner.app encountered an error (Failed to install or launch the test runner. (Underlying error: The file ‚ÄúWebDriverAgentRunner-Runner.app‚Äù couldn‚Äôt be opened because there is no such file. The file doesn‚Äôt exist. (Underlying error: The operation couldn‚Äôt be completed. No such file or directory)))
[35m[Xcode][39m 
[35m[Xcode][39m Test session results and logs:
[35m[Xcode][39m 	/Users/sureshvpatil/Library/Developer/Xcode/DerivedData/WebDriverAgent-ftzxtktydrajofedblbewsaonltf/Logs/Test/Test-WebDriverAgentRunner-2019.10.18_11-09-38-+0530.xcresult
[35m[Xcode][39m 
[35m[Xcode][39m ** TEST EXECUTE FAILED **
[35m[Xcode][39m 
[35m[Xcode][39m 
[35m[Xcode][39m Testing started on 'Xs black'
[35m[Xcode][39m 
[35m[XCUITest][39m xcodebuild exited with code '65' and signal 'null'
[35m[Xcode][39m 2019-10-18 11:09:40.225 xcodebuild[9560:988606] Error writing xctestrun file: Error Domain=NSCocoaErrorDomain Code=4 "The folder ‚ÄúWebDriverAgentRunner_iphoneos12.4-arm64e.xctestrun‚Äù doesn‚Äôt exist." UserInfo={NSFilePath=/Users/sureshvpatil/Library/Developer/Xcode/DerivedData/WebDriverAgent-ftzxtktydrajofedblbewsaonltf/Build/Products/WebDriverAgentRunner_iphoneos12.4-arm64e.xctestrun, NSUserStringVariant=Folder, NSUnderlyingError=0x7fc5d21e4340 {Error Domain=NSPOSIXErrorDomain Code=2 "No such file or directory"}}
[35m[Xcode][39m 
[35m[Xcode][39m 2019-10-18 11:09:40.225 xcodebuild[9560:988606] Error writing xctestrun file: Error Domain=NSCocoaErrorDomain Code=4 "The folder ‚ÄúWebDriverAgentRunner_iphoneos12.4-arm64e.xctestrun‚Äù doesn‚Äôt exist." UserInfo={NSFilePath=/Users/sureshvpatil/Library/Developer/Xcode/DerivedData/WebDriverAgent-ftzxtktydrajofedblbewsaonltf/Build/Products/WebDriverAgentRunner_iphoneos12.4-arm64e.xctestrun, NSUserStringVariant=Folder, NSUnderlyingError=0x7fc5d198c410 {Error Domain=NSPOSIXErrorDomain Code=2 "No such file or directory"}}
[35m[Xcode][39m ** TEST BUILD FAILED **
[35m[Xcode][39m 
[35m[Xcode][39m 
[35m[Xcode][39m 2019-10-18 11:09:40.234 xcodebuild[9560:988677]  IDETestOperationsObserverDebug: Writing diagnostic log for test session to:
[35m[Xcode][39m /Users/sureshvpatil/Library/Developer/Xcode/DerivedData/WebDriverAgent-ftzxtktydrajofedblbewsaonltf/Logs/Test/Test-WebDriverAgentRunner-2019.10.18_11-09-40-+0530.xcresult/2_Test/Diagnostics/WebDriverAgentRunner-A11F492E-AE3C-4577-9167-E0B7057163E0/WebDriverAgentRunner-31ADDEB3-B379-4E92-A3B7-2EC6BB1C78B3/Session-WebDriverAgentRunner-2019-10-18_110940-5Qr7cr.log
[35m[Xcode][39m 
[35m[Xcode][39m 2019-10-18 11:09:40.235 xcodebuild[9560:988604] [MT] IDETestOperationsObserverDebug: (0CD955FA-9507-4459-AFD6-FEA75D4F98A3) Beginning test session WebDriverAgentRunner-0CD955FA-9507-4459-AFD6-FEA75D4F98A3 at 2019-10-18 11:09:40.235 with Xcode 10G8 on target üì±<DVTiOSDevice (0x7fc5d1c23b60), Xs black, iPhone, 12.3.1 (16F203), 00008020-001E14A622FA002E> {
[35m[Xcode][39m 		deviceSerialNumber:         G6TXQ76KKPH4
[35m[Xcode][39m 		identifier:                 00008020-001E14A622FA002E
[35m[Xcode][39m 		deviceClass:                iPhone
[35m[Xcode][39m 		deviceName:                 Xs black
[35m[Xcode][39m 		deviceIdentifier:           00008020-001E14A622FA002E
[35m[Xcode][39m 		productVersion:             12.3.1
[35m[Xcode][39m 		buildVersion:               16F203
[35m[Xcode][39m 		deviceSoftwareVersion:      12.3.1 (16F203)
[35m[Xcode][39m 		deviceArchitecture:         arm64e
[35m[Xcode][39m 		deviceTotalCapacity:        251353055232
[35m[Xcode][39m 		deviceAvailableCapacity:    245747773440
[35m[Xcode][39m 		deviceIsTransient:          NO
[35m[Xcode][39m 		ignored:                    NO
[35m[Xcode][39m 		deviceIsBusy:               NO
[35m[Xcode][39m 		deviceIsPaired:             YES
[35m[Xcode][39m 		deviceIsActivated:          YES
[35m[Xcode][39m 		deviceActivationState:      Activated
[35m[Xcode][39m 		isPasscodeLocked:           NO
[35m[Xcode][39m 		deviceType:                 <DVTDeviceType:0x7fc5cdcc9c50 Xcode.DeviceType.iPhone>
[35m[Xcode][39m 		supportedDeviceFamilies:    (
[35m[Xcode][39m     1
[35m[Xcode][39m )
[35m[Xcode][39m 		applications:              (null)
[35m[Xcode][39m 		provisioningProfiles:      (null)
[35m[Xcode][39m 		hasInternalSupport:        NO
[35m[Xcode][39m 		isSupportedOS:             YES
[35m[Xcode][39m 		developerDiskMountError:   (null)
[35m[Xcode][39m (null)
[35m[Xcode][39m 	bootArgs:                  (null)
[35m[Xcode][39m 		nextBootArgs:              (null)
[35m[Xcode][39m 		connected:                 yes
[35m[Xcode][39m 		isWirelessEnabled:         no
[35m[Xcode][39m 		connectionType:            direct
[35m[Xcode][39m 		hostname:                  Xs-black.local.
[35m[Xcode][39m 		bonjourServiceName:        90:e1:7b:80:91:85@fe80::92e1:7bff:fe80:9185._apple-mobdev2._tcp.local.
[35m[Xcode][39m 		} (12.3.1 (16F203))
[35m[Xcode][39m 
[35m[Xcode][39m 2019-10-18 11:09:40.306 xcodebuild[9560:988604] [MT] IDETestOperationsObserverDebug: (0CD955FA-9507-4459-AFD6-FEA75D4F98A3) Finished requesting crash reports. Continuing with testing.
[35m[Xcode][39m 
[35m[Xcode][39m 
[35m[Xcode][39m 
[35m[Xcode][39m *** If you believe this error represents a bug, please attach the result bundle at /Users/sureshvpatil/Library/Developer/Xcode/DerivedData/WebDriverAgent-ftzxtktydrajofedblbewsaonltf/Logs/Test/Test-WebDriverAgentRunner-2019.10.18_11-09-40-+0530.xcresult
[35m[Xcode][39m 
[35m[Xcode][39m 
[35m[Xcode][39m 2019-10-18 11:09:40.316 xcodebuild[9560:988604] [MT] IDETestOperationsObserverDebug: 0.084 elapsed -- Testing started completed.
[35m[Xcode][39m 2019-10-18 11:09:40.316 xcodebuild[9560:988604] [MT] IDETestOperationsObserverDebug: 0.000 sec, +0.000 sec -- start
[35m[Xcode][39m 2019-10-18 11:09:40.316 xcodebuild[9560:988604] [MT] IDETestOperationsObserverDebug: 0.084 sec, +0.084 sec -- end
[35m[Xcode][39m 
[35m[Xcode][39m 2019-10-18 11:09:40.316 xcodebuild[9560:988604] Error Domain=NSCocoaErrorDomain Code=260 "The file ‚ÄúWebDriverAgentRunner-Runner.app‚Äù couldn‚Äôt be opened because there is no such file." UserInfo={NSFilePath=/Users/sureshvpatil/Library/Developer/Xcode/DerivedData/WebDriverAgent-ftzxtktydrajofedblbewsaonltf/Build/Products/Debug-iphoneos/WebDriverAgentRunner-Runner.app, NSUnderlyingError=0x7fc5d1c3b8c0 {Error Domain=NSPOSIXErrorDomain Code=2 "No such file or directory"}}
[35m[Xcode][39m 
[35m[Xcode][39m 
[35m[Xcode][39m Testing failed:
[35m[Xcode][39m 
[35m[Xcode][39m 	An empty identity is not valid when signing a binary for the product type 'UI Testing Bundle'. (in target 'WebDriverAgentRunner')
[35m[Xcode][39m 	WebDriverAgentRunner:
[35m[Xcode][39m 		WebDriverAgentRunner-Runner.app encountered an error (Failed to install or launch the test runner. (Underlying error: The file ‚ÄúWebDriverAgentRunner-Runner.app‚Äù couldn‚Äôt be opened because there is no such file. The file doesn‚Äôt exist. (Underlying error: The operation couldn‚Äôt be completed. No such file or directory)))
[35m[Xcode][39m 
[35m[Xcode][39m Test session results and logs:
[35m[Xcode][39m 	/Users/sureshvpatil/Library/Developer/Xcode/DerivedData/WebDriverAgent-ftzxtktydrajofedblbewsaonltf/Logs/Test/Test-WebDriverAgentRunner-2019.10.18_11-09-40-+0530.xcresult
[35m[Xcode][39m 
[35m[Xcode][39m ** TEST EXECUTE FAILED **
[35m[Xcode][39m 
[35m[Xcode][39m 
[35m[Xcode][39m Testing started on 'Xs black'
[35m[Xcode][39m 
[35m[XCUITest][39m xcodebuild exited with code '65' and signal 'null'
[35m[XCUITest][39m Error: Unable to launch WebDriverAgent because of xcodebuild failure: xcodebuild failed with code 65
[35m[XCUITest][39m xcodebuild error message:
[35m[XCUITest][39m 
[35m[XCUITest][39m 2019-10-18 11:09:40.225 xcodebuild[9560:988606] Error writing xctestrun file: Error Domain=NSCocoaErrorDomain Code=4 "The folder ‚ÄúWebDriverAgentRunner_iphoneos12.4-arm64e.xctestrun‚Äù doesn‚Äôt exist." UserInfo={NSFilePath=/Users/sureshvpatil/Library/Developer/Xcode/DerivedData/WebDriverAgent-ftzxtktydrajofedblbewsaonltf/Build/Products/WebDriverAgentRunner_iphoneos12.4-arm64e.xctestrun, NSUserStringVariant=Folder, NSUnderlyingError=0x7fc5d21e4340 {Error Domain=NSPOSIXErrorDomain Code=2 "No such file or directory"}}
[35m[XCUITest][39m 2019-10-18 11:09:40.225 xcodebuild[9560:988606] Error writing xctestrun file: Error Domain=NSCocoaErrorDomain Code=4 "The folder ‚ÄúWebDriverAgentRunner_iphoneos12.4-arm64e.xctestrun‚Äù doesn‚Äôt exist." UserInfo={NSFilePath=/Users/sureshvpatil/Library/Developer/Xcode/DerivedData/WebDriverAgent-ftzxtktydrajofedblbewsaonltf/Build/Products/WebDriverAgentRunner_iphoneos12.4-arm64e.xctestrun, NSUserStringVariant=Folder, NSUnderlyingError=0x7fc5d198c410 {Error Domain=NSPOSIXErrorDomain Code=2 "No such file or directory"}}
[35m[XCUITest][39m ** TEST BUILD FAILED **
[35m[XCUITest][39m 2019-10-18 11:09:40.234 xcodebuild[9560:988677]  IDETestOperationsObserverDebug: Writing diagnostic log for test session to:
[35m[XCUITest][39m /Users/sureshvpatil/Library/Developer/Xcode/DerivedData/WebDriverAgent-ftzxtktydrajofedblbewsaonltf/Logs/Test/Test-WebDriverAgentRunner-2019.10.18_11-09-40-+0530.xcresult/2_Test/Diagnostics/WebDriverAgentRunner-A11F492E-AE3C-4577-9167-E0B7057163E0/WebDriverAgentRunner-31ADDEB3-B379-4E92-A3B7-2EC6BB1C78B3/Session-WebDriverAgentRunner-2019-10-18_110940-5Qr7cr.log
[35m[XCUITest][39m 2019-10-18 11:09:40.235 xcodebuild[9560:988604] [MT] IDETestOperationsObserverDebug: (0CD955FA-9507-4459-AFD6-FEA75D4F98A3) Beginning test session WebDriverAgentRunner-0CD955FA-9507-4459-AFD6-FEA75D4F98A3 at 2019-10-18 11:09:40.235 with Xcode 10G8 on target üì±<DVTiOSDevice (0x7fc5d1c23b60), Xs black, iPhone, 12.3.1 (16F203), 00008020-001E14A622FA002E> {
[35m[XCUITest][39m 		deviceSerialNumber:         G6TXQ76KKPH4
[35m[XCUITest][39m 		identifier:                 00008020-001E14A622FA002E
[35m[XCUITest][39m 		deviceClass:                iPhone
[35m[XCUITest][39m 		deviceName:                 Xs black
[35m[XCUITest][39m 		deviceIdentifier:           00008020-001E14A622FA002E
[35m[XCUITest][39m 		productVersion:             12.3.1
[35m[XCUITest][39m 		buildVersion:               16F203
[35m[XCUITest][39m 		deviceSoftwareVersion:      12.3.1 (16F203)
[35m[XCUITest][39m 		deviceArchitecture:         arm64e
[35m[XCUITest][39m 		deviceTotalCapacity:        251353055232
[35m[XCUITest][39m 		deviceAvailableCapacity:    245747773440
[35m[XCUITest][39m 		deviceIsTransient:          NO
[35m[XCUITest][39m 		ignored:                    NO
[35m[XCUITest][39m 		deviceIsBusy:               NO
[35m[XCUITest][39m 		deviceIsPaired:             YES
[35m[XCUITest][39m 		deviceIsActivated:          YES
[35m[XCUITest][39m 		deviceActivationState:      Activated
[35m[XCUITest][39m 		isPasscodeLocked:           NO
[35m[XCUITest][39m 		deviceType:                 <DVTDeviceType:0x7fc5cdcc9c50 Xcode.DeviceType.iPhone>
[35m[XCUITest][39m 		supportedDeviceFamilies:    (
[35m[XCUITest][39m     1
[35m[XCUITest][39m )
[35m[XCUITest][39m 		applications:              (null)
[35m[XCUITest][39m 		provisioningProfiles:      (null)
[35m[XCUITest][39m 		hasInternalSupport:        NO
[35m[XCUITest][39m 		isSupportedOS:             YES
[35m[XCUITest][39m 		developerDiskMountError:   (null)
[35m[XCUITest][39m (null)
[35m[XCUITest][39m 	bootArgs:                  (null)
[35m[XCUITest][39m 		nextBootArgs:              (null)
[35m[XCUITest][39m 		connected:                 yes
[35m[XCUITest][39m 		isWirelessEnabled:         no
[35m[XCUITest][39m 		connectionType:            direct
[35m[XCUITest][39m 		hostname:                  Xs-black.local.
[35m[XCUITest][39m 		bonjourServiceName:        90:e1:7b:80:91:85@fe80::92e1:7bff:fe80:9185._apple-mobdev2._tcp.local.
[35m[XCUITest][39m 		} (12.3.1 (16F203))
[35m[XCUITest][39m 2019-10-18 11:09:40.306 xcodebuild[9560:988604] [MT] IDETestOperationsObserverDebug: (0CD955FA-9507-4459-AFD6-FEA75D4F98A3) Finished requesting crash reports. Continuing with testing.
[35m[XCUITest][39m *** If you believe this error represents a bug, please attach the result bundle at /Users/sureshvpatil/Library/Developer/Xcode/DerivedData/WebDriverAgent-ftzxtktydrajofedblbewsaonltf/Logs/Test/Test-WebDriverAgentRunner-2019.10.18_11-09-40-+0530.xcresult
[35m[XCUITest][39m 2019-10-18 11:09:40.316 xcodebuild[9560:988604] [MT] IDETestOperationsObserverDebug: 0.084 elapsed -- Testing started completed.
[35m[XCUITest][39m 2019-10-18 11:09:40.316 xcodebuild[9560:988604] [MT] IDETestOperationsObserverDebug: 0.000 sec, +0.000 sec -- start
[35m[XCUITest][39m 2019-10-18 11:09:40.316 xcodebuild[9560:988604] [MT] IDETestOperationsObserverDebug: 0.084 sec, +0.084 sec -- end
[35m[XCUITest][39m 2019-10-18 11:09:40.316 xcodebuild[9560:988604] Error Domain=NSCocoaErrorDomain Code=260 "The file ‚ÄúWebDriverAgentRunner-Runner.app‚Äù couldn‚Äôt be opened because there is no such file." UserInfo={NSFilePath=/Users/sureshvpatil/Library/Developer/Xcode/DerivedData/WebDriverAgent-ftzxtktydrajofedblbewsaonltf/Build/Products/Debug-iphoneos/WebDriverAgentRunner-Runner.app, NSUnderlyingError=0x7fc5d1c3b8c0 {Error Domain=NSPOSIXErrorDomain Code=2 "No such file or directory"}}
[35m[XCUITest][39m Testing failed:
[35m[XCUITest][39m 	An empty identity is not valid when signing a binary for the product type 'UI Testing Bundle'. (in target 'WebDriverAgentRunner')
[35m[XCUITest][39m 	WebDriverAgentRunner:
[35m[XCUITest][39m 		WebDriverAgentRunner-Runner.app encountered an error (Failed to install or launch the test runner. (Underlying error: The file ‚ÄúWebDriverAgentRunner-Runner.app‚Äù couldn‚Äôt be opened because there is no such file. The file doesn‚Äôt exist. (Underlying error: The operation couldn‚Äôt be completed. No such file or directory)))
[35m[XCUITest][39m Test session results and logs:
[35m[XCUITest][39m 	/Users/sureshvpatil/Library/Developer/Xcode/DerivedData/WebDriverAgent-ftzxtktydrajofedblbewsaonltf/Logs/Test/Test-WebDriverAgentRunner-2019.10.18_11-09-40-+0530.xcresult
[35m[XCUITest][39m ** TEST EXECUTE FAILED **
[35m[XCUITest][39m Testing started on 'Xs black'. Make sure you follow the tutorial at https://github.com/appium/appium-xcuitest-driver/blob/master/docs/real-device-config.md. Try to remove the WebDriverAgentRunner application from the device if it is installed and reboot the device.
[35m[XCUITest][39m     at quitAndUninstall (/Users/sureshvpatil/Downloads/Lilly_Framework/node_modules/appium/node_modules/appium-xcuitest-driver/lib/driver.js:501:15)
[35m[Xcode][39m 2019-10-18 11:12:28.025 xcodebuild[9629:993934] Error writing xctestrun file: Error Domain=NSCocoaErrorDomain Code=4 "The folder ‚ÄúWebDriverAgentRunner_iphoneos12.4-arm64e.xctestrun‚Äù doesn‚Äôt exist." UserInfo={NSFilePath=/Users/sureshvpatil/Library/Developer/Xcode/DerivedData/WebDriverAgent-ftzxtktydrajofedblbewsaonltf/Build/Products/WebDriverAgentRunner_iphoneos12.4-arm64e.xctestrun, NSUserStringVariant=Folder, NSUnderlyingError=0x7fc34ac47a10 {Error Domain=NSPOSIXErrorDomain Code=2 "No such file or directory"}}
[35m[Xcode][39m 
[35m[Xcode][39m 2019-10-18 11:12:28.025 xcodebuild[9629:993934] Error writing xctestrun file: Error Domain=NSCocoaErrorDomain Code=4 "The folder ‚ÄúWebDriverAgentRunner_iphoneos12.4-arm64e.xctestrun‚Äù doesn‚Äôt exist." UserInfo={NSFilePath=/Users/sureshvpatil/Library/Developer/Xcode/DerivedData/WebDriverAgent-ftzxtktydrajofedblbewsaonltf/Build/Products/WebDriverAgentRunner_iphoneos12.4-arm64e.xctestrun, NSUserStringVariant=Folder, NSUnderlyingError=0x7fc346cf2e80 {Error Domain=NSPOSIXErrorDomain Code=2 "No such file or directory"}}
[35m[Xcode][39m 
[35m[Xcode][39m ** TEST BUILD FAILED **
[35m[Xcode][39m 
[35m[Xcode][39m 
[35m[Xcode][39m 2019-10-18 11:12:28.034 xcodebuild[9629:993939]  IDETestOperationsObserverDebug: Writing diagnostic log for test session to:
[35m[Xcode][39m /Users/sureshvpatil/Library/Developer/Xcode/DerivedData/WebDriverAgent-ftzxtktydrajofedblbewsaonltf/Logs/Test/Test-WebDriverAgentRunner-2019.10.18_11-12-27-+0530.xcresult/2_Test/Diagnostics/WebDriverAgentRunner-287C8954-EA51-4B13-BA4D-4021375D9E6A/WebDriverAgentRunner-2C43843B-A490-424D-B6E9-5D3F0031520D/Session-WebDriverAgentRunner-2019-10-18_111228-LdgyGy.log
[35m[Xcode][39m 
[35m[Xcode][39m 2019-10-18 11:12:28.034 xcodebuild[9629:993932] [MT] IDETestOperationsObserverDebug: (FD9E09E8-C902-4552-B7EC-9F8F0D3F5742) Beginning test session WebDriverAgentRunner-FD9E09E8-C902-4552-B7EC-9F8F0D3F5742 at 2019-10-18 11:12:28.035 with Xcode 10G8 on target üì±<DVTiOSDevice (0x7fc34ad63f90), Xs black, iPhone, 12.3.1 (16F203), 00008020-001E14A622FA002E> {
[35m[Xcode][39m 		deviceSerialNumber:         G6TXQ76KKPH4
[35m[Xcode][39m 		identifier:                 00008020-001E14A622FA002E
[35m[Xcode][39m 		deviceClass:                iPhone
[35m[Xcode][39m 		deviceName:                 Xs black
[35m[Xcode][39m 		deviceIdentifier:           00008020-001E14A622FA002E
[35m[Xcode][39m 		productVersion:             12.3.1
[35m[Xcode][39m 		buildVersion:               16F203
[35m[Xcode][39m 		deviceSoftwareVersion:      12.3.1 (16F203)
[35m[Xcode][39m 		deviceArchitecture:         arm64e
[35m[Xcode][39m 		deviceTotalCapacity:        251353055232
[35m[Xcode][39m 		deviceAvailableCapacity:    245849812992
[35m[Xcode][39m 		deviceIsTransient:          NO
[35m[Xcode][39m 		ignored:                    NO
[35m[Xcode][39m 		deviceIsBusy:               NO
[35m[Xcode][39m 		deviceIsPaired:             YES
[35m[Xcode][39m 		deviceIsActivated:          YES
[35m[Xcode][39m 		deviceActivationState:      Activated
[35m[Xcode][39m 		isPasscodeLocked:           NO
[35m[Xcode][39m 		deviceType:                 <DVTDeviceType:0x7fc34a9be1b0 Xcode.DeviceType.iPhone>
[35m[Xcode][39m 		supportedDeviceFamilies:    (
[35m[Xcode][39m     1
[35m[Xcode][39m )
[35m[Xcode][39m 		applications:              (null)
[35m[Xcode][39m 		provisioningProfiles:      (null)
[35m[Xcode][39m 		hasInternalSupport:        NO
[35m[Xcode][39m 		isSupportedOS:             YES
[35m[Xcode][39m 		developerDiskMountError:   (null)
[35m[Xcode][39m (null)
[35m[Xcode][39m 	bootArgs:                  (null)
[35m[Xcode][39m 		nextBootArgs:              (null)
[35m[Xcode][39m 		connected:                 yes
[35m[Xcode][39m 		isWirelessEnabled:         no
[35m[Xcode][39m 		connectionType:            direct
[35m[Xcode][39m 		hostname:                  Xs-black.local.
[35m[Xcode][39m 		bonjourServiceName:        90:e1:7b:80:91:85@fe80::92e1:7bff:fe80:9185._apple-mobdev2._tcp.local.
[35m[Xcode][39m 		} (12.3.1 (16F203))
[35m[Xcode][39m 
[35m[Xcode][39m 2019-10-18 11:12:28.395 xcodebuild[9629:993932] [MT] IDETestOperationsObserverDebug: (FD9E09E8-C902-4552-B7EC-9F8F0D3F5742) Finished requesting crash reports. Continuing with testing.
[35m[Xcode][39m 
[35m[Xcode][39m 
[35m[Xcode][39m 
[35m[Xcode][39m *** If you believe this error represents a bug, please attach the result bundle at /Users/sureshvpatil/Library/Developer/Xcode/DerivedData/WebDriverAgent-ftzxtktydrajofedblbewsaonltf/Logs/Test/Test-WebDriverAgentRunner-2019.10.18_11-12-27-+0530.xcresult
[35m[Xcode][39m 
[35m[Xcode][39m 
[35m[Xcode][39m 2019-10-18 11:12:28.404 xcodebuild[9629:993932] [MT] IDETestOperationsObserverDebug: 0.373 elapsed -- Testing started completed.
[35m[Xcode][39m 
[35m[Xcode][39m 2019-10-18 11:12:28.404 xcodebuild[9629:993932] [MT] IDETestOperationsObserverDebug: 0.000 sec, +0.000 sec -- start
[35m[Xcode][39m 2019-10-18 11:12:28.404 xcodebuild[9629:993932] [MT] IDETestOperationsObserverDebug: 0.373 sec, +0.373 sec -- end
[35m[Xcode][39m 
[35m[Xcode][39m 2019-10-18 11:12:28.405 xcodebuild[9629:993932] Error Domain=NSCocoaErrorDomain Code=260 "The file ‚ÄúWebDriverAgentRunner-Runner.app‚Äù couldn‚Äôt be opened because there is no such file." UserInfo={NSFilePath=/Users/sureshvpatil/Library/Developer/Xcode/DerivedData/WebDriverAgent-ftzxtktydrajofedblbewsaonltf/Build/Products/Debug-iphoneos/WebDriverAgentRunner-Runner.app, NSUnderlyingError=0x7fc3478c8c20 {Error Domain=NSPOSIXErrorDomain Code=2 "No such file or directory"}}
[35m[Xcode][39m 
[35m[Xcode][39m 
[35m[Xcode][39m Testing failed:
[35m[Xcode][39m 
[35m[Xcode][39m 	An empty identity is not valid when signing a binary for the product type 'UI Testing Bundle'. (in target 'WebDriverAgentRunner')
[35m[Xcode][39m 	WebDriverAgentRunner:
[35m[Xcode][39m 		WebDriverAgentRunner-Runner.app encountered an error (Failed to install or launch the test runner. (Underlying error: The file ‚ÄúWebDriverAgentRunner-Runner.app‚Äù couldn‚Äôt be opened because there is no such file. The file doesn‚Äôt exist. (Underlying error: The operation couldn‚Äôt be completed. No such file or directory)))
[35m[Xcode][39m 
[35m[Xcode][39m Test session results and logs:
[35m[Xcode][39m 	/Users/sureshvpatil/Library/Developer/Xcode/DerivedData/WebDriverAgent-ftzxtktydrajofedblbewsaonltf/Logs/Test/Test-WebDriverAgentRunner-2019.10.18_11-12-27-+0530.xcresult
[35m[Xcode][39m 
[35m[Xcode][39m ** TEST EXECUTE FAILED **
[35m[Xcode][39m 
[35m[Xcode][39m 
[35m[Xcode][39m Testing started on 'Xs black'
[35m[Xcode][39m 
[35m[XCUITest][39m xcodebuild exited with code '65' and signal 'null'
[35m[Xcode][39m 2019-10-18 11:12:29.963 xcodebuild[9637:994130] Error writing xctestrun file: Error Domain=NSCocoaErrorDomain Code=4 "The folder ‚ÄúWebDriverAgentRunner_iphoneos12.4-arm64e.xctestrun‚Äù doesn‚Äôt exist." UserInfo={NSFilePath=/Users/sureshvpatil/Library/Developer/Xcode/DerivedData/WebDriverAgent-ftzxtktydrajofedblbewsaonltf/Build/Products/WebDriverAgentRunner_iphoneos12.4-arm64e.xctestrun, NSUserStringVariant=Folder, NSUnderlyingError=0x7fc527f00310 {Error Domain=NSPOSIXErrorDomain Code=2 "No such file or directory"}}
[35m[Xcode][39m 
[35m[Xcode][39m 2019-10-18 11:12:29.964 xcodebuild[9637:994130] Error writing xctestrun file: Error Domain=NSCocoaErrorDomain Code=4 "The folder ‚ÄúWebDriverAgentRunner_iphoneos12.4-arm64e.xctestrun‚Äù doesn‚Äôt exist." UserInfo={NSFilePath=/Users/sureshvpatil/Library/Developer/Xcode/DerivedData/WebDriverAgent-ftzxtktydrajofedblbewsaonltf/Build/Products/WebDriverAgentRunner_iphoneos12.4-arm64e.xctestrun, NSUserStringVariant=Folder, NSUnderlyingError=0x7fc527d2fdf0 {Error Domain=NSPOSIXErrorDomain Code=2 "No such file or directory"}}
[35m[Xcode][39m 
[35m[Xcode][39m ** TEST BUILD FAILED **
[35m[Xcode][39m 
[35m[Xcode][39m 
[35m[Xcode][39m 2019-10-18 11:12:29.972 xcodebuild[9637:994145]  IDETestOperationsObserverDebug: Writing diagnostic log for test session to:
[35m[Xcode][39m /Users/sureshvpatil/Library/Developer/Xcode/DerivedData/WebDriverAgent-ftzxtktydrajofedblbewsaonltf/Logs/Test/Test-WebDriverAgentRunner-2019.10.18_11-12-29-+0530.xcresult/2_Test/Diagnostics/WebDriverAgentRunner-599169FA-0F3A-4E29-A5CD-D90EC3C61129/WebDriverAgentRunner-B2872614-18D4-41DF-A7F5-E686E861F27F/Session-WebDriverAgentRunner-2019-10-18_111229-oU6EZK.log
[35m[Xcode][39m 
[35m[Xcode][39m 2019-10-18 11:12:29.973 xcodebuild[9637:994124] [MT] IDETestOperationsObserverDebug: (2CDE8ADE-5544-4191-ADB1-9B918A1E7697) Beginning test session WebDriverAgentRunner-2CDE8ADE-5544-4191-ADB1-9B918A1E7697 at 2019-10-18 11:12:29.973 with Xcode 10G8 on target üì±<DVTiOSDevice (0x7fc528300670), Xs black, iPhone, 12.3.1 (16F203), 00008020-001E14A622FA002E> {
[35m[Xcode][39m 		deviceSerialNumber:         G6TXQ76KKPH4
[35m[Xcode][39m 		identifier:                 00008020-001E14A622FA002E
[35m[Xcode][39m 		deviceClass:                iPhone
[35m[Xcode][39m 		deviceName:                 Xs black
[35m[Xcode][39m 		deviceIdentifier:           00008020-001E14A622FA002E
[35m[Xcode][39m 		productVersion:             12.3.1
[35m[Xcode][39m 		buildVersion:               16F203
[35m[Xcode][39m 		deviceSoftwareVersion:      12.3.1 (16F203)
[35m[Xcode][39m 		deviceArchitecture:         arm64e
[35m[Xcode][39m 		deviceTotalCapacity:        251353055232
[35m[Xcode][39m 		deviceAvailableCapacity:    245849812992
[35m[Xcode][39m 		deviceIsTransient:          NO
[35m[Xcode][39m 		ignored:                    NO
[35m[Xcode][39m 		deviceIsBusy:               NO
[35m[Xcode][39m 		deviceIsPaired:             YES
[35m[Xcode][39m 		deviceIsActivated:          YES
[35m[Xcode][39m 		deviceActivationState:      Activated
[35m[Xcode][39m 		isPasscodeLocked:           NO
[35m[Xcode][39m 		deviceType:                 <DVTDeviceType:0x7fc525cc1cf0 Xcode.DeviceType.iPhone>
[35m[Xcode][39m 		supportedDeviceFamilies:    (
[35m[Xcode][39m     1
[35m[Xcode][39m )
[35m[Xcode][39m 		applications:              (null)
[35m[Xcode][39m 		provisioningProfiles:      (null)
[35m[Xcode][39m 		hasInternalSupport:        NO
[35m[Xcode][39m 		isSupportedOS:             YES
[35m[Xcode][39m 		developerDiskMountError:   (null)
[35m[Xcode][39m (null)
[35m[Xcode][39m 	bootArgs:                  (null)
[35m[Xcode][39m 		nextBootArgs:              (null)
[35m[Xcode][39m 		connected:                 yes
[35m[Xcode][39m 		isWirelessEnabled:         no
[35m[Xcode][39m 		connectionType:            direct
[35m[Xcode][39m 		hostname:                  Xs-black.local.
[35m[Xcode][39m 		bonjourServiceName:        90:e1:7b:80:91:85@fe80::92e1:7bff:fe80:9185._apple-mobdev2._tcp.local.
[35m[Xcode][39m 		} (12.3.1 (16F203))
[35m[Xcode][39m 
[35m[Xcode][39m 2019-10-18 11:12:30.271 xcodebuild[9637:994124] [MT] IDETestOperationsObserverDebug: (2CDE8ADE-5544-4191-ADB1-9B918A1E7697) Finished requesting crash reports. Continuing with testing.
[35m[Xcode][39m 
[35m[Xcode][39m 
[35m[Xcode][39m 
[35m[Xcode][39m *** If you believe this error represents a bug, please attach the result bundle at /Users/sureshvpatil/Library/Developer/Xcode/DerivedData/WebDriverAgent-ftzxtktydrajofedblbewsaonltf/Logs/Test/Test-WebDriverAgentRunner-2019.10.18_11-12-29-+0530.xcresult
[35m[Xcode][39m 
[35m[Xcode][39m 
[35m[Xcode][39m 2019-10-18 11:12:30.283 xcodebuild[9637:994124] [MT] IDETestOperationsObserverDebug: 0.313 elapsed -- Testing started completed.
[35m[Xcode][39m 2019-10-18 11:12:30.283 xcodebuild[9637:994124] [MT] IDETestOperationsObserverDebug: 0.000 sec, +0.000 sec -- start
[35m[Xcode][39m 2019-10-18 11:12:30.283 xcodebuild[9637:994124] [MT] IDETestOperationsObserverDebug: 0.313 sec, +0.313 sec -- end
[35m[Xcode][39m 
[35m[Xcode][39m 2019-10-18 11:12:30.283 xcodebuild[9637:994124] Error Domain=NSCocoaErrorDomain Code=260 "The file ‚ÄúWebDriverAgentRunner-Runner.app‚Äù couldn‚Äôt be opened because there is no such file." UserInfo={NSFilePath=/Users/sureshvpatil/Library/Developer/Xcode/DerivedData/WebDriverAgent-ftzxtktydrajofedblbewsaonltf/Build/Products/Debug-iphoneos/WebDriverAgentRunner-Runner.app, NSUnderlyingError=0x7fc525cea090 {Error Domain=NSPOSIXErrorDomain Code=2 "No such file or directory"}}
[35m[Xcode][39m 
[35m[Xcode][39m 
[35m[Xcode][39m Testing failed:
[35m[Xcode][39m 
[35m[Xcode][39m 	An empty identity is not valid when signing a binary for the product type 'UI Testing Bundle'. (in target 'WebDriverAgentRunner')
[35m[Xcode][39m 	WebDriverAgentRunner:
[35m[Xcode][39m 		WebDriverAgentRunner-Runner.app encountered an error (Failed to install or launch the test runner. (Underlying error: The file ‚ÄúWebDriverAgentRunner-Runner.app‚Äù couldn‚Äôt be opened because there is no such file. The file doesn‚Äôt exist. (Underlying error: The operation couldn‚Äôt be completed. No such file or directory)))
[35m[Xcode][39m 
[35m[Xcode][39m Test session results and logs:
[35m[Xcode][39m 	/Users/sureshvpatil/Library/Developer/Xcode/DerivedData/WebDriverAgent-ftzxtktydrajofedblbewsaonltf/Logs/Test/Test-WebDriverAgentRunner-2019.10.18_11-12-29-+0530.xcresult
[35m[Xcode][39m 
[35m[Xcode][39m ** TEST EXECUTE FAILED **
[35m[Xcode][39m 
[35m[Xcode][39m 
[35m[Xcode][39m Testing started on 'Xs black'
[35m[Xcode][39m 
[35m[XCUITest][39m xcodebuild exited with code '65' and signal 'null'
[35m[XCUITest][39m Error: Unable to launch WebDriverAgent because of xcodebuild failure: xcodebuild failed with code 65
[35m[XCUITest][39m xcodebuild error message:
[35m[XCUITest][39m 
[35m[XCUITest][39m 2019-10-18 11:12:29.963 xcodebuild[9637:994130] Error writing xctestrun file: Error Domain=NSCocoaErrorDomain Code=4 "The folder ‚ÄúWebDriverAgentRunner_iphoneos12.4-arm64e.xctestrun‚Äù doesn‚Äôt exist." UserInfo={NSFilePath=/Users/sureshvpatil/Library/Developer/Xcode/DerivedData/WebDriverAgent-ftzxtktydrajofedblbewsaonltf/Build/Products/WebDriverAgentRunner_iphoneos12.4-arm64e.xctestrun, NSUserStringVariant=Folder, NSUnderlyingError=0x7fc527f00310 {Error Domain=NSPOSIXErrorDomain Code=2 "No such file or directory"}}
[35m[XCUITest][39m 2019-10-18 11:12:29.964 xcodebuild[9637:994130] Error writing xctestrun file: Error Domain=NSCocoaErrorDomain Code=4 "The folder ‚ÄúWebDriverAgentRunner_iphoneos12.4-arm64e.xctestrun‚Äù doesn‚Äôt exist." UserInfo={NSFilePath=/Users/sureshvpatil/Library/Developer/Xcode/DerivedData/WebDriverAgent-ftzxtktydrajofedblbewsaonltf/Build/Products/WebDriverAgentRunner_iphoneos12.4-arm64e.xctestrun, NSUserStringVariant=Folder, NSUnderlyingError=0x7fc527d2fdf0 {Error Domain=NSPOSIXErrorDomain Code=2 "No such file or directory"}}
[35m[XCUITest][39m ** TEST BUILD FAILED **
[35m[XCUITest][39m 2019-10-18 11:12:29.972 xcodebuild[9637:994145]  IDETestOperationsObserverDebug: Writing diagnostic log for test session to:
[35m[XCUITest][39m /Users/sureshvpatil/Library/Developer/Xcode/DerivedData/WebDriverAgent-ftzxtktydrajofedblbewsaonltf/Logs/Test/Test-WebDriverAgentRunner-2019.10.18_11-12-29-+0530.xcresult/2_Test/Diagnostics/WebDriverAgentRunner-599169FA-0F3A-4E29-A5CD-D90EC3C61129/WebDriverAgentRunner-B2872614-18D4-41DF-A7F5-E686E861F27F/Session-WebDriverAgentRunner-2019-10-18_111229-oU6EZK.log
[35m[XCUITest][39m 2019-10-18 11:12:29.973 xcodebuild[9637:994124] [MT] IDETestOperationsObserverDebug: (2CDE8ADE-5544-4191-ADB1-9B918A1E7697) Beginning test session WebDriverAgentRunner-2CDE8ADE-5544-4191-ADB1-9B918A1E7697 at 2019-10-18 11:12:29.973 with Xcode 10G8 on target üì±<DVTiOSDevice (0x7fc528300670), Xs black, iPhone, 12.3.1 (16F203), 00008020-001E14A622FA002E> {
[35m[XCUITest][39m 		deviceSerialNumber:         G6TXQ76KKPH4
[35m[XCUITest][39m 		identifier:                 00008020-001E14A622FA002E
[35m[XCUITest][39m 		deviceClass:                iPhone
[35m[XCUITest][39m 		deviceName:                 Xs black
[35m[XCUITest][39m 		deviceIdentifier:           00008020-001E14A622FA002E
[35m[XCUITest][39m 		productVersion:             12.3.1
[35m[XCUITest][39m 		buildVersion:               16F203
[35m[XCUITest][39m 		deviceSoftwareVersion:      12.3.1 (16F203)
[35m[XCUITest][39m 		deviceArchitecture:         arm64e
[35m[XCUITest][39m 		deviceTotalCapacity:        251353055232
[35m[XCUITest][39m 		deviceAvailableCapacity:    245849812992
[35m[XCUITest][39m 		deviceIsTransient:          NO
[35m[XCUITest][39m 		ignored:                    NO
[35m[XCUITest][39m 		deviceIsBusy:               NO
[35m[XCUITest][39m 		deviceIsPaired:             YES
[35m[XCUITest][39m 		deviceIsActivated:          YES
[35m[XCUITest][39m 		deviceActivationState:      Activated
[35m[XCUITest][39m 		isPasscodeLocked:           NO
[35m[XCUITest][39m 		deviceType:                 <DVTDeviceType:0x7fc525cc1cf0 Xcode.DeviceType.iPhone>
[35m[XCUITest][39m 		supportedDeviceFamilies:    (
[35m[XCUITest][39m     1
[35m[XCUITest][39m )
[35m[XCUITest][39m 		applications:              (null)
[35m[XCUITest][39m 		provisioningProfiles:      (null)
[35m[XCUITest][39m 		hasInternalSupport:        NO
[35m[XCUITest][39m 		isSupportedOS:             YES
[35m[XCUITest][39m 		developerDiskMountError:   (null)
[35m[XCUITest][39m (null)
[35m[XCUITest][39m 	bootArgs:                  (null)
[35m[XCUITest][39m 		nextBootArgs:              (null)
[35m[XCUITest][39m 		connected:                 yes
[35m[XCUITest][39m 		isWirelessEnabled:         no
[35m[XCUITest][39m 		connectionType:            direct
[35m[XCUITest][39m 		hostname:                  Xs-black.local.
[35m[XCUITest][39m 		bonjourServiceName:        90:e1:7b:80:91:85@fe80::92e1:7bff:fe80:9185._apple-mobdev2._tcp.local.
[35m[XCUITest][39m 		} (12.3.1 (16F203))
[35m[XCUITest][39m 2019-10-18 11:12:30.271 xcodebuild[9637:994124] [MT] IDETestOperationsObserverDebug: (2CDE8ADE-5544-4191-ADB1-9B918A1E7697) Finished requesting crash reports. Continuing with testing.
[35m[XCUITest][39m *** If you believe this error represents a bug, please attach the result bundle at /Users/sureshvpatil/Library/Developer/Xcode/DerivedData/WebDriverAgent-ftzxtktydrajofedblbewsaonltf/Logs/Test/Test-WebDriverAgentRunner-2019.10.18_11-12-29-+0530.xcresult
[35m[XCUITest][39m 2019-10-18 11:12:30.283 xcodebuild[9637:994124] [MT] IDETestOperationsObserverDebug: 0.313 elapsed -- Testing started completed.
[35m[XCUITest][39m 2019-10-18 11:12:30.283 xcodebuild[9637:994124] [MT] IDETestOperationsObserverDebug: 0.000 sec, +0.000 sec -- start
[35m[XCUITest][39m 2019-10-18 11:12:30.283 xcodebuild[9637:994124] [MT] IDETestOperationsObserverDebug: 0.313 sec, +0.313 sec -- end
[35m[XCUITest][39m 2019-10-18 11:12:30.283 xcodebuild[9637:994124] Error Domain=NSCocoaErrorDomain Code=260 "The file ‚ÄúWebDriverAgentRunner-Runner.app‚Äù couldn‚Äôt be opened because there is no such file." UserInfo={NSFilePath=/Users/sureshvpatil/Library/Developer/Xcode/DerivedData/WebDriverAgent-ftzxtktydrajofedblbewsaonltf/Build/Products/Debug-iphoneos/WebDriverAgentRunner-Runner.app, NSUnderlyingError=0x7fc525cea090 {Error Domain=NSPOSIXErrorDomain Code=2 "No such file or directory"}}
[35m[XCUITest][39m Testing failed:
[35m[XCUITest][39m 	An empty identity is not valid when signing a binary for the product type 'UI Testing Bundle'. (in target 'WebDriverAgentRunner')
[35m[XCUITest][39m 	WebDriverAgentRunner:
[35m[XCUITest][39m 		WebDriverAgentRunner-Runner.app encountered an error (Failed to install or launch the test runner. (Underlying error: The file ‚ÄúWebDriverAgentRunner-Runner.app‚Äù couldn‚Äôt be opened because there is no such file. The file doesn‚Äôt exist. (Underlying error: The operation couldn‚Äôt be completed. No such file or directory)))
[35m[XCUITest][39m Test session results and logs:
[35m[XCUITest][39m 	/Users/sureshvpatil/Library/Developer/Xcode/DerivedData/WebDriverAgent-ftzxtktydrajofedblbewsaonltf/Logs/Test/Test-WebDriverAgentRunner-2019.10.18_11-12-29-+0530.xcresult
[35m[XCUITest][39m ** TEST EXECUTE FAILED **
[35m[XCUITest][39m Testing started on 'Xs black'. Make sure you follow the tutorial at https://github.com/appium/appium-xcuitest-driver/blob/master/docs/real-device-config.md. Try to remove the WebDriverAgentRunner application from the device if it is installed and reboot the device.
[35m[XCUITest][39m     at quitAndUninstall (/Users/sureshvpatil/Downloads/Lilly_Framework/node_modules/appium/node_modules/appium-xcuitest-driver/lib/driver.js:501:15)
